【登录信息】
*cdce5e32ccc4663b4840e7ec4e8a6cf9*
`登陆天数: 578天 / 1200天
等级: 141
石头: 7
呼符: 0
体力: 56084.71666666667 / 140
友情点: 0 / 2091015`
*連続ログイン4日目
※ログインが途切れるか、7日到達すると
1日目から再開されます*
`聖晶石 X 1
8月交換券(2023) X 1
`*8周年記念特別回数ログインボーナス*
*開催期間中、1日1回 最大10回 回数ログインボーナスをプレゼント！*
`QP X 3000000
星見のティーポット X 10
`_2023-08-01 21:32:15_
--------
*2174d32711b19c31c9b5cedbb8b244e3*
`登陆天数: 404天 / 412天
等级: 58
石头: 0
呼符: 0
体力: 105003.27 / 83
友情点: 0 / 131785`
*連続ログイン5日目
※ログインが途切れるか、7日到達すると
1日目から再開されます*
`叡智の業火 X 2
8月交換券(2023) X 1
`*8周年記念特別回数ログインボーナス*
*開催期間中、1日1回 最大10回 回数ログインボーナスをプレゼント！*
`QP X 3000000
星見のティーポット X 10
`_2023-08-01 21:32:24_
--------
