【登录信息】
*cdce5e32ccc4663b4840e7ec4e8a6cf9*
`登陆天数: 579天 / 1201天
等级: 141
石头: 402
呼符: 29
体力: 56372.73333333333 / 140
友情点: 10 / 2219035`
*連続ログイン5日目
※ログインが途切れるか、7日到達すると
1日目から再開されます*
`叡智の業火 X 2
8月交換券(2023) X 1
`*8周年記念特別回数ログインボーナス*
*開催期間中、1日1回 最大10回 回数ログインボーナスをプレゼント！*
`QP X 3000000
マナプリズム X 100
`_2023-08-02 21:32:21_
--------
*2174d32711b19c31c9b5cedbb8b244e3*
`登陆天数: 405天 / 413天
等级: 58
石头: 0
呼符: 0
体力: 105291.29 / 83
友情点: 20 / 131805`
*連続ログイン6日目
※ログインが途切れるか、7日到達すると
1日目から再開されます*
`聖晶石 X 2
8月交換券(2023) X 1
`*8周年記念特別回数ログインボーナス*
*開催期間中、1日1回 最大10回 回数ログインボーナスをプレゼント！*
`QP X 3000000
マナプリズム X 100
`_2023-08-02 21:32:29_
--------
