【登录信息】
*cdce5e32ccc4663b4840e7ec4e8a6cf9*
`登陆天数: 580天 / 1202天
等级: 141
石头: 402
呼符: 29
体力: 56660.70333333333 / 140
友情点: 0 / 2219035`
*連続ログイン6日目
※ログインが途切れるか、7日到達すると
1日目から再開されます*
`聖晶石 X 2
8月交換券(2023) X 1
`*8周年記念特別回数ログインボーナス*
*開催期間中、1日1回 最大10回 回数ログインボーナスをプレゼント！*
`英霊結晶・星のフォウくん X 10
英霊結晶・太陽のフォウくん X 10
QP X 3000000
`_2023-08-03 21:32:12_
--------
*2174d32711b19c31c9b5cedbb8b244e3*
`登陆天数: 406天 / 414天
等级: 58
石头: 0
呼符: 0
体力: 105579.26 / 83
友情点: 0 / 131805`
*連続ログイン7日間到達おめでとうございます！
明日は1日目からリスタートされます。*
`獣の足跡 X 1
呼符 X 1
8月交換券(2023) X 1
`*8周年記念特別回数ログインボーナス*
*開催期間中、1日1回 最大10回 回数ログインボーナスをプレゼント！*
`英霊結晶・星のフォウくん X 10
英霊結晶・太陽のフォウくん X 10
QP X 3000000
`_2023-08-03 21:32:20_
--------
