【登录信息】
*cdce5e32ccc4663b4840e7ec4e8a6cf9*
`登陆天数: 581天 / 1203天
等级: 141
石头: 402
呼符: 29
体力: 56948.683333333334 / 140
友情点: 0 / 2219035`
*連続ログイン7日間到達おめでとうございます！
明日は1日目からリスタートされます。*
`獣の足跡 X 1
呼符 X 1
8月交換券(2023) X 1
`*8周年記念特別回数ログインボーナス*
*開催期間中、1日1回 最大10回 回数ログインボーナスをプレゼント！*
`英霊結晶・流星のフォウくん X 1
英霊結晶・日輪のフォウくん X 1
QP X 3000000
`_2023-08-04 21:32:06_
--------
*2174d32711b19c31c9b5cedbb8b244e3*
`登陆天数: 407天 / 415天
等级: 58
石头: 0
呼符: 0
体力: 105867.23666666666 / 83
友情点: 30 / 131835`
*連続ログイン1日目
※ログインが途切れるか、7日到達すると
1日目から再開されます*
`フレンドポイント X 2000
8月交換券(2023) X 1
`*8周年記念特別回数ログインボーナス*
*開催期間中、1日1回 最大10回 回数ログインボーナスをプレゼント！*
`英霊結晶・流星のフォウくん X 1
英霊結晶・日輪のフォウくん X 1
QP X 3000000
`_2023-08-04 21:32:14_
--------
