【登录信息】
*cdce5e32ccc4663b4840e7ec4e8a6cf9*
`登陆天数: 582天 / 1204天
等级: 141
石头: 402
呼符: 29
体力: 57236.676666666666 / 140
友情点: 30 / 2219065`
*連続ログイン1日目
※ログインが途切れるか、7日到達すると
1日目から再開されます*
`フレンドポイント X 2000
8月交換券(2023) X 1
`*8周年記念特別回数ログインボーナス*
*開催期間中、1日1回 最大10回 回数ログインボーナスをプレゼント！*
`QP X 3000000
呼符 X 10
`_2023-08-05 21:32:04_
--------
*2174d32711b19c31c9b5cedbb8b244e3*
`登陆天数: 408天 / 416天
等级: 58
石头: 0
呼符: 0
体力: 106155.23333333334 / 83
友情点: 0 / 131835`
*連続ログイン2日目
※ログインが途切れるか、7日到達すると
1日目から再開されます*
`聖晶石 X 1
8月交換券(2023) X 1
`*8周年記念特別回数ログインボーナス*
*開催期間中、1日1回 最大10回 回数ログインボーナスをプレゼント！*
`QP X 3000000
呼符 X 10
`_2023-08-05 21:32:12_
--------
