【登录信息】
*cdce5e32ccc4663b4840e7ec4e8a6cf9*
`登陆天数: 584天 / 1206天
等级: 141
石头: 402
呼符: 32
体力: 318.03666666666663 / 140
友情点: 130 / 2219870`
*連続ログイン3日目
※ログインが途切れるか、7日到達すると
1日目から再開されます*
`叡智の業火 X 1
8月交換券(2023) X 1
`*8周年記念特別回数ログインボーナス*
*開催期間中、1日1回 最大10回 回数ログインボーナスをプレゼント！*
`QP X 3000000
レアプリズム X 1
`_2023-08-07 21:32:06_
--------
*2174d32711b19c31c9b5cedbb8b244e3*
`登陆天数: 410天 / 418天
等级: 58
石头: 0
呼符: 0
体力: 106731.24 / 83
友情点: 0 / 131855`
*連続ログイン4日目
※ログインが途切れるか、7日到達すると
1日目から再開されます*
`聖晶石 X 1
8月交換券(2023) X 1
`*8周年記念特別回数ログインボーナス*
*開催期間中、1日1回 最大10回 回数ログインボーナスをプレゼント！*
`QP X 3000000
レアプリズム X 1
`_2023-08-07 21:32:15_
--------
