【登录信息】
*cdce5e32ccc4663b4840e7ec4e8a6cf9*
`登陆天数: 586天 / 1208天
等级: 141
石头: 402
呼符: 32
体力: 894.09 / 140
友情点: 0 / 2219880`
*連続ログイン5日目
※ログインが途切れるか、7日到達すると
1日目から再開されます*
`叡智の業火 X 2
8月交換券(2023) X 1
`*「マンガで分かる！Fate/Grand Order」4巻発売記念 特別ログインボーナス*
*開催期間中、初回ログインで「限定概念礼装×1」をプレゼント！*
`米の数だけ抱きしめて X 1
`_2023-08-09 21:32:21_
--------
*2174d32711b19c31c9b5cedbb8b244e3*
`登陆天数: 412天 / 420天
等级: 58
石头: 0
呼符: 0
体力: 107307.29333333333 / 83
友情点: 0 / 131855`
*連続ログイン6日目
※ログインが途切れるか、7日到達すると
1日目から再開されます*
`聖晶石 X 2
8月交換券(2023) X 1
`*「マンガで分かる！Fate/Grand Order」4巻発売記念 特別ログインボーナス*
*開催期間中、初回ログインで「限定概念礼装×1」をプレゼント！*
`米の数だけ抱きしめて X 1
`_2023-08-09 21:32:30_
--------
