【登录信息】
*cdce5e32ccc4663b4840e7ec4e8a6cf9*
`登陆天数: 602天 / 1224天
等级: 141
石头: 402
呼符: 32
体力: 5502.043333333333 / 140
友情点: 0 / 2220040`
*連続ログイン7日間到達おめでとうございます！
明日は1日目からリスタートされます。*
`獣の足跡 X 1
呼符 X 1
8月交換券(2023) X 1
`*サーヴァント・サマー・フェスティバル2023！開幕記念 ログインボーナス*
*開催期間中、1日1回 最大21回ログインボーナスをプレゼント！*
`黄金の果実 X 1
`_2023-08-25 21:32:07_
--------
*2174d32711b19c31c9b5cedbb8b244e3*
`登陆天数: 428天 / 436天
等级: 58
石头: 0
呼符: 0
体力: 111915.24666666667 / 83
友情点: 0 / 131875`
*連続ログイン1日目
※ログインが途切れるか、7日到達すると
1日目から再開されます*
`フレンドポイント X 2000
8月交換券(2023) X 1
`*サーヴァント・サマー・フェスティバル2023！開幕記念 ログインボーナス*
*開催期間中、1日1回 最大21回ログインボーナスをプレゼント！*
`黄金の果実 X 1
`_2023-08-25 21:32:16_
--------
