【登录信息】
*cdce5e32ccc4663b4840e7ec4e8a6cf9*
`登陆天数: 603天 / 1225天
等级: 141
石头: 402
呼符: 32
体力: 5790.026666666667 / 140
友情点: 0 / 2220040`
*連続ログイン1日目
※ログインが途切れるか、7日到達すると
1日目から再開されます*
`フレンドポイント X 2000
8月交換券(2023) X 1
`*サーヴァント・サマー・フェスティバル2023！開幕記念 ログインボーナス*
*開催期間中、1日1回 最大21回ログインボーナスをプレゼント！*
`白銀の果実 X 1
`_2023-08-26 21:32:02_
--------
*2174d32711b19c31c9b5cedbb8b244e3*
`登陆天数: 429天 / 437天
等级: 58
石头: 0
呼符: 0
体力: 112203.23 / 83
友情点: 0 / 131875`
*連続ログイン2日目
※ログインが途切れるか、7日到達すると
1日目から再開されます*
`聖晶石 X 1
8月交換券(2023) X 1
`*サーヴァント・サマー・フェスティバル2023！開幕記念 ログインボーナス*
*開催期間中、1日1回 最大21回ログインボーナスをプレゼント！*
`白銀の果実 X 1
`_2023-08-26 21:32:11_
--------
