【登录信息】
*cdce5e32ccc4663b4840e7ec4e8a6cf9*
`登陆天数: 604天 / 1226天
等级: 141
石头: 402
呼符: 32
体力: 6078.026666666667 / 140
友情点: 70 / 2220110`
*連続ログイン2日目
※ログインが途切れるか、7日到達すると
1日目から再開されます*
`聖晶石 X 1
8月交換券(2023) X 1
`*サーヴァント・サマー・フェスティバル2023！開幕記念 ログインボーナス*
*開催期間中、1日1回 最大21回ログインボーナスをプレゼント！*
`白銀の果実 X 1
`_2023-08-27 21:32:01_
--------
*2174d32711b19c31c9b5cedbb8b244e3*
`登陆天数: 430天 / 438天
等级: 58
石头: 0
呼符: 0
体力: 112491.23 / 83
友情点: 60 / 131935`
*連続ログイン3日目
※ログインが途切れるか、7日到達すると
1日目から再開されます*
`叡智の業火 X 1
8月交換券(2023) X 1
`*サーヴァント・サマー・フェスティバル2023！開幕記念 ログインボーナス*
*開催期間中、1日1回 最大21回ログインボーナスをプレゼント！*
`白銀の果実 X 1
`_2023-08-27 21:32:11_
--------
