【登录信息】
*cdce5e32ccc4663b4840e7ec4e8a6cf9*
`登陆天数: 607天 / 1229天
等级: 141
石头: 351
呼符: 26
体力: 6942.036666666667 / 140
友情点: 0 / 2210265`
*連続ログイン5日目
※ログインが途切れるか、7日到達すると
1日目から再開されます*
`叡智の業火 X 2
8月交換券(2023) X 1
`*サーヴァント・サマー・フェスティバル2023！開幕記念 ログインボーナス*
*開催期間中、1日1回 最大21回ログインボーナスをプレゼント！*
`白銀の果実 X 1
`_2023-08-30 21:32:05_
--------
*2174d32711b19c31c9b5cedbb8b244e3*
`登陆天数: 433天 / 441天
等级: 58
石头: 0
呼符: 0
体力: 113355.24 / 83
友情点: 0 / 131985`
*連続ログイン6日目
※ログインが途切れるか、7日到達すると
1日目から再開されます*
`聖晶石 X 2
8月交換券(2023) X 1
`*サーヴァント・サマー・フェスティバル2023！開幕記念 ログインボーナス*
*開催期間中、1日1回 最大21回ログインボーナスをプレゼント！*
`白銀の果実 X 1
`_2023-08-30 21:32:14_
--------
