【登录信息】
*cdce5e32ccc4663b4840e7ec4e8a6cf9*
`登陆天数: 730天 / 1352天
等级: 141
石头: 351
呼符: 26
体力: 42366.043333333335 / 140
友情点: 10 / 2220615`
*連続ログイン2日目
※ログインが途切れるか、7日到達すると
1日目から再開されます*
`聖晶石 X 1
1月交換券(2024) X 1
`*2024年お正月キャンペーン　三が日限定ログインボーナス*
*開催期間中、三が日限定のログインボーナスをプレゼント！*
`叡智の業火 X 30
QP X 10000000
`_2023-12-31 21:32:08_
--------
*2174d32711b19c31c9b5cedbb8b244e3*
`登陆天数: 556天 / 564天
等级: 58
石头: 0
呼符: 0
体力: 148779.24666666667 / 83
友情点: 70 / 138575`
*連続ログイン3日目
※ログインが途切れるか、7日到達すると
1日目から再開されます*
`叡智の業火 X 1
1月交換券(2024) X 1
`*2024年お正月キャンペーン　三が日限定ログインボーナス*
*開催期間中、三が日限定のログインボーナスをプレゼント！*
`叡智の業火 X 30
QP X 10000000
`_2023-12-31 21:32:17_
--------
