【登录信息】
*cdce5e32ccc4663b4840e7ec4e8a6cf9*
`登陆天数: 731天 / 1353天
等级: 141
石头: 351
呼符: 26
体力: 42654.083333333336 / 140
友情点: 60 / 2220675`
*連続ログイン3日目
※ログインが途切れるか、7日到達すると
1日目から再開されます*
`叡智の業火 X 1
1月交換券(2024) X 1
`*2024年お正月キャンペーン　三が日限定ログインボーナス*
*開催期間中、三が日限定のログインボーナスをプレゼント！*
`伝承結晶 X 1
`_2024-01-01 21:32:19_
--------
*2174d32711b19c31c9b5cedbb8b244e3*
`登陆天数: 557天 / 565天
等级: 58
石头: 0
呼符: 0
体力: 149067.28666666665 / 83
友情点: 0 / 138575`
*連続ログイン4日目
※ログインが途切れるか、7日到達すると
1日目から再開されます*
`聖晶石 X 1
1月交換券(2024) X 1
`*2024年お正月キャンペーン　三が日限定ログインボーナス*
*開催期間中、三が日限定のログインボーナスをプレゼント！*
`伝承結晶 X 1
`_2024-01-01 21:32:28_
--------
