【登录信息】
*cdce5e32ccc4663b4840e7ec4e8a6cf9*
`登陆天数: 732天 / 1354天
等级: 141
石头: 351
呼符: 26
体力: 42942.166666666664 / 140
友情点: 80 / 2220755`
*連続ログイン4日目
※ログインが途切れるか、7日到達すると
1日目から再開されます*
`聖晶石 X 1
1月交換券(2024) X 1
`*2024年お正月キャンペーン　三が日限定ログインボーナス*
*開催期間中、三が日限定のログインボーナスをプレゼント！*
`聖杯 X 1
`_2024-01-02 21:32:44_
--------
*2174d32711b19c31c9b5cedbb8b244e3*
`登陆天数: 558天 / 566天
等级: 58
石头: 0
呼符: 0
体力: 149355.37 / 83
友情点: 90 / 138685`
*連続ログイン5日目
※ログインが途切れるか、7日到達すると
1日目から再開されます*
`叡智の業火 X 2
1月交換券(2024) X 1
`*2024年お正月キャンペーン　三が日限定ログインボーナス*
*開催期間中、三が日限定のログインボーナスをプレゼント！*
`聖杯 X 1
`_2024-01-02 21:32:53_
--------
