【登录信息】
*cdce5e32ccc4663b4840e7ec4e8a6cf9*
`登陆天数: 752天 / 1374天
等级: 141
石头: 351
呼符: 26
体力: 48702.07666666667 / 140
友情点: 10 / 2221665`
*連続ログイン3日目
※ログインが途切れるか、7日到達すると
1日目から再開されます*
`叡智の業火 X 1
1月交換券(2024) X 1
`*リリース3100日突破キャンペーン 初回ログインボーナス*
*開催期間中、初回ログインで「聖晶石×10」をプレゼント！*
`聖晶石 X 10
`_2024-01-22 21:32:17_
--------
*2174d32711b19c31c9b5cedbb8b244e3*
`登陆天数: 578天 / 586天
等级: 58
石头: 349
呼符: 17
体力: 155115.27666666667 / 83
友情点: 40 / 169435`
*連続ログイン4日目
※ログインが途切れるか、7日到達すると
1日目から再開されます*
`聖晶石 X 1
1月交換券(2024) X 1
`*リリース3100日突破キャンペーン 初回ログインボーナス*
*開催期間中、初回ログインで「聖晶石×10」をプレゼント！*
`聖晶石 X 10
`_2024-01-22 21:32:26_
--------
