【登录信息】
*cdce5e32ccc4663b4840e7ec4e8a6cf9*
`登陆天数: 756天 / 1378天
等级: 141
石头: 351
呼符: 26
体力: 49854.06333333333 / 140
友情点: 50 / 2221765`
*連続ログイン7日間到達おめでとうございます！
明日は1日目からリスタートされます。*
`獣の足跡 X 1
呼符 X 1
1月交換券(2024) X 1
`*盈月剣風帖開幕記念 ログインボーナス*
*開催期間中、1日1回 最大21回ログインボーナスをプレゼント！*
`白銀の果実 X 1
`_2024-01-26 21:32:13_
--------
*2174d32711b19c31c9b5cedbb8b244e3*
`登陆天数: 582天 / 590天
等级: 58
石头: 349
呼符: 17
体力: 156267.26666666666 / 83
友情点: 50 / 169525`
*連続ログイン1日目
※ログインが途切れるか、7日到達すると
1日目から再開されます*
`フレンドポイント X 2000
1月交換券(2024) X 1
`*盈月剣風帖開幕記念 ログインボーナス*
*開催期間中、1日1回 最大21回ログインボーナスをプレゼント！*
`白銀の果実 X 1
`_2024-01-26 21:32:22_
--------
