【登录信息】
*cdce5e32ccc4663b4840e7ec4e8a6cf9*
`登陆天数: 758天 / 1380天
等级: 141
石头: 351
呼符: 26
体力: 50430.06333333333 / 140
友情点: 110 / 2221945`
*連続ログイン2日目
※ログインが途切れるか、7日到達すると
1日目から再開されます*
`聖晶石 X 1
1月交換券(2024) X 1
`*盈月剣風帖開幕記念 ログインボーナス*
*開催期間中、1日1回 最大21回ログインボーナスをプレゼント！*
`白銀の果実 X 1
`_2024-01-28 21:32:13_
--------
*2174d32711b19c31c9b5cedbb8b244e3*
`登陆天数: 584天 / 592天
等级: 58
石头: 349
呼符: 17
体力: 156843.26666666666 / 83
友情点: 30 / 169665`
*連続ログイン3日目
※ログインが途切れるか、7日到達すると
1日目から再開されます*
`叡智の業火 X 1
1月交換券(2024) X 1
`*盈月剣風帖開幕記念 ログインボーナス*
*開催期間中、1日1回 最大21回ログインボーナスをプレゼント！*
`白銀の果実 X 1
`_2024-01-28 21:32:23_
--------
