【登录信息】
*cdce5e32ccc4663b4840e7ec4e8a6cf9*
`登陆天数: 10天 / 1460天
等级: 141
石头: 238
呼符: 33
体力: 24668.306666666667 / 140
友情点: 0 / 2204245`
*連続ログイン3日目
※ログインが途切れるか、7日到達すると
1日目から再開されます*
`叡智の業火 X 1
8月交換券(2024) X 1
`*使用期限付コンティニューアイテムプレゼント！*
*開催期間中、1日1回 最大7回 コンティニューアイテム「霊脈石」をプレゼント！*
`霊脈石 X 1
`_2024-08-02 21:32:34_
--------
*2174d32711b19c31c9b5cedbb8b244e3*
`登陆天数: 10天 / 669天
等级: 58
石头: 349
呼符: 17
体力: 210699.33333333334 / 83
友情点: 0 / 173185`
*連続ログイン3日目
※ログインが途切れるか、7日到達すると
1日目から再開されます*
`叡智の業火 X 1
8月交換券(2024) X 1
`*使用期限付コンティニューアイテムプレゼント！*
*開催期間中、1日1回 最大7回 コンティニューアイテム「霊脈石」をプレゼント！*
`霊脈石 X 1
`_2024-08-02 21:32:42_
--------
