【登录信息】
*cdce5e32ccc4663b4840e7ec4e8a6cf9*
`登陆天数: 12天 / 1462天
等级: 141
石头: 238
呼符: 33
体力: 25285.466666666667 / 140
友情点: 25 / 2204270`
*連続ログイン5日目
※ログインが途切れるか、7日到達すると
1日目から再開されます*
`叡智の業火 X 2
8月交換券(2024) X 1
`*「FGO Expo ～Fate/Grand Order Fes. 2024 9th Anniversary～」配信番組連動キャンペーン報酬プレゼント*
*開催期間中、初回ログインで「聖晶石×100」をプレゼント！*
`聖晶石 X 100
`_2024-08-05 00:58:21_
--------
*2174d32711b19c31c9b5cedbb8b244e3*
`登陆天数: 12天 / 671天
等级: 58
石头: 349
呼符: 17
体力: 211316.49333333335 / 83
友情点: 0 / 173185`
*連続ログイン5日目
※ログインが途切れるか、7日到達すると
1日目から再開されます*
`叡智の業火 X 2
8月交換券(2024) X 1
`*「FGO Expo ～Fate/Grand Order Fes. 2024 9th Anniversary～」配信番組連動キャンペーン報酬プレゼント*
*開催期間中、初回ログインで「聖晶石×100」をプレゼント！*
`聖晶石 X 100
`_2024-08-05 00:58:31_
--------
