【登录信息】
*cdce5e32ccc4663b4840e7ec4e8a6cf9*
`登陆天数: 13天 / 1463天
等级: 141
石头: 238
呼符: 33
体力: 25532.243333333332 / 140
友情点: 0 / 2204270`
*連続ログイン6日目
※ログインが途切れるか、7日到達すると
1日目から再開されます*
`聖晶石 X 2
8月交換券(2024) X 1
`*9周年記念特別回数ログインボーナス*
*開催期間中、1日1回 最大10回 回数ログインボーナスをプレゼント！*
`QP X 3000000
フレンドポイント X 100000
獣の足跡 X 3
`_2024-08-05 21:32:15_
--------
*2174d32711b19c31c9b5cedbb8b244e3*
`登陆天数: 13天 / 672天
等级: 58
石头: 349
呼符: 17
体力: 211563.27 / 83
友情点: 0 / 173185`
*連続ログイン6日目
※ログインが途切れるか、7日到達すると
1日目から再開されます*
`聖晶石 X 2
8月交換券(2024) X 1
`*9周年記念特別回数ログインボーナス*
*開催期間中、1日1回 最大10回 回数ログインボーナスをプレゼント！*
`QP X 3000000
フレンドポイント X 100000
獣の足跡 X 3
`_2024-08-05 21:32:23_
--------
