【登录信息】
*cdce5e32ccc4663b4840e7ec4e8a6cf9*
`登陆天数: 15天 / 1465天
等级: 141
石头: 238
呼符: 33
体力: 26108.26 / 140
友情点: 0 / 2204270`
*連続ログイン1日目
※ログインが途切れるか、7日到達すると
1日目から再開されます*
`フレンドポイント X 2000
8月交換券(2024) X 1
`*「水着イベント2024」開幕直前カウントダウンログインボーナス*
*開催期間中、1日1回 7日間日替わりでログインボーナスをプレゼント！*
`叡智の業火 X 10
`_2024-08-07 21:32:20_
--------
*2174d32711b19c31c9b5cedbb8b244e3*
`登陆天数: 15天 / 674天
等级: 58
石头: 349
呼符: 17
体力: 212139.28666666665 / 83
友情点: 0 / 173185`
*連続ログイン1日目
※ログインが途切れるか、7日到達すると
1日目から再開されます*
`フレンドポイント X 2000
8月交換券(2024) X 1
`*「水着イベント2024」開幕直前カウントダウンログインボーナス*
*開催期間中、1日1回 7日間日替わりでログインボーナスをプレゼント！*
`叡智の業火 X 10
`_2024-08-07 21:32:28_
--------
