【登录信息】
*cdce5e32ccc4663b4840e7ec4e8a6cf9*
`登陆天数: 20天 / 1470天
等级: 141
石头: 238
呼符: 33
体力: 27548.28 / 140
友情点: 0 / 2204280`
*連続ログイン6日目
※ログインが途切れるか、7日到達すると
1日目から再開されます*
`聖晶石 X 2
8月交換券(2024) X 1
`*「水着イベント2024」開幕直前カウントダウンログインボーナス*
*開催期間中、1日1回 7日間日替わりでログインボーナスをプレゼント！*
`黄金の果実 X 1
`_2024-08-12 21:32:26_
--------
*2174d32711b19c31c9b5cedbb8b244e3*
`登陆天数: 20天 / 679天
等级: 58
石头: 349
呼符: 17
体力: 213579.30666666667 / 83
友情点: 0 / 173185`
*連続ログイン6日目
※ログインが途切れるか、7日到達すると
1日目から再開されます*
`聖晶石 X 2
8月交換券(2024) X 1
`*「水着イベント2024」開幕直前カウントダウンログインボーナス*
*開催期間中、1日1回 7日間日替わりでログインボーナスをプレゼント！*
`黄金の果実 X 1
`_2024-08-12 21:32:35_
--------
