【登录信息】
*cdce5e32ccc4663b4840e7ec4e8a6cf9*
`登陆天数: 22天 / 1472天
等级: 141
石头: 238
呼符: 33
体力: 28124.433333333334 / 140
友情点: 0 / 2204280`
*連続ログイン1日目
※ログインが途切れるか、7日到達すると
1日目から再開されます*
`フレンドポイント X 2000
8月交換券(2024) X 1
`*FGOカルデア放送局 ライト版 ～水着イベント2024～ 放送記念 初回ログインボーナス*
*開催期間中、初回ログインで「聖晶石×14」をプレゼント！*
`聖晶石 X 14
`_2024-08-14 21:33:12_
--------
*2174d32711b19c31c9b5cedbb8b244e3*
`登陆天数: 22天 / 681天
等级: 58
石头: 349
呼符: 17
体力: 214155.46 / 83
友情点: 0 / 173185`
*連続ログイン1日目
※ログインが途切れるか、7日到達すると
1日目から再開されます*
`フレンドポイント X 2000
8月交換券(2024) X 1
`*FGOカルデア放送局 ライト版 ～水着イベント2024～ 放送記念 初回ログインボーナス*
*開催期間中、初回ログインで「聖晶石×14」をプレゼント！*
`聖晶石 X 14
`_2024-08-14 21:33:20_
--------
