【登录信息】
*cdce5e32ccc4663b4840e7ec4e8a6cf9*
`登陆天数: 33天 / 1483天
等级: 141
石头: 238
呼符: 33
体力: 31292.266666666666 / 140
友情点: 0 / 2204440`
*連続ログイン5日目
※ログインが途切れるか、7日到達すると
1日目から再開されます*
`叡智の業火 X 2
8月交換券(2024) X 1
`*ＢＢプレゼンツ☆セレブサマー・エクスペリエンス！ 開幕記念 ログインボーナス*
*開催期間中、1日1回 最大78回 ログインボーナスをプレゼント！*
`白銀の果実 X 1
`_2024-08-25 21:32:21_
--------
*2174d32711b19c31c9b5cedbb8b244e3*
`登陆天数: 33天 / 692天
等级: 58
石头: 349
呼符: 17
体力: 217323.29 / 83
友情点: 0 / 173185`
*連続ログイン5日目
※ログインが途切れるか、7日到達すると
1日目から再開されます*
`叡智の業火 X 2
8月交換券(2024) X 1
`*ＢＢプレゼンツ☆セレブサマー・エクスペリエンス！ 開幕記念 ログインボーナス*
*開催期間中、1日1回 最大78回 ログインボーナスをプレゼント！*
`白銀の果実 X 1
`_2024-08-25 21:32:30_
--------
