【登录信息】
*cdce5e32ccc4663b4840e7ec4e8a6cf9*
`登陆天数: 411天 / 1033天
等级: 141
石头: 326
呼符: 13
体力: 7988.73 / 140
友情点: 0 / 2130945`
*連続ログイン5日目
※ログインが途切れるか、7日到達すると
1日目から再開されます*
`叡智の業火 X 2
2月交換券(2023) X 1
`*2700万DL突破記念 特別連続ログインボーナス*
*開催期間中、1日1回 最大7回 連続ログインボーナスをプレゼント！*
`QP X 10000000
`_2023-02-15 21:32:19_
--------
*2174d32711b19c31c9b5cedbb8b244e3*
`登陆天数: 237天 / 245天
等级: 58
石头: 0
呼符: 0
体力: 56907.28333333333 / 83
友情点: 0 / 128765`
*連続ログイン6日目
※ログインが途切れるか、7日到達すると
1日目から再開されます*
`聖晶石 X 2
2月交換券(2023) X 1
`*2700万DL突破記念 特別連続ログインボーナス*
*開催期間中、1日1回 最大7回 連続ログインボーナスをプレゼント！*
`QP X 10000000
`_2023-02-15 21:32:28_
--------
