【登录信息】
*cdce5e32ccc4663b4840e7ec4e8a6cf9*
`登陆天数: 415天 / 1037天
等级: 141
石头: 326
呼符: 13
体力: 9140.79 / 140
友情点: 10 / 2130955`
*連続ログイン2日目
※ログインが途切れるか、7日到達すると
1日目から再開されます*
`聖晶石 X 1
2月交換券(2023) X 1
`*2700万DL突破記念 特別連続ログインボーナス*
*開催期間中、1日1回 最大7回 連続ログインボーナスをプレゼント！*
`聖晶石 X 30
`_2023-02-19 21:32:38_
--------
*2174d32711b19c31c9b5cedbb8b244e3*
`登陆天数: 241天 / 249天
等级: 58
石头: 0
呼符: 0
体力: 58059.346666666665 / 83
友情点: 0 / 128765`
*連続ログイン3日目
※ログインが途切れるか、7日到達すると
1日目から再開されます*
`叡智の業火 X 1
2月交換券(2023) X 1
`*2700万DL突破記念 特別連続ログインボーナス*
*開催期間中、1日1回 最大7回 連続ログインボーナスをプレゼント！*
`聖晶石 X 30
`_2023-02-19 21:32:46_
--------
