【登录信息】
*cdce5e32ccc4663b4840e7ec4e8a6cf9*
`登陆天数: 16天 / 1547天
等级: 141
石头: 238
呼符: 33
体力: 50588.62 / 140
友情点: 10 / 2205210`
*連続ログイン2日目
※ログインが途切れるか、7日到達すると
1日目から再開されます*
`聖晶石 X 1
11月交換券(2024) X 1
`*秋の戦力増強キャンペーン特別ログインボーナス！*
*開催期間中、1日1回 最大7回 ログインボーナスをプレゼント！*
`英霊結晶・星のフォウくん X 5
`_2024-10-31 21:34:07_
--------
*2174d32711b19c31c9b5cedbb8b244e3*
`登陆天数: 16天 / 756天
等级: 58
石头: 349
呼符: 17
体力: 236619.64666666667 / 83
友情点: 0 / 173185`
*連続ログイン2日目
※ログインが途切れるか、7日到達すると
1日目から再開されます*
`聖晶石 X 1
11月交換券(2024) X 1
`*秋の戦力増強キャンペーン特別ログインボーナス！*
*開催期間中、1日1回 最大7回 ログインボーナスをプレゼント！*
`英霊結晶・星のフォウくん X 5
`_2024-10-31 21:34:16_
--------
