【登录信息】
*cdce5e32ccc4663b4840e7ec4e8a6cf9*
`登陆天数: 19天 / 1550天
等级: 141
石头: 238
呼符: 33
体力: 51452.426666666666 / 140
友情点: 0 / 2205210`
*連続ログイン5日目
※ログインが途切れるか、7日到達すると
1日目から再開されます*
`叡智の業火 X 2
11月交換券(2024) X 1
`*秋の戦力増強キャンペーン特別ログインボーナス！*
*開催期間中、1日1回 最大7回 ログインボーナスをプレゼント！*
`英霊結晶・太陽のフォウくん X 5
`_2024-11-03 21:33:09_
--------
*2174d32711b19c31c9b5cedbb8b244e3*
`登陆天数: 19天 / 759天
等级: 58
石头: 349
呼符: 17
体力: 237483.45333333334 / 83
友情点: 0 / 173185`
*連続ログイン5日目
※ログインが途切れるか、7日到達すると
1日目から再開されます*
`叡智の業火 X 2
11月交換券(2024) X 1
`*秋の戦力増強キャンペーン特別ログインボーナス！*
*開催期間中、1日1回 最大7回 ログインボーナスをプレゼント！*
`英霊結晶・太陽のフォウくん X 5
`_2024-11-03 21:33:19_
--------
