【登录信息】
*cdce5e32ccc4663b4840e7ec4e8a6cf9*
`登陆天数: 26天 / 1422天
等级: 141
石头: 351
呼符: 26
体力: 68574.05 / 140
友情点: 80 / 2226115`
*連続ログイン5日目
※ログインが途切れるか、7日到達すると
1日目から再開されます*
`叡智の業火 X 2
4月交換券(2024) X 1
`*「Fate/Dream Striker」リリース記念 初回ログインボーナス*
*開催期間中、初回ログインで「聖晶石×10」をプレゼント！*
`聖晶石 X 10
`_2024-03-31 21:32:09_
--------
*2174d32711b19c31c9b5cedbb8b244e3*
`登陆天数: 26天 / 634天
等级: 58
石头: 349
呼符: 17
体力: 174987.25333333333 / 83
友情点: 120 / 172365`
*連続ログイン5日目
※ログインが途切れるか、7日到達すると
1日目から再開されます*
`叡智の業火 X 2
4月交換券(2024) X 1
`*「Fate/Dream Striker」リリース記念 初回ログインボーナス*
*開催期間中、初回ログインで「聖晶石×10」をプレゼント！*
`聖晶石 X 10
`_2024-03-31 21:32:18_
--------
