【登录信息】
*cdce5e32ccc4663b4840e7ec4e8a6cf9*
`登陆天数: 27天 / 1423天
等级: 141
石头: 351
呼符: 26
体力: 68862.09333333334 / 140
友情点: 20 / 2226135`
*連続ログイン6日目
※ログインが途切れるか、7日到達すると
1日目から再開されます*
`聖晶石 X 2
4月交換券(2024) X 1
`*Fate/Grand Order 春の新米マスター応援キャンペーン2024！
特別ログインボーナス*
*開催期間中、1日1回 最大7回 回数ログインボーナスをプレゼント！*
`聖晶石 X 1
`_2024-04-01 21:32:22_
--------
*2174d32711b19c31c9b5cedbb8b244e3*
`登陆天数: 27天 / 635天
等级: 58
石头: 349
呼符: 17
体力: 175275.29666666666 / 83
友情点: 20 / 172385`
*連続ログイン6日目
※ログインが途切れるか、7日到達すると
1日目から再開されます*
`聖晶石 X 2
4月交換券(2024) X 1
`*Fate/Grand Order 春の新米マスター応援キャンペーン2024！
特別ログインボーナス*
*開催期間中、1日1回 最大7回 回数ログインボーナスをプレゼント！*
`聖晶石 X 1
`_2024-04-01 21:32:32_
--------
