【登录信息】
*cdce5e32ccc4663b4840e7ec4e8a6cf9*
`登陆天数: 28天 / 1424天
等级: 141
石头: 351
呼符: 26
体力: 69150.04333333333 / 140
友情点: 0 / 2226135`
*連続ログイン7日間到達おめでとうございます！
明日は1日目からリスタートされます。*
`獣の足跡 X 1
呼符 X 1
4月交換券(2024) X 1
`*Fate/Grand Order 春の新米マスター応援キャンペーン2024！
特別ログインボーナス*
*開催期間中、1日1回 最大7回 回数ログインボーナスをプレゼント！*
`聖晶石 X 1
`_2024-04-02 21:32:07_
--------
*2174d32711b19c31c9b5cedbb8b244e3*
`登陆天数: 28天 / 636天
等级: 58
石头: 349
呼符: 17
体力: 175563.24666666667 / 83
友情点: 0 / 172385`
*連続ログイン7日間到達おめでとうございます！
明日は1日目からリスタートされます。*
`獣の足跡 X 1
呼符 X 1
4月交換券(2024) X 1
`*Fate/Grand Order 春の新米マスター応援キャンペーン2024！
特別ログインボーナス*
*開催期間中、1日1回 最大7回 回数ログインボーナスをプレゼント！*
`聖晶石 X 1
`_2024-04-02 21:32:16_
--------
