【登录信息】
*cdce5e32ccc4663b4840e7ec4e8a6cf9*
`登陆天数: 29天 / 1425天
等级: 141
石头: 351
呼符: 26
体力: 69438.05 / 140
友情点: 80 / 2226215`
*連続ログイン1日目
※ログインが途切れるか、7日到達すると
1日目から再開されます*
`フレンドポイント X 2000
4月交換券(2024) X 1
`*日替りログインボーナス*
*開催期間中、1日1回 2週間日替りでログインボーナスをプレゼント！*
`聖晶石 X 1
巡霊の葉 X 50
`_2024-04-03 21:32:09_
--------
*2174d32711b19c31c9b5cedbb8b244e3*
`登陆天数: 29天 / 637天
等级: 58
石头: 349
呼符: 17
体力: 175851.25333333333 / 83
友情点: 20 / 172405`
*連続ログイン1日目
※ログインが途切れるか、7日到達すると
1日目から再開されます*
`フレンドポイント X 2000
4月交換券(2024) X 1
`*日替りログインボーナス*
*開催期間中、1日1回 2週間日替りでログインボーナスをプレゼント！*
`聖晶石 X 1
巡霊の葉 X 50
`_2024-04-03 21:32:18_
--------
