【登录信息】
*cdce5e32ccc4663b4840e7ec4e8a6cf9*
`登陆天数: 31天 / 1427天
等级: 141
石头: 351
呼符: 26
体力: 70014.06333333334 / 140
友情点: 20 / 2226295`
*連続ログイン3日目
※ログインが途切れるか、7日到達すると
1日目から再開されます*
`叡智の業火 X 1
4月交換券(2024) X 1
`*日替りログインボーナス*
*開催期間中、1日1回 2週間日替りでログインボーナスをプレゼント！*
`巡霊の葉 X 30
`_2024-04-05 21:32:13_
--------
*2174d32711b19c31c9b5cedbb8b244e3*
`登陆天数: 31天 / 639天
等级: 58
石头: 349
呼符: 17
体力: 176427.26666666666 / 83
友情点: 20 / 172465`
*連続ログイン3日目
※ログインが途切れるか、7日到達すると
1日目から再開されます*
`叡智の業火 X 1
4月交換券(2024) X 1
`*日替りログインボーナス*
*開催期間中、1日1回 2週間日替りでログインボーナスをプレゼント！*
`巡霊の葉 X 30
`_2024-04-05 21:32:23_
--------
