【登录信息】
*cdce5e32ccc4663b4840e7ec4e8a6cf9*
`登陆天数: 33天 / 1429天
等级: 141
石头: 351
呼符: 26
体力: 70590.06333333334 / 140
友情点: 30 / 2226365`
*連続ログイン5日目
※ログインが途切れるか、7日到達すると
1日目から再開されます*
`叡智の業火 X 2
4月交換券(2024) X 1
`*日替りログインボーナス*
*開催期間中、1日1回 2週間日替りでログインボーナスをプレゼント！*
`巡霊の葉 X 30
`_2024-04-07 21:32:13_
--------
*2174d32711b19c31c9b5cedbb8b244e3*
`登陆天数: 33天 / 641天
等级: 58
石头: 349
呼符: 17
体力: 177003.26333333334 / 83
友情点: 40 / 172585`
*連続ログイン5日目
※ログインが途切れるか、7日到達すると
1日目から再開されます*
`叡智の業火 X 2
4月交換券(2024) X 1
`*日替りログインボーナス*
*開催期間中、1日1回 2週間日替りでログインボーナスをプレゼント！*
`巡霊の葉 X 30
`_2024-04-07 21:32:22_
--------
