【登录信息】
*cdce5e32ccc4663b4840e7ec4e8a6cf9*
`登陆天数: 34天 / 1430天
等级: 141
石头: 351
呼符: 26
体力: 70878.04 / 140
友情点: 0 / 2226365`
*連続ログイン6日目
※ログインが途切れるか、7日到達すると
1日目から再開されます*
`聖晶石 X 2
4月交換券(2024) X 1
`*日替りログインボーナス*
*開催期間中、1日1回 2週間日替りでログインボーナスをプレゼント！*
`巡霊の葉 X 30
`_2024-04-08 21:32:06_
--------
*2174d32711b19c31c9b5cedbb8b244e3*
`登陆天数: 34天 / 642天
等级: 58
石头: 349
呼符: 17
体力: 177291.24333333335 / 83
友情点: 50 / 172635`
*連続ログイン6日目
※ログインが途切れるか、7日到達すると
1日目から再開されます*
`聖晶石 X 2
4月交換券(2024) X 1
`*日替りログインボーナス*
*開催期間中、1日1回 2週間日替りでログインボーナスをプレゼント！*
`巡霊の葉 X 30
`_2024-04-08 21:32:16_
--------
