【登录信息】
*cdce5e32ccc4663b4840e7ec4e8a6cf9*
`登陆天数: 36天 / 1432天
等级: 141
石头: 351
呼符: 26
体力: 71454.07 / 140
友情点: 70 / 2226445`
*連続ログイン1日目
※ログインが途切れるか、7日到達すると
1日目から再開されます*
`フレンドポイント X 2000
4月交換券(2024) X 1
`*日替りログインボーナス*
*開催期間中、1日1回 2週間日替りでログインボーナスをプレゼント！*
`聖晶石 X 1
巡霊の葉 X 50
`_2024-04-10 21:32:16_
--------
*2174d32711b19c31c9b5cedbb8b244e3*
`登陆天数: 36天 / 644天
等级: 58
石头: 349
呼符: 17
体力: 177867.27333333335 / 83
友情点: 20 / 172675`
*連続ログイン1日目
※ログインが途切れるか、7日到達すると
1日目から再開されます*
`フレンドポイント X 2000
4月交換券(2024) X 1
`*日替りログインボーナス*
*開催期間中、1日1回 2週間日替りでログインボーナスをプレゼント！*
`聖晶石 X 1
巡霊の葉 X 50
`_2024-04-10 21:32:25_
--------
