【登录信息】
*cdce5e32ccc4663b4840e7ec4e8a6cf9*
`登陆天数: 39天 / 1435天
等级: 141
石头: 351
呼符: 26
体力: 72318.01 / 140
友情点: 50 / 2226545`
*連続ログイン4日目
※ログインが途切れるか、7日到達すると
1日目から再開されます*
`聖晶石 X 1
4月交換券(2024) X 1
`*日替りログインボーナス*
*開催期間中、1日1回 2週間日替りでログインボーナスをプレゼント！*
`聖晶石 X 1
巡霊の葉 X 80
`_2024-04-13 21:31:57_
--------
*2174d32711b19c31c9b5cedbb8b244e3*
`登陆天数: 39天 / 647天
等级: 58
石头: 349
呼符: 17
体力: 178731.21 / 83
友情点: 40 / 172765`
*連続ログイン4日目
※ログインが途切れるか、7日到達すると
1日目から再開されます*
`聖晶石 X 1
4月交換券(2024) X 1
`*日替りログインボーナス*
*開催期間中、1日1回 2週間日替りでログインボーナスをプレゼント！*
`聖晶石 X 1
巡霊の葉 X 80
`_2024-04-13 21:32:06_
--------
