【登录信息】
*cdce5e32ccc4663b4840e7ec4e8a6cf9*
`登陆天数: 40天 / 1436天
等级: 141
石头: 351
呼符: 26
体力: 72629.44666666667 / 140
友情点: 150 / 2226705`
*連続ログイン5日目
※ログインが途切れるか、7日到達すると
1日目から再開されます*
`叡智の業火 X 2
4月交換券(2024) X 1
`*日替りログインボーナス*
*開催期間中、1日1回 2週間日替りでログインボーナスをプレゼント！*
`巡霊の葉 X 30
`_2024-04-14 23:29:09_
--------
*2174d32711b19c31c9b5cedbb8b244e3*
`登陆天数: 40天 / 648天
等级: 58
石头: 349
呼符: 17
体力: 179042.65 / 83
友情点: 30 / 172795`
*連続ログイン5日目
※ログインが途切れるか、7日到達すると
1日目から再開されます*
`叡智の業火 X 2
4月交換券(2024) X 1
`*日替りログインボーナス*
*開催期間中、1日1回 2週間日替りでログインボーナスをプレゼント！*
`巡霊の葉 X 30
`_2024-04-14 23:29:18_
--------
