【登录信息】
*cdce5e32ccc4663b4840e7ec4e8a6cf9*
`登陆天数: 41天 / 1437天
等级: 141
石头: 351
呼符: 26
体力: 72894.06 / 140
友情点: 40 / 2226745`
*連続ログイン6日目
※ログインが途切れるか、7日到達すると
1日目から再開されます*
`聖晶石 X 2
4月交換券(2024) X 1
`*日替りログインボーナス*
*開催期間中、1日1回 2週間日替りでログインボーナスをプレゼント！*
`巡霊の葉 X 30
`_2024-04-15 21:32:12_
--------
*2174d32711b19c31c9b5cedbb8b244e3*
`登陆天数: 41天 / 649天
等级: 58
石头: 349
呼符: 17
体力: 179307.26 / 83
友情点: 40 / 172835`
*連続ログイン6日目
※ログインが途切れるか、7日到達すると
1日目から再開されます*
`聖晶石 X 2
4月交換券(2024) X 1
`*日替りログインボーナス*
*開催期間中、1日1回 2週間日替りでログインボーナスをプレゼント！*
`巡霊の葉 X 30
`_2024-04-15 21:32:21_
--------
