【登录信息】
*cdce5e32ccc4663b4840e7ec4e8a6cf9*
`登陆天数: 42天 / 1438天
等级: 141
石头: 351
呼符: 26
体力: 73182.09 / 140
友情点: 10 / 2226755`
*連続ログイン7日間到達おめでとうございます！
明日は1日目からリスタートされます。*
`獣の足跡 X 1
呼符 X 1
4月交換券(2024) X 1
`*日替りログインボーナス*
*開催期間中、1日1回 2週間日替りでログインボーナスをプレゼント！*
`聖晶石 X 3
巡霊の葉 X 50
`_2024-04-16 21:32:21_
--------
*2174d32711b19c31c9b5cedbb8b244e3*
`登陆天数: 42天 / 650天
等级: 58
石头: 349
呼符: 17
体力: 179595.29333333333 / 83
友情点: 30 / 172865`
*連続ログイン7日間到達おめでとうございます！
明日は1日目からリスタートされます。*
`獣の足跡 X 1
呼符 X 1
4月交換券(2024) X 1
`*日替りログインボーナス*
*開催期間中、1日1回 2週間日替りでログインボーナスをプレゼント！*
`聖晶石 X 3
巡霊の葉 X 50
`_2024-04-16 21:32:30_
--------
