【登录信息】
*cdce5e32ccc4663b4840e7ec4e8a6cf9*
`登陆天数: 44天 / 1440天
等级: 141
石头: 351
呼符: 26
体力: 73758.06 / 140
友情点: 30 / 2226895`
*連続ログイン2日目
※ログインが途切れるか、7日到達すると
1日目から再開されます*
`聖晶石 X 1
4月交換券(2024) X 1
`*魔法使いの夜×Fate/Grand Orderコラボレーションイベント
開幕直前特別ログインボーナス*
*開催期間中、1日1回 最大7回 ログインボーナスをプレゼント！*
`黄金の果実 X 1
`_2024-04-18 21:32:12_
--------
*2174d32711b19c31c9b5cedbb8b244e3*
`登陆天数: 44天 / 652天
等级: 58
石头: 349
呼符: 17
体力: 180171.26333333334 / 83
友情点: 80 / 172965`
*連続ログイン2日目
※ログインが途切れるか、7日到達すると
1日目から再開されます*
`聖晶石 X 1
4月交換券(2024) X 1
`*魔法使いの夜×Fate/Grand Orderコラボレーションイベント
開幕直前特別ログインボーナス*
*開催期間中、1日1回 最大7回 ログインボーナスをプレゼント！*
`黄金の果実 X 1
`_2024-04-18 21:32:21_
--------
