【登录信息】
*cdce5e32ccc4663b4840e7ec4e8a6cf9*
`登陆天数: 45天 / 1441天
等级: 141
石头: 351
呼符: 26
体力: 74046.02666666667 / 140
友情点: 10 / 2226905`
*連続ログイン3日目
※ログインが途切れるか、7日到達すると
1日目から再開されます*
`叡智の業火 X 1
4月交換券(2024) X 1
`*魔法使いの夜×Fate/Grand Orderコラボレーションイベント
開幕直前特別ログインボーナス*
*開催期間中、1日1回 最大7回 ログインボーナスをプレゼント！*
`QP X 2000000
`_2024-04-19 21:32:02_
--------
*2174d32711b19c31c9b5cedbb8b244e3*
`登陆天数: 45天 / 653天
等级: 58
石头: 349
呼符: 17
体力: 180459.23 / 83
友情点: 40 / 173005`
*連続ログイン3日目
※ログインが途切れるか、7日到達すると
1日目から再開されます*
`叡智の業火 X 1
4月交換券(2024) X 1
`*魔法使いの夜×Fate/Grand Orderコラボレーションイベント
開幕直前特別ログインボーナス*
*開催期間中、1日1回 最大7回 ログインボーナスをプレゼント！*
`QP X 2000000
`_2024-04-19 21:32:12_
--------
