【登录信息】
*cdce5e32ccc4663b4840e7ec4e8a6cf9*
`登陆天数: 46天 / 1442天
等级: 141
石头: 351
呼符: 26
体力: 74334.07666666666 / 140
友情点: 60 / 2226965`
*連続ログイン4日目
※ログインが途切れるか、7日到達すると
1日目から再開されます*
`聖晶石 X 1
4月交換券(2024) X 1
`*魔法使いの夜×Fate/Grand Orderコラボレーションイベント
開幕直前特別ログインボーナス*
*開催期間中、1日1回 最大7回 ログインボーナスをプレゼント！*
`聖晶石 X 1
`_2024-04-20 21:32:17_
--------
*2174d32711b19c31c9b5cedbb8b244e3*
`登陆天数: 46天 / 654天
等级: 58
石头: 349
呼符: 17
体力: 180747.28 / 83
友情点: 20 / 173025`
*連続ログイン4日目
※ログインが途切れるか、7日到達すると
1日目から再開されます*
`聖晶石 X 1
4月交換券(2024) X 1
`*魔法使いの夜×Fate/Grand Orderコラボレーションイベント
開幕直前特別ログインボーナス*
*開催期間中、1日1回 最大7回 ログインボーナスをプレゼント！*
`聖晶石 X 1
`_2024-04-20 21:32:26_
--------
