【登录信息】
*cdce5e32ccc4663b4840e7ec4e8a6cf9*
`登陆天数: 761天 / 1383天
等级: 141
石头: 351
呼符: 26
体力: 51294.05 / 140
友情点: 20 / 2222085`
*連続ログイン5日目
※ログインが途切れるか、7日到達すると
1日目から再開されます*
`叡智の業火 X 2
2月交換券(2024) X 1
`*「Fate/stay night」20周年記念
7万リポスト達成プレゼント*
*開催期間中、初回ログインで「聖晶石×20」をプレゼント！*
`聖晶石 X 20
`_2024-01-31 21:32:08_
--------
*2174d32711b19c31c9b5cedbb8b244e3*
`登陆天数: 587天 / 595天
等级: 58
石头: 349
呼符: 17
体力: 157707.25333333333 / 83
友情点: 0 / 169735`
*連続ログイン6日目
※ログインが途切れるか、7日到達すると
1日目から再開されます*
`聖晶石 X 2
2月交換券(2024) X 1
`*「Fate/stay night」20周年記念
7万リポスト達成プレゼント*
*開催期間中、初回ログインで「聖晶石×20」をプレゼント！*
`聖晶石 X 20
`_2024-01-31 21:32:19_
--------
