【登录信息】
*cdce5e32ccc4663b4840e7ec4e8a6cf9*
`登陆天数: 762天 / 1384天
等级: 141
石头: 351
呼符: 26
体力: 51582.03666666667 / 140
友情点: 10 / 2222095`
*連続ログイン6日目
※ログインが途切れるか、7日到達すると
1日目から再開されます*
`聖晶石 X 2
2月交換券(2024) X 1
`*日替りログインボーナス*
*開催期間中、1日1回 2週間日替りでログインボーナスをプレゼント！*
`聖晶石 X 1
巡霊の葉 X 50
`_2024-02-01 21:32:05_
--------
*2174d32711b19c31c9b5cedbb8b244e3*
`登陆天数: 588天 / 596天
等级: 58
石头: 349
呼符: 17
体力: 157995.24 / 83
友情点: 0 / 169735`
*連続ログイン7日間到達おめでとうございます！
明日は1日目からリスタートされます。*
`獣の足跡 X 1
呼符 X 1
2月交換券(2024) X 1
`*日替りログインボーナス*
*開催期間中、1日1回 2週間日替りでログインボーナスをプレゼント！*
`聖晶石 X 1
巡霊の葉 X 50
`_2024-02-01 21:32:14_
--------
