【登录信息】
*cdce5e32ccc4663b4840e7ec4e8a6cf9*
`登陆天数: 763天 / 1385天
等级: 141
石头: 351
呼符: 26
体力: 51870.026666666665 / 140
友情点: 30 / 2222125`
*連続ログイン7日間到達おめでとうございます！
明日は1日目からリスタートされます。*
`獣の足跡 X 1
呼符 X 1
2月交換券(2024) X 1
`*日替りログインボーナス*
*開催期間中、1日1回 2週間日替りでログインボーナスをプレゼント！*
`巡霊の葉 X 30
`_2024-02-02 21:32:01_
--------
*2174d32711b19c31c9b5cedbb8b244e3*
`登陆天数: 589天 / 597天
等级: 58
石头: 349
呼符: 17
体力: 158283.23 / 83
友情点: 30 / 169765`
*連続ログイン1日目
※ログインが途切れるか、7日到達すると
1日目から再開されます*
`フレンドポイント X 2000
2月交換券(2024) X 1
`*日替りログインボーナス*
*開催期間中、1日1回 2週間日替りでログインボーナスをプレゼント！*
`巡霊の葉 X 30
`_2024-02-02 21:32:11_
--------
