【登录信息】
*cdce5e32ccc4663b4840e7ec4e8a6cf9*
`登陆天数: 764天 / 1386天
等级: 141
石头: 351
呼符: 26
体力: 52158.003333333334 / 140
友情点: 20 / 2222145`
*連続ログイン1日目
※ログインが途切れるか、7日到達すると
1日目から再開されます*
`フレンドポイント X 2000
2月交換券(2024) X 1
`*日替りログインボーナス*
*開催期間中、1日1回 2週間日替りでログインボーナスをプレゼント！*
`巡霊の葉 X 30
`_2024-02-03 21:31:54_
--------
*2174d32711b19c31c9b5cedbb8b244e3*
`登陆天数: 590天 / 598天
等级: 58
石头: 349
呼符: 17
体力: 158571.20666666667 / 83
友情点: 80 / 169855`
*連続ログイン2日目
※ログインが途切れるか、7日到達すると
1日目から再開されます*
`聖晶石 X 1
2月交換券(2024) X 1
`*日替りログインボーナス*
*開催期間中、1日1回 2週間日替りでログインボーナスをプレゼント！*
`巡霊の葉 X 30
`_2024-02-03 21:32:04_
--------
