【登录信息】
*cdce5e32ccc4663b4840e7ec4e8a6cf9*
`登陆天数: 765天 / 1387天
等级: 141
石头: 351
呼符: 26
体力: 52446.03666666667 / 140
友情点: 140 / 2222285`
*連続ログイン2日目
※ログインが途切れるか、7日到達すると
1日目から再開されます*
`聖晶石 X 1
2月交換券(2024) X 1
`*日替りログインボーナス*
*開催期間中、1日1回 2週間日替りでログインボーナスをプレゼント！*
`聖晶石 X 1
巡霊の葉 X 80
`_2024-02-04 21:32:04_
--------
*2174d32711b19c31c9b5cedbb8b244e3*
`登陆天数: 591天 / 599天
等级: 58
石头: 349
呼符: 17
体力: 158859.24 / 83
友情点: 30 / 169885`
*連続ログイン3日目
※ログインが途切れるか、7日到達すると
1日目から再開されます*
`叡智の業火 X 1
2月交換券(2024) X 1
`*日替りログインボーナス*
*開催期間中、1日1回 2週間日替りでログインボーナスをプレゼント！*
`聖晶石 X 1
巡霊の葉 X 80
`_2024-02-04 21:32:14_
--------
