【登录信息】
*cdce5e32ccc4663b4840e7ec4e8a6cf9*
`登陆天数: 766天 / 1388天
等级: 141
石头: 351
呼符: 26
体力: 52734.08666666667 / 140
友情点: 50 / 2222335`
*連続ログイン3日目
※ログインが途切れるか、7日到達すると
1日目から再開されます*
`叡智の業火 X 1
2月交換券(2024) X 1
`*「Fate/stay night」20周年記念特別ログインボーナス*
*開催期間中、1日1回 最大7回ログインボーナスをプレゼント！*
`聖晶石 X 20
`_2024-02-05 21:32:19_
--------
*2174d32711b19c31c9b5cedbb8b244e3*
`登陆天数: 592天 / 600天
等级: 58
石头: 349
呼符: 17
体力: 159147.29 / 83
友情点: 20 / 169905`
*連続ログイン4日目
※ログインが途切れるか、7日到達すると
1日目から再開されます*
`聖晶石 X 1
2月交換券(2024) X 1
`*「Fate/stay night」20周年記念特別ログインボーナス*
*開催期間中、1日1回 最大7回ログインボーナスをプレゼント！*
`聖晶石 X 20
`_2024-02-05 21:32:29_
--------
