【登录信息】
*cdce5e32ccc4663b4840e7ec4e8a6cf9*
`登陆天数: 767天 / 1389天
等级: 141
石头: 351
呼符: 26
体力: 53022.05 / 140
友情点: 50 / 2222385`
*連続ログイン4日目
※ログインが途切れるか、7日到達すると
1日目から再開されます*
`聖晶石 X 1
2月交換券(2024) X 1
`*盈月剣風帖開幕記念 ログインボーナス*
*開催期間中、1日1回 最大21回ログインボーナスをプレゼント！*
`白銀の果実 X 1
`_2024-02-06 21:32:09_
--------
*2174d32711b19c31c9b5cedbb8b244e3*
`登陆天数: 593天 / 601天
等级: 58
石头: 349
呼符: 17
体力: 159435.25333333333 / 83
友情点: 10 / 169915`
*連続ログイン5日目
※ログインが途切れるか、7日到達すると
1日目から再開されます*
`叡智の業火 X 2
2月交換券(2024) X 1
`*盈月剣風帖開幕記念 ログインボーナス*
*開催期間中、1日1回 最大21回ログインボーナスをプレゼント！*
`白銀の果実 X 1
`_2024-02-06 21:32:19_
--------
