【登录信息】
*cdce5e32ccc4663b4840e7ec4e8a6cf9*
`登陆天数: 768天 / 1390天
等级: 141
石头: 351
呼符: 26
体力: 53310.056666666664 / 140
友情点: 50 / 2222435`
*連続ログイン5日目
※ログインが途切れるか、7日到達すると
1日目から再開されます*
`叡智の業火 X 2
2月交換券(2024) X 1
`*日替りログインボーナス*
*開催期間中、1日1回 2週間日替りでログインボーナスをプレゼント！*
`聖晶石 X 3
巡霊の葉 X 50
`_2024-02-07 21:32:12_
--------
*2174d32711b19c31c9b5cedbb8b244e3*
`登陆天数: 594天 / 602天
等级: 58
石头: 349
呼符: 17
体力: 159723.26 / 83
友情点: 50 / 169965`
*連続ログイン6日目
※ログインが途切れるか、7日到達すると
1日目から再開されます*
`聖晶石 X 2
2月交換券(2024) X 1
`*日替りログインボーナス*
*開催期間中、1日1回 2週間日替りでログインボーナスをプレゼント！*
`聖晶石 X 3
巡霊の葉 X 50
`_2024-02-07 21:32:21_
--------
