【登录信息】
*cdce5e32ccc4663b4840e7ec4e8a6cf9*
`登陆天数: 769天 / 1391天
等级: 141
石头: 351
呼符: 26
体力: 53598.02333333333 / 140
友情点: 10 / 2222445`
*連続ログイン6日目
※ログインが途切れるか、7日到達すると
1日目から再開されます*
`聖晶石 X 2
2月交換券(2024) X 1
`*日替りログインボーナス*
*開催期間中、1日1回 2週間日替りでログインボーナスをプレゼント！*
`聖晶石 X 1
巡霊の葉 X 50
`_2024-02-08 21:32:00_
--------
*2174d32711b19c31c9b5cedbb8b244e3*
`登陆天数: 595天 / 603天
等级: 58
石头: 349
呼符: 17
体力: 160011.22666666665 / 83
友情点: 120 / 170085`
*連続ログイン7日間到達おめでとうございます！
明日は1日目からリスタートされます。*
`獣の足跡 X 1
呼符 X 1
2月交換券(2024) X 1
`*日替りログインボーナス*
*開催期間中、1日1回 2週間日替りでログインボーナスをプレゼント！*
`聖晶石 X 1
巡霊の葉 X 50
`_2024-02-08 21:32:10_
--------
