【登录信息】
*cdce5e32ccc4663b4840e7ec4e8a6cf9*
`登陆天数: 771天 / 1393天
等级: 141
石头: 351
呼符: 26
体力: 54174.02333333333 / 140
友情点: 45 / 2222490`
*連続ログイン1日目
※ログインが途切れるか、7日到達すると
1日目から再開されます*
`フレンドポイント X 2000
2月交換券(2024) X 1
`*日替りログインボーナス*
*開催期間中、1日1回 2週間日替りでログインボーナスをプレゼント！*
`巡霊の葉 X 30
`_2024-02-10 21:32:00_
--------
*2174d32711b19c31c9b5cedbb8b244e3*
`登陆天数: 597天 / 605天
等级: 58
石头: 349
呼符: 17
体力: 160587.22666666665 / 83
友情点: 40 / 170125`
*連続ログイン2日目
※ログインが途切れるか、7日到達すると
1日目から再開されます*
`聖晶石 X 1
2月交換券(2024) X 1
`*日替りログインボーナス*
*開催期間中、1日1回 2週間日替りでログインボーナスをプレゼント！*
`巡霊の葉 X 30
`_2024-02-10 21:32:10_
--------
