【登录信息】
*cdce5e32ccc4663b4840e7ec4e8a6cf9*
`登陆天数: 773天 / 1395天
等级: 141
石头: 351
呼符: 26
体力: 54750.04666666667 / 140
友情点: 0 / 2222650`
*連続ログイン3日目
※ログインが途切れるか、7日到達すると
1日目から再開されます*
`叡智の業火 X 1
2月交換券(2024) X 1
`*日替りログインボーナス*
*開催期間中、1日1回 2週間日替りでログインボーナスをプレゼント！*
`巡霊の葉 X 30
`_2024-02-12 21:32:07_
--------
*2174d32711b19c31c9b5cedbb8b244e3*
`登陆天数: 599天 / 607天
等级: 58
石头: 349
呼符: 17
体力: 161163.25 / 83
友情点: 0 / 170325`
*連続ログイン4日目
※ログインが途切れるか、7日到達すると
1日目から再開されます*
`聖晶石 X 1
2月交換券(2024) X 1
`*日替りログインボーナス*
*開催期間中、1日1回 2週間日替りでログインボーナスをプレゼント！*
`巡霊の葉 X 30
`_2024-02-12 21:32:17_
--------
