【登录信息】
*cdce5e32ccc4663b4840e7ec4e8a6cf9*
`登陆天数: 774天 / 1396天
等级: 141
石头: 351
呼符: 26
体力: 55038.066666666666 / 140
友情点: 90 / 2222740`
*連続ログイン4日目
※ログインが途切れるか、7日到達すると
1日目から再開されます*
`聖晶石 X 1
2月交換券(2024) X 1
`*バレンタイン2024
開幕直前特別ログインボーナス*
*開催期間中、1日1回 最大7回ログインボーナスをプレゼント！*
`マナプリズム X 50
`_2024-02-13 21:32:13_
--------
*2174d32711b19c31c9b5cedbb8b244e3*
`登陆天数: 600天 / 608天
等级: 58
石头: 349
呼符: 17
体力: 161451.27 / 83
友情点: 40 / 170365`
*連続ログイン5日目
※ログインが途切れるか、7日到達すると
1日目から再開されます*
`叡智の業火 X 2
2月交換券(2024) X 1
`*バレンタイン2024
開幕直前特別ログインボーナス*
*開催期間中、1日1回 最大7回ログインボーナスをプレゼント！*
`マナプリズム X 50
`_2024-02-13 21:32:23_
--------
