【登录信息】
[cdce5e32ccc4663b4840e7ec4e8a6cf9]
`登陆天数: 250天 / 872天
等级: 141
石头: 10
呼符: 1
友情点: 0 / 2037540`
*連続ログイン5日目
※ログインが途切れるか、7日到達すると
1日目から再開されます*
`叡智の業火 X 2
9月交換券(2022) X 1
`*Road to 7 [Lostbelt No.4]開催！*
*Road to 7 [Lostbelt No.4]開催！*
``_2022-09-07 19:36:15_
--------
[2174d32711b19c31c9b5cedbb8b244e3]
`登陆天数: 76天 / 84天
等级: 58
石头: 0
呼符: 0
友情点: 0 / 128765`
*連続ログイン6日目
※ログインが途切れるか、7日到達すると
1日目から再開されます*
`聖晶石 X 2
9月交換券(2022) X 1
`*Road to 7 [Lostbelt No.4]開催！*
*Road to 7 [Lostbelt No.4]開催！*
``_2022-09-07 19:36:24_
--------
