【登录信息】
[cdce5e32ccc4663b4840e7ec4e8a6cf9]
`登陆天数: 260天 / 882天
等级: 141
石头: 16
呼符: 13
友情点: 0 / 2037800`
*連続ログイン1日目
※ログインが途切れるか、7日到達すると
1日目から再開されます*
`フレンドポイント X 2000
9月交換券(2022) X 1
`*京都国際マンガ・アニメフェア2022
出展記念 初回ログインボーナス*
*開催期間中、初回ログインで「聖晶石×10」をプレゼント！*
`聖晶石 X 10
`_2022-09-17 19:35:19_
--------
[2174d32711b19c31c9b5cedbb8b244e3]
`登陆天数: 86天 / 94天
等级: 58
石头: 0
呼符: 0
友情点: 0 / 128765`
*連続ログイン2日目
※ログインが途切れるか、7日到達すると
1日目から再開されます*
`聖晶石 X 1
9月交換券(2022) X 1
`*京都国際マンガ・アニメフェア2022
出展記念 初回ログインボーナス*
*開催期間中、初回ログインで「聖晶石×10」をプレゼント！*
`聖晶石 X 10
`_2022-09-17 19:35:28_
--------
