【登录信息】
[cdce5e32ccc4663b4840e7ec4e8a6cf9]
`登陆天数: 271天 / 893天
等级: 141
石头: 16
呼符: 13
友情点: 0 / 2037800`
*連続ログイン5日目
※ログインが途切れるか、7日到達すると
1日目から再開されます*
`叡智の業火 X 2
9月交換券(2022) X 1
`*Road to 7 [Lostbelt No.5 アトランティス]開催！*
*Road to 7 [Lostbelt No.5 アトランティス]開催！*
``_2022-09-28 19:40:11_
--------
[2174d32711b19c31c9b5cedbb8b244e3]
`登陆天数: 97天 / 105天
等级: 58
石头: 0
呼符: 0
友情点: 0 / 128765`
*連続ログイン6日目
※ログインが途切れるか、7日到達すると
1日目から再開されます*
`聖晶石 X 2
9月交換券(2022) X 1
`*Road to 7 [Lostbelt No.5 アトランティス]開催！*
*Road to 7 [Lostbelt No.5 アトランティス]開催！*
``_2022-09-28 19:40:21_
--------
