【登录信息】
*cdce5e32ccc4663b4840e7ec4e8a6cf9*
`登陆天数: 1天 / 1451天
等级: 141
石头: 238
呼符: 33
体力: 22232.4 / 140
友情点: 0 / 2204045`
*連続ログイン1日目
※ログインが途切れるか、7日到達すると
1日目から再開されます*
`フレンドポイント X 2000
7月交換券(2024) X 1
`*ハンティングクエスト 第14弾
特別ログインボーナス*
*開催期間中、1日1回 最大7回 ログインボーナスをプレゼント！*
`黄金の果実 X 1
`_2024-07-25 10:33:02_
--------
*2174d32711b19c31c9b5cedbb8b244e3*
`登陆天数: 1天 / 660天
等级: 58
石头: 349
呼符: 17
体力: 208263.42666666667 / 83
友情点: 0 / 173185`
*連続ログイン1日目
※ログインが途切れるか、7日到達すると
1日目から再開されます*
`フレンドポイント X 2000
7月交換券(2024) X 1
`*ハンティングクエスト 第14弾
特別ログインボーナス*
*開催期間中、1日1回 最大7回 ログインボーナスをプレゼント！*
`黄金の果実 X 1
`_2024-07-25 10:33:11_
--------
