【登录信息】
*cdce5e32ccc4663b4840e7ec4e8a6cf9*
`登陆天数: 2天 / 1452天
等级: 141
石头: 238
呼符: 33
体力: 22364.303333333333 / 140
友情点: 0 / 2204045`
*連続ログイン2日目
※ログインが途切れるか、7日到達すると
1日目から再開されます*
`聖晶石 X 1
7月交換券(2024) X 1
`*ハンティングクエスト 第14弾
特別ログインボーナス*
*開催期間中、1日1回 最大7回 ログインボーナスをプレゼント！*
`黄金の果実 X 1
`_2024-07-25 21:32:32_
--------
*2174d32711b19c31c9b5cedbb8b244e3*
`登陆天数: 2天 / 661天
等级: 58
石头: 349
呼符: 17
体力: 208395.32666666666 / 83
友情点: 0 / 173185`
*連続ログイン2日目
※ログインが途切れるか、7日到達すると
1日目から再開されます*
`聖晶石 X 1
7月交換券(2024) X 1
`*ハンティングクエスト 第14弾
特別ログインボーナス*
*開催期間中、1日1回 最大7回 ログインボーナスをプレゼント！*
`黄金の果実 X 1
`_2024-07-25 21:32:41_
--------
