【登录信息】
*cdce5e32ccc4663b4840e7ec4e8a6cf9*
`登陆天数: 3天 / 1453天
等级: 141
石头: 238
呼符: 33
体力: 22652.5 / 140
友情点: 100 / 2204145`
*連続ログイン3日目
※ログインが途切れるか、7日到達すると
1日目から再開されます*
`叡智の業火 X 1
7月交換券(2024) X 1
`*「FGO Expo ～Fate/Grand Order Fes. 2024 9th Anniversary～」 開催直前カウントダウン ログインボーナス*
*開催期間中、1日1回 9日間日替りでログインボーナスをプレゼント！*
`叡智の業火 X 5
`_2024-07-26 21:33:31_
--------
*2174d32711b19c31c9b5cedbb8b244e3*
`登陆天数: 3天 / 662天
等级: 58
石头: 349
呼符: 17
体力: 208683.52666666667 / 83
友情点: 0 / 173185`
*連続ログイン3日目
※ログインが途切れるか、7日到達すると
1日目から再開されます*
`叡智の業火 X 1
7月交換券(2024) X 1
`*「FGO Expo ～Fate/Grand Order Fes. 2024 9th Anniversary～」 開催直前カウントダウン ログインボーナス*
*開催期間中、1日1回 9日間日替りでログインボーナスをプレゼント！*
`叡智の業火 X 5
`_2024-07-26 21:33:40_
--------
