【登录信息】
*cdce5e32ccc4663b4840e7ec4e8a6cf9*
`登陆天数: 4天 / 1454天
等级: 141
石头: 238
呼符: 33
体力: 22940.283333333333 / 140
友情点: 0 / 2204145`
*連続ログイン4日目
※ログインが途切れるか、7日到達すると
1日目から再開されます*
`聖晶石 X 1
7月交換券(2024) X 1
`*「FGO Expo ～Fate/Grand Order Fes. 2024 9th Anniversary～」 開催直前カウントダウン ログインボーナス*
*開催期間中、1日1回 9日間日替りでログインボーナスをプレゼント！*
`QP X 2000000
`_2024-07-27 21:32:26_
--------
*2174d32711b19c31c9b5cedbb8b244e3*
`登陆天数: 4天 / 663天
等级: 58
石头: 349
呼符: 17
体力: 208971.31 / 83
友情点: 0 / 173185`
*連続ログイン4日目
※ログインが途切れるか、7日到達すると
1日目から再開されます*
`聖晶石 X 1
7月交換券(2024) X 1
`*「FGO Expo ～Fate/Grand Order Fes. 2024 9th Anniversary～」 開催直前カウントダウン ログインボーナス*
*開催期間中、1日1回 9日間日替りでログインボーナスをプレゼント！*
`QP X 2000000
`_2024-07-27 21:32:36_
--------
