【登录信息】
*cdce5e32ccc4663b4840e7ec4e8a6cf9*
`登陆天数: 547天 / 1169天
等级: 141
石头: 7
呼符: 0
体力: 47156.68 / 140
友情点: 0 / 2090620`
*連続ログイン1日目
※ログインが途切れるか、7日到達すると
1日目から再開されます*
`フレンドポイント X 2000
7月交換券(2023) X 1
`*TVスペシャルアニメ「Fate/strange Fake -Whispers of Dawn-」放送記念
特別ログインボーナス*
*開催期間中、1日1回 最大3回 ログインボーナスをプレゼント！*
`QP X 5000000
`_2023-07-01 21:32:05_
--------
*2174d32711b19c31c9b5cedbb8b244e3*
`登陆天数: 373天 / 381天
等级: 58
石头: 0
呼符: 0
体力: 96075.23666666666 / 83
友情点: 0 / 131725`
*連続ログイン2日目
※ログインが途切れるか、7日到達すると
1日目から再開されます*
`聖晶石 X 1
7月交換券(2023) X 1
`*TVスペシャルアニメ「Fate/strange Fake -Whispers of Dawn-」放送記念
特別ログインボーナス*
*開催期間中、1日1回 最大3回 ログインボーナスをプレゼント！*
`QP X 5000000
`_2023-07-01 21:32:14_
--------
