【登录信息】
*cdce5e32ccc4663b4840e7ec4e8a6cf9*
`登陆天数: 549天 / 1171天
等级: 141
石头: 7
呼符: 0
体力: 47732.71 / 140
友情点: 0 / 2090700`
*連続ログイン3日目
※ログインが途切れるか、7日到達すると
1日目から再開されます*
`叡智の業火 X 1
7月交換券(2023) X 1
`*日替りログインボーナス*
*開催期間中、1日1回 2週間日替りでログインボーナスをプレゼント！*
`巡霊の葉 X 30
`_2023-07-03 21:32:13_
--------
*2174d32711b19c31c9b5cedbb8b244e3*
`登陆天数: 375天 / 383天
等级: 58
石头: 0
呼符: 0
体力: 96651.26666666666 / 83
友情点: 0 / 131725`
*連続ログイン4日目
※ログインが途切れるか、7日到達すると
1日目から再開されます*
`聖晶石 X 1
7月交換券(2023) X 1
`*日替りログインボーナス*
*開催期間中、1日1回 2週間日替りでログインボーナスをプレゼント！*
`巡霊の葉 X 30
`_2023-07-03 21:32:22_
--------
