【登录信息】
*cdce5e32ccc4663b4840e7ec4e8a6cf9*
`登陆天数: 551天 / 1173天
等级: 141
石头: 7
呼符: 0
体力: 48308.82 / 140
友情点: 40 / 2090750`
*連続ログイン5日目
※ログインが途切れるか、7日到達すると
1日目から再開されます*
`叡智の業火 X 2
7月交換券(2023) X 1
`*日替りログインボーナス*
*開催期間中、1日1回 2週間日替りでログインボーナスをプレゼント！*
`聖晶石 X 2
巡霊の葉 X 100
`_2023-07-05 21:32:46_
--------
*2174d32711b19c31c9b5cedbb8b244e3*
`登陆天数: 377天 / 385天
等级: 58
石头: 0
呼符: 0
体力: 97227.37666666666 / 83
友情点: 10 / 131735`
*連続ログイン6日目
※ログインが途切れるか、7日到達すると
1日目から再開されます*
`聖晶石 X 2
7月交換券(2023) X 1
`*日替りログインボーナス*
*開催期間中、1日1回 2週間日替りでログインボーナスをプレゼント！*
`聖晶石 X 2
巡霊の葉 X 100
`_2023-07-05 21:32:55_
--------
