【登录信息】
*cdce5e32ccc4663b4840e7ec4e8a6cf9*
`登陆天数: 552天 / 1174天
等级: 141
石头: 7
呼符: 0
体力: 48596.75 / 140
友情点: 0 / 2090750`
*連続ログイン6日目
※ログインが途切れるか、7日到達すると
1日目から再開されます*
`聖晶石 X 2
7月交換券(2023) X 1
`*リリース2900日突破キャンペーン 初回ログインボーナス*
*開催期間中、初回ログインで「聖晶石×10」をプレゼント！*
`聖晶石 X 10
`_2023-07-06 21:32:25_
--------
*2174d32711b19c31c9b5cedbb8b244e3*
`登陆天数: 378天 / 386天
等级: 58
石头: 0
呼符: 0
体力: 97515.30666666667 / 83
友情点: 0 / 131735`
*連続ログイン7日間到達おめでとうございます！
明日は1日目からリスタートされます。*
`獣の足跡 X 1
呼符 X 1
7月交換券(2023) X 1
`*リリース2900日突破キャンペーン 初回ログインボーナス*
*開催期間中、初回ログインで「聖晶石×10」をプレゼント！*
`聖晶石 X 10
`_2023-07-06 21:32:34_
--------
