【登录信息】
*cdce5e32ccc4663b4840e7ec4e8a6cf9*
`登陆天数: 555天 / 1177天
等级: 141
石头: 7
呼符: 0
体力: 49460.676666666666 / 140
友情点: 0 / 2090750`
*連続ログイン2日目
※ログインが途切れるか、7日到達すると
1日目から再開されます*
`聖晶石 X 1
7月交換券(2023) X 1
`*日替りログインボーナス*
*開催期間中、1日1回 2週間日替りでログインボーナスをプレゼント！*
`聖晶石 X 3
巡霊の葉 X 50
`_2023-07-09 21:32:03_
--------
*2174d32711b19c31c9b5cedbb8b244e3*
`登陆天数: 381天 / 389天
等级: 58
石头: 0
呼符: 0
体力: 98379.23333333334 / 83
友情点: 20 / 131755`
*連続ログイン3日目
※ログインが途切れるか、7日到達すると
1日目から再開されます*
`叡智の業火 X 1
7月交換券(2023) X 1
`*日替りログインボーナス*
*開催期間中、1日1回 2週間日替りでログインボーナスをプレゼント！*
`聖晶石 X 3
巡霊の葉 X 50
`_2023-07-09 21:32:13_
--------
