【登录信息】
*cdce5e32ccc4663b4840e7ec4e8a6cf9*
`登陆天数: 560天 / 1182天
等级: 141
石头: 7
呼符: 0
体力: 50900.74 / 140
友情点: 0 / 2090825`
*連続ログイン7日間到達おめでとうございます！
明日は1日目からリスタートされます。*
`獣の足跡 X 1
呼符 X 1
7月交換券(2023) X 1
`*日替りログインボーナス*
*開催期間中、1日1回 2週間日替りでログインボーナスをプレゼント！*
`巡霊の葉 X 30
`_2023-07-14 21:32:22_
--------
*2174d32711b19c31c9b5cedbb8b244e3*
`登陆天数: 386天 / 394天
等级: 58
石头: 0
呼符: 0
体力: 99819.29333333333 / 83
友情点: 0 / 131755`
*連続ログイン1日目
※ログインが途切れるか、7日到達すると
1日目から再開されます*
`フレンドポイント X 2000
7月交換券(2023) X 1
`*日替りログインボーナス*
*開催期間中、1日1回 2週間日替りでログインボーナスをプレゼント！*
`巡霊の葉 X 30
`_2023-07-14 21:32:31_
--------
