【登录信息】
*cdce5e32ccc4663b4840e7ec4e8a6cf9*
`登陆天数: 564天 / 1186天
等级: 141
石头: 7
呼符: 0
体力: 52052.72666666667 / 140
友情点: 0 / 2090865`
*連続ログイン4日目
※ログインが途切れるか、7日到達すると
1日目から再開されます*
`聖晶石 X 1
7月交換券(2023) X 1
`*ミスティックアイズ・シンフォニー開幕記念 ログインボーナス*
*開催期間中、1日1回 最大21回ログインボーナスをプレゼント！*
`黄金の果実 X 1
`_2023-07-18 21:32:19_
--------
*2174d32711b19c31c9b5cedbb8b244e3*
`登陆天数: 390天 / 398天
等级: 58
石头: 0
呼符: 0
体力: 100971.28333333334 / 83
友情点: 0 / 131775`
*連続ログイン5日目
※ログインが途切れるか、7日到達すると
1日目から再開されます*
`叡智の業火 X 2
7月交換券(2023) X 1
`*ミスティックアイズ・シンフォニー開幕記念 ログインボーナス*
*開催期間中、1日1回 最大21回ログインボーナスをプレゼント！*
`黄金の果実 X 1
`_2023-07-18 21:32:28_
--------
