【登录信息】
*cdce5e32ccc4663b4840e7ec4e8a6cf9*
`登陆天数: 565天 / 1187天
等级: 141
石头: 7
呼符: 0
体力: 52340.7 / 140
友情点: 0 / 2090865`
*連続ログイン5日目
※ログインが途切れるか、7日到達すると
1日目から再開されます*
`叡智の業火 X 2
7月交換券(2023) X 1
`*ミスティックアイズ・シンフォニー開幕記念 ログインボーナス*
*開催期間中、1日1回 最大21回ログインボーナスをプレゼント！*
`白銀の果実 X 1
`_2023-07-19 21:32:10_
--------
*2174d32711b19c31c9b5cedbb8b244e3*
`登陆天数: 391天 / 399天
等级: 58
石头: 0
呼符: 0
体力: 101259.25666666667 / 83
友情点: 0 / 131775`
*連続ログイン6日目
※ログインが途切れるか、7日到達すると
1日目から再開されます*
`聖晶石 X 2
7月交換券(2023) X 1
`*ミスティックアイズ・シンフォニー開幕記念 ログインボーナス*
*開催期間中、1日1回 最大21回ログインボーナスをプレゼント！*
`白銀の果実 X 1
`_2023-07-19 21:32:20_
--------
