【登录信息】
*cdce5e32ccc4663b4840e7ec4e8a6cf9*
`登陆天数: 574天 / 1196天
等级: 141
石头: 7
呼符: 0
体力: 54932.693333333336 / 140
友情点: 0 / 2090940`
*連続ログイン7日間到達おめでとうございます！
明日は1日目からリスタートされます。*
`獣の足跡 X 1
呼符 X 1
7月交換券(2023) X 1
`*「Fate/Grand Order Fes. 2023 夏祭り ～8th Anniversary～」開催直前カウントダウンログインボーナス*
*開催期間中、1日1回 8日間日替りでログインボーナスをプレゼント！*
`星見のティーポット X 3
`_2023-07-28 21:32:09_
--------
*2174d32711b19c31c9b5cedbb8b244e3*
`登陆天数: 400天 / 408天
等级: 58
石头: 0
呼符: 0
体力: 103851.25 / 83
友情点: 0 / 131775`
*連続ログイン1日目
※ログインが途切れるか、7日到達すると
1日目から再開されます*
`フレンドポイント X 2000
7月交換券(2023) X 1
`*「Fate/Grand Order Fes. 2023 夏祭り ～8th Anniversary～」開催直前カウントダウンログインボーナス*
*開催期間中、1日1回 8日間日替りでログインボーナスをプレゼント！*
`星見のティーポット X 3
`_2023-07-28 21:32:18_
--------
