【登录信息】
*cdce5e32ccc4663b4840e7ec4e8a6cf9*
`登陆天数: 576天 / 1198天
等级: 141
石头: 7
呼符: 0
体力: 55508.67333333333 / 140
友情点: 0 / 2091015`
*連続ログイン2日目
※ログインが途切れるか、7日到達すると
1日目から再開されます*
`聖晶石 X 1
7月交換券(2023) X 1
`*ショートアニメ「藤丸立香はわからない」グランドフィナーレ記念 特別ログインボーナス*
*開催期間中、初回ログインで「限定概念礼装×1」をプレゼント！*
`慰労会はおわらない X 1
`_2023-07-30 21:32:02_
--------
*2174d32711b19c31c9b5cedbb8b244e3*
`登陆天数: 402天 / 410天
等级: 58
石头: 0
呼符: 0
体力: 104427.23 / 83
友情点: 0 / 131785`
*連続ログイン3日目
※ログインが途切れるか、7日到達すると
1日目から再開されます*
`叡智の業火 X 1
7月交換券(2023) X 1
`*ショートアニメ「藤丸立香はわからない」グランドフィナーレ記念 特別ログインボーナス*
*開催期間中、初回ログインで「限定概念礼装×1」をプレゼント！*
`慰労会はおわらない X 1
`_2023-07-30 21:32:11_
--------
