【登录信息】
*cdce5e32ccc4663b4840e7ec4e8a6cf9*
`登陆天数: 456天 / 1078天
等级: 141
石头: 326
呼符: 13
体力: 20948.696666666667 / 140
友情点: 0 / 2131135`
*連続ログイン1日目
※ログインが途切れるか、7日到達すると
1日目から再開されます*
`フレンドポイント X 2000
4月交換券(2023) X 1
`*Fate/Grand Order 春の新米マスター応援キャンペーン2023！
日替りログインボーナス*
*開催期間中、1日1回 6日間日替りでログインボーナスをプレゼント！*
`呼符 X 1
`_2023-04-01 21:32:10_
--------
*2174d32711b19c31c9b5cedbb8b244e3*
`登陆天数: 282天 / 290天
等级: 58
石头: 0
呼符: 0
体力: 69867.25333333333 / 83
友情点: 0 / 128765`
*連続ログイン2日目
※ログインが途切れるか、7日到達すると
1日目から再開されます*
`聖晶石 X 1
4月交換券(2023) X 1
`*Fate/Grand Order 春の新米マスター応援キャンペーン2023！
日替りログインボーナス*
*開催期間中、1日1回 6日間日替りでログインボーナスをプレゼント！*
`呼符 X 1
`_2023-04-01 21:32:19_
--------
