【登录信息】
*cdce5e32ccc4663b4840e7ec4e8a6cf9*
`登陆天数: 463天 / 1085天
等级: 141
石头: 326
呼符: 13
体力: 22964.68 / 140
友情点: 0 / 2131135`
*連続ログイン1日目
※ログインが途切れるか、7日到達すると
1日目から再開されます*
`フレンドポイント X 2000
4月交換券(2023) X 1
`*日替りログインボーナス*
*開催期間中、1日1回 4週間日替りでログインボーナスをプレゼント！*
`聖晶石 X 6
巡霊の葉 X 50
`_2023-04-08 21:32:05_
--------
*2174d32711b19c31c9b5cedbb8b244e3*
`登陆天数: 289天 / 297天
等级: 58
石头: 0
呼符: 0
体力: 71883.23666666666 / 83
友情点: 0 / 128765`
*連続ログイン2日目
※ログインが途切れるか、7日到達すると
1日目から再開されます*
`聖晶石 X 1
4月交換券(2023) X 1
`*日替りログインボーナス*
*開催期間中、1日1回 4週間日替りでログインボーナスをプレゼント！*
`聖晶石 X 6
巡霊の葉 X 50
`_2023-04-08 21:32:14_
--------
