【登录信息】
*cdce5e32ccc4663b4840e7ec4e8a6cf9*
`登陆天数: 464天 / 1086天
等级: 141
石头: 326
呼符: 13
体力: 23252.653333333332 / 140
友情点: 0 / 2131135`
*連続ログイン2日目
※ログインが途切れるか、7日到達すると
1日目から再開されます*
`聖晶石 X 1
4月交換券(2023) X 1
`*日替りログインボーナス*
*開催期間中、1日1回 4週間日替りでログインボーナスをプレゼント！*
`巡霊の葉 X 30
`_2023-04-09 21:31:56_
--------
*2174d32711b19c31c9b5cedbb8b244e3*
`登陆天数: 290天 / 298天
等级: 58
石头: 0
呼符: 0
体力: 72171.21 / 83
友情点: 0 / 128765`
*連続ログイン3日目
※ログインが途切れるか、7日到達すると
1日目から再開されます*
`叡智の業火 X 1
4月交換券(2023) X 1
`*日替りログインボーナス*
*開催期間中、1日1回 4週間日替りでログインボーナスをプレゼント！*
`巡霊の葉 X 30
`_2023-04-09 21:32:05_
--------
