【登录信息】
*cdce5e32ccc4663b4840e7ec4e8a6cf9*
`登陆天数: 468天 / 1090天
等级: 141
石头: 326
呼符: 13
体力: 24404.66 / 140
友情点: 0 / 2131135`
*連続ログイン6日目
※ログインが途切れるか、7日到達すると
1日目から再開されます*
`聖晶石 X 2
4月交換券(2023) X 1
`*日替りログインボーナス*
*開催期間中、1日1回 4週間日替りでログインボーナスをプレゼント！*
`巡霊の葉 X 30
`_2023-04-13 21:31:59_
--------
*2174d32711b19c31c9b5cedbb8b244e3*
`登陆天数: 294天 / 302天
等级: 58
石头: 0
呼符: 0
体力: 73323.21666666666 / 83
友情点: 0 / 128765`
*連続ログイン7日間到達おめでとうございます！
明日は1日目からリスタートされます。*
`獣の足跡 X 1
呼符 X 1
4月交換券(2023) X 1
`*日替りログインボーナス*
*開催期間中、1日1回 4週間日替りでログインボーナスをプレゼント！*
`巡霊の葉 X 30
`_2023-04-13 21:32:08_
--------
