【登录信息】
*cdce5e32ccc4663b4840e7ec4e8a6cf9*
`登陆天数: 471天 / 1093天
等级: 141
石头: 326
呼符: 13
体力: 25268.696666666667 / 140
友情点: 50 / 2131185`
*連続ログイン2日目
※ログインが途切れるか、7日到達すると
1日目から再開されます*
`聖晶石 X 1
4月交換券(2023) X 1
`*日替りログインボーナス*
*開催期間中、1日1回 4週間日替りでログインボーナスをプレゼント！*
`巡霊の葉 X 30
`_2023-04-16 21:32:10_
--------
*2174d32711b19c31c9b5cedbb8b244e3*
`登陆天数: 297天 / 305天
等级: 58
石头: 0
呼符: 0
体力: 74187.25333333333 / 83
友情点: 0 / 128765`
*連続ログイン3日目
※ログインが途切れるか、7日到達すると
1日目から再開されます*
`叡智の業火 X 1
4月交換券(2023) X 1
`*日替りログインボーナス*
*開催期間中、1日1回 4週間日替りでログインボーナスをプレゼント！*
`巡霊の葉 X 30
`_2023-04-16 21:32:18_
--------
