【登录信息】
*cdce5e32ccc4663b4840e7ec4e8a6cf9*
`登陆天数: 481天 / 1103天
等级: 141
石头: 7
呼符: 0
体力: 28148.75 / 140
友情点: 70 / 2087665`
*連続ログイン5日目
※ログインが途切れるか、7日到達すると
1日目から再開されます*
`叡智の業火 X 2
4月交換券(2023) X 1
`*日替りログインボーナス*
*開催期間中、1日1回 4週間日替りでログインボーナスをプレゼント！*
`巡霊の葉 X 30
`_2023-04-26 21:32:26_
--------
*2174d32711b19c31c9b5cedbb8b244e3*
`登陆天数: 307天 / 315天
等级: 58
石头: 0
呼符: 0
体力: 77067.30666666667 / 83
友情点: 0 / 128765`
*連続ログイン6日目
※ログインが途切れるか、7日到達すると
1日目から再開されます*
`聖晶石 X 2
4月交換券(2023) X 1
`*日替りログインボーナス*
*開催期間中、1日1回 4週間日替りでログインボーナスをプレゼント！*
`巡霊の葉 X 30
`_2023-04-26 21:32:35_
--------
