【登录信息】
*cdce5e32ccc4663b4840e7ec4e8a6cf9*
`登陆天数: 672天 / 1294天
等级: 141
石头: 351
呼符: 26
体力: 25662.05 / 140
友情点: 110 / 2215010`
*連続ログイン7日間到達おめでとうございます！
明日は1日目からリスタートされます。*
`獣の足跡 X 1
呼符 X 1
11月交換券(2023) X 1
`*聖杯戦線 ～白天の城、黒夜の城～開幕記念 ログインボーナス*
*開催期間中、1日1回 最大21回ログインボーナスをプレゼント！*
`白銀の果実 X 1
`_2023-11-03 21:32:08_
--------
*2174d32711b19c31c9b5cedbb8b244e3*
`登陆天数: 498天 / 506天
等级: 58
石头: 0
呼符: 0
体力: 132075.25333333333 / 83
友情点: 70 / 134655`
*連続ログイン1日目
※ログインが途切れるか、7日到達すると
1日目から再開されます*
`フレンドポイント X 2000
11月交換券(2023) X 1
`*聖杯戦線 ～白天の城、黒夜の城～開幕記念 ログインボーナス*
*開催期間中、1日1回 最大21回ログインボーナスをプレゼント！*
`白銀の果実 X 1
`_2023-11-03 21:32:18_
--------
