【登录信息】
*cdce5e32ccc4663b4840e7ec4e8a6cf9*
`登陆天数: 673天 / 1295天
等级: 141
石头: 351
呼符: 26
体力: 25950.066666666666 / 140
友情点: 120 / 2215130`
*連続ログイン1日目
※ログインが途切れるか、7日到達すると
1日目から再開されます*
`フレンドポイント X 2000
11月交換券(2023) X 1
`*聖杯戦線 ～白天の城、黒夜の城～開幕記念 ログインボーナス*
*開催期間中、1日1回 最大21回ログインボーナスをプレゼント！*
`白銀の果実 X 1
`_2023-11-04 21:32:14_
--------
*2174d32711b19c31c9b5cedbb8b244e3*
`登陆天数: 499天 / 507天
等级: 58
石头: 0
呼符: 0
体力: 132363.27 / 83
友情点: 130 / 134785`
*連続ログイン2日目
※ログインが途切れるか、7日到達すると
1日目から再開されます*
`聖晶石 X 1
11月交換券(2023) X 1
`*聖杯戦線 ～白天の城、黒夜の城～開幕記念 ログインボーナス*
*開催期間中、1日1回 最大21回ログインボーナスをプレゼント！*
`白銀の果実 X 1
`_2023-11-04 21:32:23_
--------
