【登录信息】
*cdce5e32ccc4663b4840e7ec4e8a6cf9*
`登陆天数: 675天 / 1297天
等级: 141
石头: 351
呼符: 26
体力: 26526.086666666666 / 140
友情点: 90 / 2215380`
*連続ログイン3日目
※ログインが途切れるか、7日到達すると
1日目から再開されます*
`叡智の業火 X 1
11月交換券(2023) X 1
`*聖杯戦線 ～白天の城、黒夜の城～開幕記念 ログインボーナス*
*開催期間中、1日1回 最大21回ログインボーナスをプレゼント！*
`白銀の果実 X 1
`_2023-11-06 21:32:20_
--------
*2174d32711b19c31c9b5cedbb8b244e3*
`登陆天数: 501天 / 509天
等级: 58
石头: 0
呼符: 0
体力: 132939.29 / 83
友情点: 60 / 134985`
*連続ログイン4日目
※ログインが途切れるか、7日到達すると
1日目から再開されます*
`聖晶石 X 1
11月交換券(2023) X 1
`*聖杯戦線 ～白天の城、黒夜の城～開幕記念 ログインボーナス*
*開催期間中、1日1回 最大21回ログインボーナスをプレゼント！*
`白銀の果実 X 1
`_2023-11-06 21:32:30_
--------
