【登录信息】
*cdce5e32ccc4663b4840e7ec4e8a6cf9*
`登陆天数: 677天 / 1299天
等级: 141
石头: 351
呼符: 26
体力: 27102.09 / 140
友情点: 50 / 2215480`
*連続ログイン5日目
※ログインが途切れるか、7日到達すると
1日目から再開されます*
`叡智の業火 X 2
11月交換券(2023) X 1
`*聖杯戦線 ～白天の城、黒夜の城～開幕記念 ログインボーナス*
*開催期間中、1日1回 最大21回ログインボーナスをプレゼント！*
`黄金の果実 X 1
`_2023-11-08 21:32:20_
--------
*2174d32711b19c31c9b5cedbb8b244e3*
`登陆天数: 503天 / 511天
等级: 58
石头: 0
呼符: 0
体力: 133515.29333333333 / 83
友情点: 90 / 135105`
*連続ログイン6日目
※ログインが途切れるか、7日到達すると
1日目から再開されます*
`聖晶石 X 2
11月交換券(2023) X 1
`*聖杯戦線 ～白天の城、黒夜の城～開幕記念 ログインボーナス*
*開催期間中、1日1回 最大21回ログインボーナスをプレゼント！*
`黄金の果実 X 1
`_2023-11-08 21:32:30_
--------
