【登录信息】
*cdce5e32ccc4663b4840e7ec4e8a6cf9*
`登陆天数: 681天 / 1303天
等级: 141
石头: 351
呼符: 26
体力: 28254.05 / 140
友情点: 220 / 2215990`
*連続ログイン2日目
※ログインが途切れるか、7日到達すると
1日目から再開されます*
`聖晶石 X 1
11月交換券(2023) X 1
`*聖杯戦線 ～白天の城、黒夜の城～開幕記念 ログインボーナス*
*開催期間中、1日1回 最大21回ログインボーナスをプレゼント！*
`白銀の果実 X 1
`_2023-11-12 21:32:09_
--------
*2174d32711b19c31c9b5cedbb8b244e3*
`登陆天数: 507天 / 515天
等级: 58
石头: 0
呼符: 0
体力: 134667.25333333333 / 83
友情点: 150 / 135565`
*連続ログイン3日目
※ログインが途切れるか、7日到達すると
1日目から再開されます*
`叡智の業火 X 1
11月交換券(2023) X 1
`*聖杯戦線 ～白天の城、黒夜の城～開幕記念 ログインボーナス*
*開催期間中、1日1回 最大21回ログインボーナスをプレゼント！*
`白銀の果実 X 1
`_2023-11-12 21:32:18_
--------
