【登录信息】
*cdce5e32ccc4663b4840e7ec4e8a6cf9*
`登陆天数: 682天 / 1304天
等级: 141
石头: 351
呼符: 26
体力: 28542.06333333333 / 140
友情点: 140 / 2216130`
*連続ログイン3日目
※ログインが途切れるか、7日到達すると
1日目から再開されます*
`叡智の業火 X 1
11月交換券(2023) X 1
`*聖杯戦線 ～白天の城、黒夜の城～開幕記念 ログインボーナス*
*開催期間中、1日1回 最大21回ログインボーナスをプレゼント！*
`白銀の果実 X 1
`_2023-11-13 21:32:13_
--------
*2174d32711b19c31c9b5cedbb8b244e3*
`登陆天数: 508天 / 516天
等级: 58
石头: 0
呼符: 0
体力: 134955.26666666666 / 83
友情点: 60 / 135625`
*連続ログイン4日目
※ログインが途切れるか、7日到達すると
1日目から再開されます*
`聖晶石 X 1
11月交換券(2023) X 1
`*聖杯戦線 ～白天の城、黒夜の城～開幕記念 ログインボーナス*
*開催期間中、1日1回 最大21回ログインボーナスをプレゼント！*
`白銀の果実 X 1
`_2023-11-13 21:32:23_
--------
