【登录信息】
*cdce5e32ccc4663b4840e7ec4e8a6cf9*
`登陆天数: 684天 / 1306天
等级: 141
石头: 351
呼符: 26
体力: 29118.126666666667 / 140
友情点: 130 / 2216600`
*連続ログイン5日目
※ログインが途切れるか、7日到達すると
1日目から再開されます*
`叡智の業火 X 2
11月交換券(2023) X 1
`*使用期限付コンティニューアイテムプレゼント！*
*開催期間中、初回ログインでコンティニューアイテム「霊脈石×3」をプレゼント！*
`霊脈石 X 3
`_2023-11-15 21:32:32_
--------
*2174d32711b19c31c9b5cedbb8b244e3*
`登陆天数: 510天 / 518天
等级: 58
石头: 0
呼符: 0
体力: 135531.33 / 83
友情点: 70 / 135775`
*連続ログイン6日目
※ログインが途切れるか、7日到達すると
1日目から再開されます*
`聖晶石 X 2
11月交換券(2023) X 1
`*使用期限付コンティニューアイテムプレゼント！*
*開催期間中、初回ログインでコンティニューアイテム「霊脈石×3」をプレゼント！*
`霊脈石 X 3
`_2023-11-15 21:32:42_
--------
