【登录信息】
*cdce5e32ccc4663b4840e7ec4e8a6cf9*
`登陆天数: 686天 / 1308天
等级: 141
石头: 351
呼符: 26
体力: 29694.08 / 140
友情点: 80 / 2216770`
*連続ログイン7日間到達おめでとうございます！
明日は1日目からリスタートされます。*
`獣の足跡 X 1
呼符 X 1
11月交換券(2023) X 1
`*2900万DL突破記念 特別回数ログインボーナス*
*開催期間中、1日1回 最大10回 回数ログインボーナスをプレゼント！*
`白銀の果実 X 10
`_2023-11-17 21:32:17_
--------
*2174d32711b19c31c9b5cedbb8b244e3*
`登陆天数: 512天 / 520天
等级: 58
石头: 0
呼符: 0
体力: 136107.28333333333 / 83
友情点: 120 / 135945`
*連続ログイン1日目
※ログインが途切れるか、7日到達すると
1日目から再開されます*
`フレンドポイント X 2000
11月交換券(2023) X 1
`*2900万DL突破記念 特別回数ログインボーナス*
*開催期間中、1日1回 最大10回 回数ログインボーナスをプレゼント！*
`白銀の果実 X 10
`_2023-11-17 21:32:27_
--------
