【登录信息】
*cdce5e32ccc4663b4840e7ec4e8a6cf9*
`登陆天数: 688天 / 1310天
等级: 141
石头: 351
呼符: 26
体力: 30270.08 / 140
友情点: 150 / 2217410`
*連続ログイン2日目
※ログインが途切れるか、7日到達すると
1日目から再開されます*
`聖晶石 X 1
11月交換券(2023) X 1
`*2900万DL突破記念 特別回数ログインボーナス*
*開催期間中、1日1回 最大10回 回数ログインボーナスをプレゼント！*
`QP X 10000000
`_2023-11-19 21:32:17_
--------
*2174d32711b19c31c9b5cedbb8b244e3*
`登陆天数: 514天 / 522天
等级: 58
石头: 0
呼符: 0
体力: 136683.28333333333 / 83
友情点: 40 / 136115`
*連続ログイン3日目
※ログインが途切れるか、7日到達すると
1日目から再開されます*
`叡智の業火 X 1
11月交換券(2023) X 1
`*2900万DL突破記念 特別回数ログインボーナス*
*開催期間中、1日1回 最大10回 回数ログインボーナスをプレゼント！*
`QP X 10000000
`_2023-11-19 21:32:27_
--------
