【登录信息】
*cdce5e32ccc4663b4840e7ec4e8a6cf9*
`登陆天数: 690天 / 1312天
等级: 141
石头: 351
呼符: 26
体力: 30846.06333333333 / 140
友情点: 40 / 2217530`
*連続ログイン4日目
※ログインが途切れるか、7日到達すると
1日目から再開されます*
`聖晶石 X 1
11月交換券(2023) X 1
`*2900万DL突破記念 特別回数ログインボーナス*
*開催期間中、1日1回 最大10回 回数ログインボーナスをプレゼント！*
`英霊結晶・星のフォウくん X 10
英霊結晶・太陽のフォウくん X 10
`_2023-11-21 21:32:12_
--------
*2174d32711b19c31c9b5cedbb8b244e3*
`登陆天数: 516天 / 524天
等级: 58
石头: 0
呼符: 0
体力: 137259.26666666666 / 83
友情点: 40 / 136225`
*連続ログイン5日目
※ログインが途切れるか、7日到達すると
1日目から再開されます*
`叡智の業火 X 2
11月交換券(2023) X 1
`*2900万DL突破記念 特別回数ログインボーナス*
*開催期間中、1日1回 最大10回 回数ログインボーナスをプレゼント！*
`英霊結晶・星のフォウくん X 10
英霊結晶・太陽のフォウくん X 10
`_2023-11-21 21:32:22_
--------
