【登录信息】
*cdce5e32ccc4663b4840e7ec4e8a6cf9*
`登陆天数: 694天 / 1316天
等级: 141
石头: 351
呼符: 26
体力: 31998.06333333333 / 140
友情点: 120 / 2217910`
*連続ログイン1日目
※ログインが途切れるか、7日到達すると
1日目から再開されます*
`フレンドポイント X 2000
11月交換券(2023) X 1
`*日替りログインボーナス*
*開催期間中、1日1回 2週間日替りでログインボーナスをプレゼント！*
`巡霊の葉 X 30
`_2023-11-25 21:32:12_
--------
*2174d32711b19c31c9b5cedbb8b244e3*
`登陆天数: 520天 / 528天
等级: 58
石头: 0
呼符: 0
体力: 138411.26666666666 / 83
友情点: 140 / 136665`
*連続ログイン2日目
※ログインが途切れるか、7日到達すると
1日目から再開されます*
`聖晶石 X 1
11月交換券(2023) X 1
`*日替りログインボーナス*
*開催期間中、1日1回 2週間日替りでログインボーナスをプレゼント！*
`巡霊の葉 X 30
`_2023-11-25 21:32:22_
--------
