【登录信息】
*cdce5e32ccc4663b4840e7ec4e8a6cf9*
`登陆天数: 492天 / 1114天
等级: 141
石头: 7
呼符: 0
体力: 31316.676666666666 / 140
友情点: 0 / 2089130`
*連続ログイン2日目
※ログインが途切れるか、7日到達すると
1日目から再開されます*
`聖晶石 X 1
5月交換券(2023) X 1
`*「Fate/Grand Order キャストトーク in マチ★アソビvol.26」開催記念プレゼント*
*開催期間中、初回ログインで「聖晶石×10」をプレゼント！*
`聖晶石 X 10
`_2023-05-07 21:32:03_
--------
*2174d32711b19c31c9b5cedbb8b244e3*
`登陆天数: 318天 / 326天
等级: 58
石头: 0
呼符: 0
体力: 80235.23333333334 / 83
友情点: 0 / 128795`
*連続ログイン3日目
※ログインが途切れるか、7日到達すると
1日目から再開されます*
`叡智の業火 X 1
5月交換券(2023) X 1
`*「Fate/Grand Order キャストトーク in マチ★アソビvol.26」開催記念プレゼント*
*開催期間中、初回ログインで「聖晶石×10」をプレゼント！*
`聖晶石 X 10
`_2023-05-07 21:32:12_
--------
