【登录信息】
*cdce5e32ccc4663b4840e7ec4e8a6cf9*
`登陆天数: 495天 / 1117天
等级: 141
石头: 7
呼符: 0
体力: 32180.913333333334 / 140
友情点: 50 / 2089240`
*連続ログイン5日目
※ログインが途切れるか、7日到達すると
1日目から再開されます*
`叡智の業火 X 2
5月交換券(2023) X 1
`*日替りログインボーナス*
*開催期間中、1日1回 2週間日替りでログインボーナスをプレゼント！*
`巡霊の葉 X 30
`_2023-05-10 21:33:14_
--------
*2174d32711b19c31c9b5cedbb8b244e3*
`登陆天数: 321天 / 329天
等级: 58
石头: 0
呼符: 0
体力: 81099.46666666666 / 83
友情点: 0 / 128795`
*連続ログイン6日目
※ログインが途切れるか、7日到達すると
1日目から再開されます*
`聖晶石 X 2
5月交換券(2023) X 1
`*日替りログインボーナス*
*開催期間中、1日1回 2週間日替りでログインボーナスをプレゼント！*
`巡霊の葉 X 30
`_2023-05-10 21:33:23_
--------
