【登录信息】
*cdce5e32ccc4663b4840e7ec4e8a6cf9*
`登陆天数: 497天 / 1119天
等级: 141
石头: 7
呼符: 0
体力: 32756.683333333334 / 140
友情点: 110 / 2089460`
*連続ログイン7日間到達おめでとうございます！
明日は1日目からリスタートされます。*
`獣の足跡 X 1
呼符 X 1
5月交換券(2023) X 1
`*日替りログインボーナス*
*開催期間中、1日1回 2週間日替りでログインボーナスをプレゼント！*
`聖晶石 X 2
巡霊の葉 X 100
`_2023-05-12 21:32:06_
--------
*2174d32711b19c31c9b5cedbb8b244e3*
`登陆天数: 323天 / 331天
等级: 58
石头: 0
呼符: 0
体力: 81675.24 / 83
友情点: 0 / 128795`
*連続ログイン1日目
※ログインが途切れるか、7日到達すると
1日目から再開されます*
`フレンドポイント X 2000
5月交換券(2023) X 1
`*日替りログインボーナス*
*開催期間中、1日1回 2週間日替りでログインボーナスをプレゼント！*
`聖晶石 X 2
巡霊の葉 X 100
`_2023-05-12 21:32:15_
--------
