【登录信息】
*cdce5e32ccc4663b4840e7ec4e8a6cf9*
`登陆天数: 502天 / 1124天
等级: 141
石头: 7
呼符: 0
体力: 34196.69666666666 / 140
友情点: 45 / 2089695`
*連続ログイン5日目
※ログインが途切れるか、7日到達すると
1日目から再開されます*
`叡智の業火 X 2
5月交換券(2023) X 1
`*日替りログインボーナス*
*開催期間中、1日1回 2週間日替りでログインボーナスをプレゼント！*
`巡霊の葉 X 30
`_2023-05-17 21:32:10_
--------
*2174d32711b19c31c9b5cedbb8b244e3*
`登陆天数: 328天 / 336天
等级: 58
石头: 0
呼符: 0
体力: 83115.25333333333 / 83
友情点: 10 / 128805`
*連続ログイン6日目
※ログインが途切れるか、7日到達すると
1日目から再開されます*
`聖晶石 X 2
5月交換券(2023) X 1
`*日替りログインボーナス*
*開催期間中、1日1回 2週間日替りでログインボーナスをプレゼント！*
`巡霊の葉 X 30
`_2023-05-17 21:32:19_
--------
