【登录信息】
*cdce5e32ccc4663b4840e7ec4e8a6cf9*
`登陆天数: 505天 / 1127天
等级: 141
石头: 7
呼符: 0
体力: 35060.69 / 140
友情点: 0 / 2090170`
*連続ログイン1日目
※ログインが途切れるか、7日到達すると
1日目から再開されます*
`フレンドポイント X 2000
5月交換券(2023) X 1
`*日替りログインボーナス*
*開催期間中、1日1回 2週間日替りでログインボーナスをプレゼント！*
`巡霊の葉 X 30
`_2023-05-20 21:32:08_
--------
*2174d32711b19c31c9b5cedbb8b244e3*
`登陆天数: 331天 / 339天
等级: 58
石头: 0
呼符: 0
体力: 83979.24666666667 / 83
友情点: 0 / 128825`
*連続ログイン2日目
※ログインが途切れるか、7日到達すると
1日目から再開されます*
`聖晶石 X 1
5月交換券(2023) X 1
`*日替りログインボーナス*
*開催期間中、1日1回 2週間日替りでログインボーナスをプレゼント！*
`巡霊の葉 X 30
`_2023-05-20 21:32:17_
--------
