【登录信息】
*cdce5e32ccc4663b4840e7ec4e8a6cf9*
`登陆天数: 523天 / 1145天
等级: 141
石头: 7
呼符: 0
体力: 40244.763333333336 / 140
友情点: 0 / 2090210`
*連続ログイン5日目
※ログインが途切れるか、7日到達すると
1日目から再開されます*
`叡智の業火 X 2
6月交換券(2023) X 1
`*奏章Ⅰ 
虚数羅針内界 ペーパームーン
開幕直前ログインボーナス*
*開催期間中、1日1回 7日間日替りでログインボーナスをプレゼント！*
`QP X 3000000
白銀の果実 X 1
`_2023-06-07 21:32:29_
--------
*2174d32711b19c31c9b5cedbb8b244e3*
`登陆天数: 349天 / 357天
等级: 58
石头: 0
呼符: 0
体力: 89163.32 / 83
友情点: 0 / 128845`
*連続ログイン6日目
※ログインが途切れるか、7日到達すると
1日目から再開されます*
`聖晶石 X 2
6月交換券(2023) X 1
`*奏章Ⅰ 
虚数羅針内界 ペーパームーン
開幕直前ログインボーナス*
*開催期間中、1日1回 7日間日替りでログインボーナスをプレゼント！*
`QP X 3000000
白銀の果実 X 1
`_2023-06-07 21:32:38_
--------
