【登录信息】
*cdce5e32ccc4663b4840e7ec4e8a6cf9*
`登陆天数: 525天 / 1147天
等级: 141
石头: 7
呼符: 0
体力: 40820.676666666666 / 140
友情点: 0 / 2090235`
*連続ログイン7日間到達おめでとうございます！
明日は1日目からリスタートされます。*
`獣の足跡 X 1
呼符 X 1
6月交換券(2023) X 1
`*奏章Ⅰ 
虚数羅針内界 ペーパームーン
開幕直前ログインボーナス*
*開催期間中、1日1回 7日間日替りでログインボーナスをプレゼント！*
`英霊結晶・太陽のフォウくん X 2
白銀の果実 X 1
`_2023-06-09 21:32:04_
--------
*2174d32711b19c31c9b5cedbb8b244e3*
`登陆天数: 351天 / 359天
等级: 58
石头: 0
呼符: 0
体力: 89739.23666666666 / 83
友情点: 0 / 128845`
*連続ログイン1日目
※ログインが途切れるか、7日到達すると
1日目から再開されます*
`フレンドポイント X 2000
6月交換券(2023) X 1
`*奏章Ⅰ 
虚数羅針内界 ペーパームーン
開幕直前ログインボーナス*
*開催期間中、1日1回 7日間日替りでログインボーナスをプレゼント！*
`英霊結晶・太陽のフォウくん X 2
白銀の果実 X 1
`_2023-06-09 21:32:13_
--------
