【登录信息】
*cdce5e32ccc4663b4840e7ec4e8a6cf9*
`登陆天数: 530天 / 1152天
等级: 141
石头: 7
呼符: 0
体力: 42260.72 / 140
友情点: 0 / 2090270`
*連続ログイン5日目
※ログインが途切れるか、7日到達すると
1日目から再開されます*
`叡智の業火 X 2
6月交換券(2023) X 1
`*Dandelion1 生放送放送 初回ログインボーナス*
*開催期間中、初回ログインで「聖晶石×14」をプレゼント！*
`聖晶石 X 14
`_2023-06-14 21:32:17_
--------
*2174d32711b19c31c9b5cedbb8b244e3*
`登陆天数: 356天 / 364天
等级: 58
石头: 0
呼符: 0
体力: 91179.27666666667 / 83
友情点: 0 / 128845`
*連続ログイン6日目
※ログインが途切れるか、7日到達すると
1日目から再開されます*
`聖晶石 X 2
6月交換券(2023) X 1
`*Dandelion1 生放送放送 初回ログインボーナス*
*開催期間中、初回ログインで「聖晶石×14」をプレゼント！*
`聖晶石 X 14
`_2023-06-14 21:32:26_
--------
