【登录信息】
*cdce5e32ccc4663b4840e7ec4e8a6cf9*
`登陆天数: 545天 / 1167天
等级: 141
石头: 7
呼符: 0
体力: 46580.72666666667 / 140
友情点: 20 / 2090600`
*連続ログイン6日目
※ログインが途切れるか、7日到達すると
1日目から再開されます*
`聖晶石 X 2
6月交換券(2023) X 1
`*2800万DL突破記念 特別回数ログインボーナス*
*開催期間中、1日1回 最大10回 回数ログインボーナスをプレゼント！*
`マナプリズム X 100
黄金の果実 X 10
`_2023-06-29 21:32:18_
--------
*2174d32711b19c31c9b5cedbb8b244e3*
`登陆天数: 371天 / 379天
等级: 58
石头: 0
呼符: 0
体力: 95499.28333333334 / 83
友情点: 0 / 131725`
*連続ログイン7日間到達おめでとうございます！
明日は1日目からリスタートされます。*
`獣の足跡 X 1
呼符 X 1
6月交換券(2023) X 1
`*2800万DL突破記念 特別回数ログインボーナス*
*開催期間中、1日1回 最大10回 回数ログインボーナスをプレゼント！*
`マナプリズム X 100
黄金の果実 X 10
`_2023-06-29 21:32:28_
--------
