【登录信息】
*cdce5e32ccc4663b4840e7ec4e8a6cf9*
`登陆天数: 700天 / 1322天
等级: 141
石头: 351
呼符: 26
体力: 33726.043333333335 / 140
友情点: 10 / 2218220`
*連続ログイン7日間到達おめでとうございます！
明日は1日目からリスタートされます。*
`獣の足跡 X 1
呼符 X 1
12月交換券(2023) X 1
`*日替りログインボーナス*
*開催期間中、1日1回 2週間日替りでログインボーナスをプレゼント！*
`聖晶石 X 2
巡霊の葉 X 100
`_2023-12-01 21:32:07_
--------
*2174d32711b19c31c9b5cedbb8b244e3*
`登陆天数: 526天 / 534天
等级: 58
石头: 0
呼符: 0
体力: 140139.24666666667 / 83
友情点: 40 / 137155`
*連続ログイン1日目
※ログインが途切れるか、7日到達すると
1日目から再開されます*
`フレンドポイント X 2000
12月交換券(2023) X 1
`*日替りログインボーナス*
*開催期間中、1日1回 2週間日替りでログインボーナスをプレゼント！*
`聖晶石 X 2
巡霊の葉 X 100
`_2023-12-01 21:32:16_
--------
