【登录信息】
*cdce5e32ccc4663b4840e7ec4e8a6cf9*
`登陆天数: 701天 / 1323天
等级: 141
石头: 351
呼符: 26
体力: 34014.166666666664 / 140
友情点: 100 / 2218320`
*連続ログイン1日目
※ログインが途切れるか、7日到達すると
1日目から再開されます*
`フレンドポイント X 2000
12月交換券(2023) X 1
`*日替りログインボーナス*
*開催期間中、1日1回 2週間日替りでログインボーナスをプレゼント！*
`巡霊の葉 X 30
`_2023-12-02 21:32:43_
--------
*2174d32711b19c31c9b5cedbb8b244e3*
`登陆天数: 527天 / 535天
等级: 58
石头: 0
呼符: 0
体力: 140427.37 / 83
友情点: 40 / 137195`
*連続ログイン2日目
※ログインが途切れるか、7日到達すると
1日目から再開されます*
`聖晶石 X 1
12月交換券(2023) X 1
`*日替りログインボーナス*
*開催期間中、1日1回 2週間日替りでログインボーナスをプレゼント！*
`巡霊の葉 X 30
`_2023-12-02 21:32:53_
--------
