【登录信息】
*cdce5e32ccc4663b4840e7ec4e8a6cf9*
`登陆天数: 702天 / 1324天
等级: 141
石头: 351
呼符: 26
体力: 34302.02333333333 / 140
友情点: 70 / 2218390`
*連続ログイン2日目
※ログインが途切れるか、7日到達すると
1日目から再開されます*
`聖晶石 X 1
12月交換券(2023) X 1
`*日替りログインボーナス*
*開催期間中、1日1回 2週間日替りでログインボーナスをプレゼント！*
`巡霊の葉 X 30
`_2023-12-03 21:32:00_
--------
*2174d32711b19c31c9b5cedbb8b244e3*
`登陆天数: 528天 / 536天
等级: 58
石头: 0
呼符: 0
体力: 140715.22666666665 / 83
友情点: 40 / 137235`
*連続ログイン3日目
※ログインが途切れるか、7日到達すると
1日目から再開されます*
`叡智の業火 X 1
12月交換券(2023) X 1
`*日替りログインボーナス*
*開催期間中、1日1回 2週間日替りでログインボーナスをプレゼント！*
`巡霊の葉 X 30
`_2023-12-03 21:32:10_
--------
