【登录信息】
*cdce5e32ccc4663b4840e7ec4e8a6cf9*
`登陆天数: 703天 / 1325天
等级: 141
石头: 351
呼符: 26
体力: 34590.03333333333 / 140
友情点: 40 / 2218630`
*連続ログイン3日目
※ログインが途切れるか、7日到達すると
1日目から再開されます*
`叡智の業火 X 1
12月交換券(2023) X 1
`*日替りログインボーナス*
*開催期間中、1日1回 2週間日替りでログインボーナスをプレゼント！*
`巡霊の葉 X 30
`_2023-12-04 21:32:04_
--------
*2174d32711b19c31c9b5cedbb8b244e3*
`登陆天数: 529天 / 537天
等级: 58
石头: 0
呼符: 0
体力: 141003.23666666666 / 83
友情点: 40 / 137275`
*連続ログイン4日目
※ログインが途切れるか、7日到達すると
1日目から再開されます*
`聖晶石 X 1
12月交換券(2023) X 1
`*日替りログインボーナス*
*開催期間中、1日1回 2週間日替りでログインボーナスをプレゼント！*
`巡霊の葉 X 30
`_2023-12-04 21:32:13_
--------
