【登录信息】
*cdce5e32ccc4663b4840e7ec4e8a6cf9*
`登陆天数: 705天 / 1327天
等级: 141
石头: 351
呼符: 26
体力: 35166.07666666667 / 140
友情点: 90 / 2218750`
*連続ログイン5日目
※ログインが途切れるか、7日到達すると
1日目から再開されます*
`叡智の業火 X 2
12月交換券(2023) X 1
`*激走！川中島24時 ぐだぐだ超五稜郭 殺しのサインはM51
開幕記念 ログインボーナス*
*開催期間中、1日1回 最大21回ログインボーナスをプレゼント！*
`黄金の果実 X 1
`_2023-12-06 21:32:16_
--------
*2174d32711b19c31c9b5cedbb8b244e3*
`登陆天数: 531天 / 539天
等级: 58
石头: 0
呼符: 0
体力: 141579.28 / 83
友情点: 70 / 137375`
*連続ログイン6日目
※ログインが途切れるか、7日到達すると
1日目から再開されます*
`聖晶石 X 2
12月交換券(2023) X 1
`*激走！川中島24時 ぐだぐだ超五稜郭 殺しのサインはM51
開幕記念 ログインボーナス*
*開催期間中、1日1回 最大21回ログインボーナスをプレゼント！*
`黄金の果実 X 1
`_2023-12-06 21:32:26_
--------
