【登录信息】
*cdce5e32ccc4663b4840e7ec4e8a6cf9*
`登陆天数: 712天 / 1334天
等级: 141
石头: 351
呼符: 26
体力: 37182.06333333333 / 140
友情点: 20 / 2219110`
*連続ログイン5日目
※ログインが途切れるか、7日到達すると
1日目から再開されます*
`叡智の業火 X 2
12月交換券(2023) X 1
`*激走！川中島24時 ぐだぐだ超五稜郭 殺しのサインはM51
開幕記念 ログインボーナス*
*開催期間中、1日1回 最大21回ログインボーナスをプレゼント！*
`黄金の果実 X 1
`_2023-12-13 21:32:13_
--------
*2174d32711b19c31c9b5cedbb8b244e3*
`登陆天数: 538天 / 546天
等级: 58
石头: 0
呼符: 0
体力: 143595.26666666666 / 83
友情点: 50 / 137575`
*連続ログイン6日目
※ログインが途切れるか、7日到達すると
1日目から再開されます*
`聖晶石 X 2
12月交換券(2023) X 1
`*激走！川中島24時 ぐだぐだ超五稜郭 殺しのサインはM51
開幕記念 ログインボーナス*
*開催期間中、1日1回 最大21回ログインボーナスをプレゼント！*
`黄金の果実 X 1
`_2023-12-13 21:32:22_
--------
