【登录信息】
*cdce5e32ccc4663b4840e7ec4e8a6cf9*
`登陆天数: 716天 / 1338天
等级: 141
石头: 351
呼符: 26
体力: 38334.05333333334 / 140
友情点: 220 / 2219450`
*連続ログイン2日目
※ログインが途切れるか、7日到達すると
1日目から再開されます*
`聖晶石 X 1
12月交換券(2023) X 1
`*激走！川中島24時 ぐだぐだ超五稜郭 殺しのサインはM51
開幕記念 ログインボーナス*
*開催期間中、1日1回 最大21回ログインボーナスをプレゼント！*
`白銀の果実 X 1
`_2023-12-17 21:32:10_
--------
*2174d32711b19c31c9b5cedbb8b244e3*
`登陆天数: 542天 / 550天
等级: 58
石头: 0
呼符: 0
体力: 144747.25666666665 / 83
友情点: 80 / 137765`
*連続ログイン3日目
※ログインが途切れるか、7日到達すると
1日目から再開されます*
`叡智の業火 X 1
12月交換券(2023) X 1
`*激走！川中島24時 ぐだぐだ超五稜郭 殺しのサインはM51
開幕記念 ログインボーナス*
*開催期間中、1日1回 最大21回ログインボーナスをプレゼント！*
`白銀の果実 X 1
`_2023-12-17 21:32:20_
--------
