【登录信息】
*cdce5e32ccc4663b4840e7ec4e8a6cf9*
`登陆天数: 723天 / 1345天
等级: 141
石头: 351
呼符: 26
体力: 40350.04 / 140
友情点: 180 / 2220090`
*連続ログイン2日目
※ログインが途切れるか、7日到達すると
1日目から再開されます*
`聖晶石 X 1
12月交換券(2023) X 1
`*ネモ〔サンタ〕からのクリスマスプレゼント*
*開催期間中、初回ログインで「聖晶石×10」をプレゼント！*
`聖晶石 X 10
`_2023-12-24 21:32:07_
--------
*2174d32711b19c31c9b5cedbb8b244e3*
`登陆天数: 549天 / 557天
等级: 58
石头: 0
呼符: 0
体力: 146763.24333333335 / 83
友情点: 140 / 138265`
*連続ログイン3日目
※ログインが途切れるか、7日到達すると
1日目から再開されます*
`叡智の業火 X 1
12月交換券(2023) X 1
`*ネモ〔サンタ〕からのクリスマスプレゼント*
*開催期間中、初回ログインで「聖晶石×10」をプレゼント！*
`聖晶石 X 10
`_2023-12-24 21:32:15_
--------
