【登录信息】
*cdce5e32ccc4663b4840e7ec4e8a6cf9*
`登陆天数: 728天 / 1350天
等级: 141
石头: 351
呼符: 26
体力: 41790.03 / 140
友情点: 140 / 2220505`
*連続ログイン7日間到達おめでとうございます！
明日は1日目からリスタートされます。*
`獣の足跡 X 1
呼符 X 1
12月交換券(2023) X 1
`*「FGO カルデア・サテライトステーション 2023-2024」京都会場開催記念 3万リポスト達成プレゼント*
*開催期間中、初回ログインで「聖晶石×6」をプレゼント！*
`聖晶石 X 6
`_2023-12-29 21:32:04_
--------
*2174d32711b19c31c9b5cedbb8b244e3*
`登陆天数: 554天 / 562天
等级: 58
石头: 0
呼符: 0
体力: 148203.23333333334 / 83
友情点: 40 / 138455`
*連続ログイン1日目
※ログインが途切れるか、7日到達すると
1日目から再開されます*
`フレンドポイント X 2000
12月交換券(2023) X 1
`*「FGO カルデア・サテライトステーション 2023-2024」京都会場開催記念 3万リポスト達成プレゼント*
*開催期間中、初回ログインで「聖晶石×6」をプレゼント！*
`聖晶石 X 6
`_2023-12-29 21:32:13_
--------
