【登录信息】
*cdce5e32ccc4663b4840e7ec4e8a6cf9*
`登陆天数: 645天 / 1267天
等级: 141
石头: 351
呼符: 26
体力: 17886.076666666668 / 140
友情点: 30 / 2211915`
*連続ログイン1日目
※ログインが途切れるか、7日到達すると
1日目から再開されます*
`フレンドポイント X 2000
10月交換券(2023) X 1
`*ワンジナ・ワールドツアー！ ～大精霊と巡る世界一周～開幕記念 ログインボーナス*
*開催期間中、1日1回 最大21回ログインボーナスをプレゼント！*
`白銀の果実 X 1
`_2023-10-07 21:32:17_
--------
*2174d32711b19c31c9b5cedbb8b244e3*
`登陆天数: 471天 / 479天
等级: 58
石头: 0
呼符: 0
体力: 124299.28 / 83
友情点: 40 / 132535`
*連続ログイン2日目
※ログインが途切れるか、7日到達すると
1日目から再開されます*
`聖晶石 X 1
10月交換券(2023) X 1
`*ワンジナ・ワールドツアー！ ～大精霊と巡る世界一周～開幕記念 ログインボーナス*
*開催期間中、1日1回 最大21回ログインボーナスをプレゼント！*
`白銀の果実 X 1
`_2023-10-07 21:32:27_
--------
