【登录信息】
*cdce5e32ccc4663b4840e7ec4e8a6cf9*
`登陆天数: 646天 / 1268天
等级: 141
石头: 351
呼符: 26
体力: 18174.033333333333 / 140
友情点: 20 / 2211935`
*連続ログイン2日目
※ログインが途切れるか、7日到達すると
1日目から再開されます*
`聖晶石 X 1
10月交換券(2023) X 1
`*ワンジナ・ワールドツアー！ ～大精霊と巡る世界一周～開幕記念 ログインボーナス*
*開催期間中、1日1回 最大21回ログインボーナスをプレゼント！*
`白銀の果実 X 1
`_2023-10-08 21:32:04_
--------
*2174d32711b19c31c9b5cedbb8b244e3*
`登陆天数: 472天 / 480天
等级: 58
石头: 0
呼符: 0
体力: 124587.23666666666 / 83
友情点: 70 / 132615`
*連続ログイン3日目
※ログインが途切れるか、7日到達すると
1日目から再開されます*
`叡智の業火 X 1
10月交換券(2023) X 1
`*ワンジナ・ワールドツアー！ ～大精霊と巡る世界一周～開幕記念 ログインボーナス*
*開催期間中、1日1回 最大21回ログインボーナスをプレゼント！*
`白銀の果実 X 1
`_2023-10-08 21:32:13_
--------
