【登录信息】
*cdce5e32ccc4663b4840e7ec4e8a6cf9*
`登陆天数: 650天 / 1272天
等级: 141
石头: 351
呼符: 26
体力: 19326.05 / 140
友情点: 40 / 2212095`
*連続ログイン6日目
※ログインが途切れるか、7日到達すると
1日目から再開されます*
`聖晶石 X 2
10月交換券(2023) X 1
`*日替りログインボーナス*
*開催期間中、1日1回 2週間日替りでログインボーナスをプレゼント！*
`巡霊の葉 X 30
`_2023-10-12 21:32:09_
--------
*2174d32711b19c31c9b5cedbb8b244e3*
`登陆天数: 476天 / 484天
等级: 58
石头: 0
呼符: 0
体力: 125739.25333333333 / 83
友情点: 30 / 132685`
*連続ログイン7日間到達おめでとうございます！
明日は1日目からリスタートされます。*
`獣の足跡 X 1
呼符 X 1
10月交換券(2023) X 1
`*日替りログインボーナス*
*開催期間中、1日1回 2週間日替りでログインボーナスをプレゼント！*
`巡霊の葉 X 30
`_2023-10-12 21:32:18_
--------
