【登录信息】
*cdce5e32ccc4663b4840e7ec4e8a6cf9*
`登陆天数: 652天 / 1274天
等级: 141
石头: 351
呼符: 26
体力: 19902.06 / 140
友情点: 40 / 2212155`
*連続ログイン1日目
※ログインが途切れるか、7日到達すると
1日目から再開されます*
`フレンドポイント X 2000
10月交換券(2023) X 1
`*リリース3000日突破キャンペーン 初回ログインボーナス*
*開催期間中、初回ログインで「聖晶石×10」をプレゼント！*
`聖晶石 X 10
`_2023-10-14 21:32:12_
--------
*2174d32711b19c31c9b5cedbb8b244e3*
`登陆天数: 478天 / 486天
等级: 58
石头: 0
呼符: 0
体力: 126315.26333333334 / 83
友情点: 0 / 132695`
*連続ログイン2日目
※ログインが途切れるか、7日到達すると
1日目から再開されます*
`聖晶石 X 1
10月交換券(2023) X 1
`*リリース3000日突破キャンペーン 初回ログインボーナス*
*開催期間中、初回ログインで「聖晶石×10」をプレゼント！*
`聖晶石 X 10
`_2023-10-14 21:32:22_
--------
