【登录信息】
*cdce5e32ccc4663b4840e7ec4e8a6cf9*
`登陆天数: 655天 / 1277天
等级: 141
石头: 351
呼符: 26
体力: 20766.096666666668 / 140
友情点: 10 / 2212330`
*連続ログイン4日目
※ログインが途切れるか、7日到達すると
1日目から再開されます*
`聖晶石 X 1
10月交換券(2023) X 1
`*日替りログインボーナス*
*開催期間中、1日1回 2週間日替りでログインボーナスをプレゼント！*
`聖晶石 X 3
巡霊の葉 X 50
`_2023-10-17 21:32:22_
--------
*2174d32711b19c31c9b5cedbb8b244e3*
`登陆天数: 481天 / 489天
等级: 58
石头: 0
呼符: 0
体力: 127179.3 / 83
友情点: 0 / 132835`
*連続ログイン5日目
※ログインが途切れるか、7日到達すると
1日目から再開されます*
`叡智の業火 X 2
10月交換券(2023) X 1
`*日替りログインボーナス*
*開催期間中、1日1回 2週間日替りでログインボーナスをプレゼント！*
`聖晶石 X 3
巡霊の葉 X 50
`_2023-10-17 21:32:32_
--------
