【登录信息】
*cdce5e32ccc4663b4840e7ec4e8a6cf9*
`登陆天数: 656天 / 1278天
等级: 141
石头: 351
呼符: 26
体力: 21054.093333333334 / 140
友情点: 100 / 2212430`
*連続ログイン5日目
※ログインが途切れるか、7日到達すると
1日目から再開されます*
`叡智の業火 X 2
10月交換券(2023) X 1
`*日替りログインボーナス*
*開催期間中、1日1回 2週間日替りでログインボーナスをプレゼント！*
`巡霊の葉 X 30
`_2023-10-18 21:32:22_
--------
*2174d32711b19c31c9b5cedbb8b244e3*
`登陆天数: 482天 / 490天
等级: 58
石头: 0
呼符: 0
体力: 127467.29666666666 / 83
友情点: 140 / 132975`
*連続ログイン6日目
※ログインが途切れるか、7日到達すると
1日目から再開されます*
`聖晶石 X 2
10月交換券(2023) X 1
`*日替りログインボーナス*
*開催期間中、1日1回 2週間日替りでログインボーナスをプレゼント！*
`巡霊の葉 X 30
`_2023-10-18 21:32:32_
--------
