【登录信息】
*cdce5e32ccc4663b4840e7ec4e8a6cf9*
`登陆天数: 657天 / 1279天
等级: 141
石头: 351
呼符: 26
体力: 21342.053333333333 / 140
友情点: 105 / 2212535`
*連続ログイン6日目
※ログインが途切れるか、7日到達すると
1日目から再開されます*
`聖晶石 X 2
10月交換券(2023) X 1
`*日替りログインボーナス*
*開催期間中、1日1回 2週間日替りでログインボーナスをプレゼント！*
`巡霊の葉 X 30
`_2023-10-19 21:32:10_
--------
*2174d32711b19c31c9b5cedbb8b244e3*
`登陆天数: 483天 / 491天
等级: 58
石头: 0
呼符: 0
体力: 127755.25666666667 / 83
友情点: 0 / 132975`
*連続ログイン7日間到達おめでとうございます！
明日は1日目からリスタートされます。*
`獣の足跡 X 1
呼符 X 1
10月交換券(2023) X 1
`*日替りログインボーナス*
*開催期間中、1日1回 2週間日替りでログインボーナスをプレゼント！*
`巡霊の葉 X 30
`_2023-10-19 21:32:19_
--------
