【登录信息】
*cdce5e32ccc4663b4840e7ec4e8a6cf9*
`登陆天数: 659天 / 1281天
等级: 141
石头: 351
呼符: 26
体力: 21918.056666666667 / 140
友情点: 200 / 2212945`
*連続ログイン1日目
※ログインが途切れるか、7日到達すると
1日目から再開されます*
`フレンドポイント X 2000
10月交換券(2023) X 1
`*【リリース3000日突破記念特別】
ログインボーナス*
*開催期間中、1日1回 最大7回 回数ログインボーナスをプレゼント！*
`呼符 X 1
`_2023-10-21 21:32:11_
--------
*2174d32711b19c31c9b5cedbb8b244e3*
`登陆天数: 485天 / 493天
等级: 58
石头: 0
呼符: 0
体力: 128331.26 / 83
友情点: 170 / 133855`
*連続ログイン2日目
※ログインが途切れるか、7日到達すると
1日目から再開されます*
`聖晶石 X 1
10月交換券(2023) X 1
`*【リリース3000日突破記念特別】
ログインボーナス*
*開催期間中、1日1回 最大7回 回数ログインボーナスをプレゼント！*
`呼符 X 1
`_2023-10-21 21:32:20_
--------
