【登录信息】
*cdce5e32ccc4663b4840e7ec4e8a6cf9*
`登陆天数: 660天 / 1282天
等级: 141
石头: 351
呼符: 26
体力: 22206.033333333333 / 140
友情点: 40 / 2212985`
*連続ログイン2日目
※ログインが途切れるか、7日到達すると
1日目から再開されます*
`聖晶石 X 1
10月交換券(2023) X 1
`*日替りログインボーナス*
*開催期間中、1日1回 2週間日替りでログインボーナスをプレゼント！*
`巡霊の葉 X 30
`_2023-10-22 21:32:04_
--------
*2174d32711b19c31c9b5cedbb8b244e3*
`登陆天数: 486天 / 494天
等级: 58
石头: 0
呼符: 0
体力: 128619.24 / 83
友情点: 0 / 133855`
*連続ログイン3日目
※ログインが途切れるか、7日到達すると
1日目から再開されます*
`叡智の業火 X 1
10月交換券(2023) X 1
`*日替りログインボーナス*
*開催期間中、1日1回 2週間日替りでログインボーナスをプレゼント！*
`巡霊の葉 X 30
`_2023-10-22 21:32:14_
--------
