【登录信息】
*cdce5e32ccc4663b4840e7ec4e8a6cf9*
`登陆天数: 667天 / 1289天
等级: 141
石头: 351
呼符: 26
体力: 24222.013333333332 / 140
友情点: 220 / 2214455`
*連続ログイン2日目
※ログインが途切れるか、7日到達すると
1日目から再開されます*
`聖晶石 X 1
10月交換券(2023) X 1
`*初回ログインボーナス*
*開催期間中、初回ログインボーナスをプレゼント！*
`聖晶石 X 10
`_2023-10-29 21:31:58_
--------
*2174d32711b19c31c9b5cedbb8b244e3*
`登陆天数: 493天 / 501天
等级: 58
石头: 0
呼符: 0
体力: 130635.21666666666 / 83
友情点: 150 / 134405`
*連続ログイン3日目
※ログインが途切れるか、7日到達すると
1日目から再開されます*
`叡智の業火 X 1
10月交換券(2023) X 1
`*初回ログインボーナス*
*開催期間中、初回ログインボーナスをプレゼント！*
`聖晶石 X 10
`_2023-10-29 21:32:08_
--------
