【登录信息】
[cdce5e32ccc4663b4840e7ec4e8a6cf9]
`登陆天数: 309天 / 931天
等级: 141
石头: 148
呼符: 13
友情点: 0 / 2048340`
*連続ログイン1日目
※ログインが途切れるか、7日到達すると
1日目から再開されます*
`フレンドポイント X 2000
11月交換券(2022) X 1
`*カルデア妖精騎士杯　開幕直前特別ログインボーナス*
*開催期間中、1日1回 最大7回 ログインボーナスをプレゼント！*
`黄金の果実 X 1
`_2022-11-05 19:34:05_
--------
[2174d32711b19c31c9b5cedbb8b244e3]
`登陆天数: 135天 / 143天
等级: 58
石头: 0
呼符: 0
友情点: 0 / 128765`
*連続ログイン2日目
※ログインが途切れるか、7日到達すると
1日目から再開されます*
`聖晶石 X 1
11月交換券(2022) X 1
`*カルデア妖精騎士杯　開幕直前特別ログインボーナス*
*開催期間中、1日1回 最大7回 ログインボーナスをプレゼント！*
`黄金の果実 X 1
`_2022-11-05 19:34:15_
--------
