【登录信息】
[cdce5e32ccc4663b4840e7ec4e8a6cf9]
`登陆天数: 301天 / 923天
等级: 141
石头: 148
呼符: 13
友情点: 25 / 2048140`
*連続ログイン7日間到達おめでとうございます！
明日は1日目からリスタートされます。*
`獣の足跡 X 1
呼符 X 1
10月交換券(2022) X 1
`*特異点修復応援キャンペーン 特別回数ログインボーナス*
*開催期間中、1日1回 最大7回 ログインボーナスをプレゼント！*
`叡智の業火 X 5
`_2022-10-28 19:34:51_
--------
[2174d32711b19c31c9b5cedbb8b244e3]
`登陆天数: 127天 / 135天
等级: 58
石头: 0
呼符: 0
友情点: 0 / 128765`
*連続ログイン1日目
※ログインが途切れるか、7日到達すると
1日目から再開されます*
`フレンドポイント X 2000
10月交換券(2022) X 1
`*特異点修復応援キャンペーン 特別回数ログインボーナス*
*開催期間中、1日1回 最大7回 ログインボーナスをプレゼント！*
`叡智の業火 X 5
`_2022-10-28 19:35:01_
--------
