【登录信息】
*cdce5e32ccc4663b4840e7ec4e8a6cf9*
`登陆天数: 366天 / 988天
等级: 141
石头: 308
呼符: 23
体力: 4315.41 / 140
友情点: 0 / 2072995`
*連続ログイン2日目
※ログインが途切れるか、7日到達すると
1日目から再開されます*
`聖晶石 X 1
1月交換券(2023) X 1
`*2023年お正月キャンペーン　三が日限定ログインボーナス*
*開催期間中、三が日限定のログインボーナスをプレゼント！*
`叡智の業火 X 50
`_2023-01-01 19:33:30_
--------
*2174d32711b19c31c9b5cedbb8b244e3*
`登陆天数: 192天 / 200天
等级: 58
石头: 0
呼符: 0
体力: 43923.52 / 83
友情点: 0 / 128765`
*連続ログイン3日目
※ログインが途切れるか、7日到達すると
1日目から再開されます*
`叡智の業火 X 1
1月交換券(2023) X 1
`*2023年お正月キャンペーン　三が日限定ログインボーナス*
*開催期間中、三が日限定のログインボーナスをプレゼント！*
`叡智の業火 X 50
`_2023-01-01 19:33:38_
--------
