【登录信息】
*cdce5e32ccc4663b4840e7ec4e8a6cf9*
`登陆天数: 367天 / 989天
等级: 141
石头: 308
呼符: 23
体力: 4603.39 / 140
友情点: 0 / 2072995`
*連続ログイン3日目
※ログインが途切れるか、7日到達すると
1日目から再開されます*
`叡智の業火 X 1
1月交換券(2023) X 1
`*2023年お正月キャンペーン　三が日限定ログインボーナス*
*開催期間中、三が日限定のログインボーナスをプレゼント！*
`聖杯 X 1
`_2023-01-02 19:33:24_
--------
*2174d32711b19c31c9b5cedbb8b244e3*
`登陆天数: 193天 / 201天
等级: 58
石头: 0
呼符: 0
体力: 44211.5 / 83
友情点: 0 / 128765`
*連続ログイン4日目
※ログインが途切れるか、7日到達すると
1日目から再開されます*
`聖晶石 X 1
1月交換券(2023) X 1
`*2023年お正月キャンペーン　三が日限定ログインボーナス*
*開催期間中、三が日限定のログインボーナスをプレゼント！*
`聖杯 X 1
`_2023-01-02 19:33:33_
--------
