【登录信息】
*cdce5e32ccc4663b4840e7ec4e8a6cf9*
`登陆天数: 376天 / 998天
等级: 141
石头: 308
呼符: 23
体力: 7219.1466666666665 / 140
友情点: 0 / 2072995`
*連続ログイン5日目
※ログインが途切れるか、7日到達すると
1日目から再開されます*
`叡智の業火 X 2
1月交換券(2023) X 1
`*「Lostbelt No.7 黄金樹海紀行 ナウイ・ミクトラン 惑星を統べるもの」(後編)開幕直前連続ログインボーナス*
*開催期間中、1日1回 最大7回 連続ログインボーナスをプレゼント！*
`黄金の果実 X 1
`_2023-01-11 21:32:11_
--------
*2174d32711b19c31c9b5cedbb8b244e3*
`登陆天数: 202天 / 210天
等级: 58
石头: 0
呼符: 0
体力: 46827.26 / 83
友情点: 0 / 128765`
*連続ログイン6日目
※ログインが途切れるか、7日到達すると
1日目から再開されます*
`聖晶石 X 2
1月交換券(2023) X 1
`*「Lostbelt No.7 黄金樹海紀行 ナウイ・ミクトラン 惑星を統べるもの」(後編)開幕直前連続ログインボーナス*
*開催期間中、1日1回 最大7回 連続ログインボーナスをプレゼント！*
`黄金の果実 X 1
`_2023-01-11 21:32:20_
--------
