【登录信息】
*cdce5e32ccc4663b4840e7ec4e8a6cf9*
`登陆天数: 381天 / 1003天
等级: 141
石头: 308
呼符: 23
体力: 8659.153333333334 / 140
友情点: 0 / 2072995`
*連続ログイン3日目
※ログインが途切れるか、7日到達すると
1日目から再開されます*
`叡智の業火 X 1
1月交換券(2023) X 1
`*「Lostbelt No.7 黄金樹海紀行 ナウイ・ミクトラン 惑星を統べるもの」(後編)開幕直前連続ログインボーナス*
*開催期間中、1日1回 最大7回 連続ログインボーナスをプレゼント！*
`黄金の果実 X 3
`_2023-01-16 21:32:13_
--------
*2174d32711b19c31c9b5cedbb8b244e3*
`登陆天数: 207天 / 215天
等级: 58
石头: 0
呼符: 0
体力: 48267.263333333336 / 83
友情点: 0 / 128765`
*連続ログイン4日目
※ログインが途切れるか、7日到達すると
1日目から再開されます*
`聖晶石 X 1
1月交換券(2023) X 1
`*「Lostbelt No.7 黄金樹海紀行 ナウイ・ミクトラン 惑星を統べるもの」(後編)開幕直前連続ログインボーナス*
*開催期間中、1日1回 最大7回 連続ログインボーナスをプレゼント！*
`黄金の果実 X 3
`_2023-01-16 21:32:22_
--------
