【登录信息】
*cdce5e32ccc4663b4840e7ec4e8a6cf9*
`登陆天数: 436天 / 1058天
等级: 141
石头: 326
呼符: 13
体力: 15188.7 / 140
友情点: 0 / 2130965`
*連続ログイン2日目
※ログインが途切れるか、7日到達すると
1日目から再開されます*
`聖晶石 X 1
3月交換券(2023) X 1
`*CBC2023開催直前特別連続ログインボーナス*
*開催期間中、1日1回 最大7回 連続ログインボーナスをプレゼント！*
`英霊結晶・太陽のフォウくん X 3
`_2023-03-12 21:32:11_
--------
*2174d32711b19c31c9b5cedbb8b244e3*
`登陆天数: 262天 / 270天
等级: 58
石头: 0
呼符: 0
体力: 64107.25666666667 / 83
友情点: 0 / 128765`
*連続ログイン3日目
※ログインが途切れるか、7日到達すると
1日目から再開されます*
`叡智の業火 X 1
3月交換券(2023) X 1
`*CBC2023開催直前特別連続ログインボーナス*
*開催期間中、1日1回 最大7回 連続ログインボーナスをプレゼント！*
`英霊結晶・太陽のフォウくん X 3
`_2023-03-12 21:32:19_
--------
