【登录信息】
*cdce5e32ccc4663b4840e7ec4e8a6cf9*
`登陆天数: 438天 / 1060天
等级: 141
石头: 326
呼符: 13
体力: 15764.746666666666 / 140
友情点: 0 / 2130965`
*連続ログイン4日目
※ログインが途切れるか、7日到達すると
1日目から再開されます*
`聖晶石 X 1
3月交換券(2023) X 1
`*CBC2023開催直前特別連続ログインボーナス*
*開催期間中、1日1回 最大7回 連続ログインボーナスをプレゼント！*
`聖晶石 X 3
`_2023-03-14 21:32:25_
--------
*2174d32711b19c31c9b5cedbb8b244e3*
`登陆天数: 264天 / 272天
等级: 58
石头: 0
呼符: 0
体力: 64683.30333333334 / 83
友情点: 0 / 128765`
*連続ログイン5日目
※ログインが途切れるか、7日到達すると
1日目から再開されます*
`叡智の業火 X 2
3月交換券(2023) X 1
`*CBC2023開催直前特別連続ログインボーナス*
*開催期間中、1日1回 最大7回 連続ログインボーナスをプレゼント！*
`聖晶石 X 3
`_2023-03-14 21:32:34_
--------
