【登录信息】
*cdce5e32ccc4663b4840e7ec4e8a6cf9*
`登陆天数: 441天 / 1063天
等级: 141
石头: 326
呼符: 13
体力: 16628.753333333334 / 140
友情点: 0 / 2130965`
*連続ログイン7日間到達おめでとうございます！
明日は1日目からリスタートされます。*
`獣の足跡 X 1
呼符 X 1
3月交換券(2023) X 1
`*「カルデアボーイズコレクション2023」開催記念初回ログインボーナス*
*開催期間中、初回ログインで「CBC2023特別優待券」をプレゼント！*
`CBC2023特別優待券 X 1
`_2023-03-17 21:32:27_
--------
*2174d32711b19c31c9b5cedbb8b244e3*
`登陆天数: 267天 / 275天
等级: 58
石头: 0
呼符: 0
体力: 65547.31 / 83
友情点: 0 / 128765`
*連続ログイン1日目
※ログインが途切れるか、7日到達すると
1日目から再開されます*
`フレンドポイント X 2000
3月交換券(2023) X 1
`*「カルデアボーイズコレクション2023」開催記念初回ログインボーナス*
*開催期間中、初回ログインで「CBC2023特別優待券」をプレゼント！*
`CBC2023特別優待券 X 1
`_2023-03-17 21:32:36_
--------
