【登录信息】
*cdce5e32ccc4663b4840e7ec4e8a6cf9*
`登陆天数: 451天 / 1073天
等级: 141
石头: 326
呼符: 13
体力: 19508.783333333333 / 140
友情点: 0 / 2131115`
*連続ログイン3日目
※ログインが途切れるか、7日到達すると
1日目から再開されます*
`叡智の業火 X 1
3月交換券(2023) X 1
`*Fate/Grand Order 春の新米マスター応援キャンペーン2023！
日替りログインボーナス*
*開催期間中、1日1回 6日間日替りでログインボーナスをプレゼント！*
`呼符 X 1
`_2023-03-27 21:32:35_
--------
*2174d32711b19c31c9b5cedbb8b244e3*
`登陆天数: 277天 / 285天
等级: 58
石头: 0
呼符: 0
体力: 68427.34 / 83
友情点: 0 / 128765`
*連続ログイン4日目
※ログインが途切れるか、7日到達すると
1日目から再開されます*
`聖晶石 X 1
3月交換券(2023) X 1
`*Fate/Grand Order 春の新米マスター応援キャンペーン2023！
日替りログインボーナス*
*開催期間中、1日1回 6日間日替りでログインボーナスをプレゼント！*
`呼符 X 1
`_2023-03-27 21:32:45_
--------
