【登录信息】
*cdce5e32ccc4663b4840e7ec4e8a6cf9*
`登陆天数: 454天 / 1076天
等级: 141
石头: 326
呼符: 13
体力: 20372.656666666666 / 140
友情点: 0 / 2131135`
*連続ログイン6日目
※ログインが途切れるか、7日到達すると
1日目から再開されます*
`聖晶石 X 2
3月交換券(2023) X 1
`*Fate/Grand Order 春の新米マスター応援キャンペーン2023！
日替りログインボーナス*
*開催期間中、1日1回 6日間日替りでログインボーナスをプレゼント！*
`聖晶石 X 1
`_2023-03-30 21:31:58_
--------
*2174d32711b19c31c9b5cedbb8b244e3*
`登陆天数: 280天 / 288天
等级: 58
石头: 0
呼符: 0
体力: 69291.21333333333 / 83
友情点: 0 / 128765`
*連続ログイン7日間到達おめでとうございます！
明日は1日目からリスタートされます。*
`獣の足跡 X 1
呼符 X 1
3月交換券(2023) X 1
`*Fate/Grand Order 春の新米マスター応援キャンペーン2023！
日替りログインボーナス*
*開催期間中、1日1回 6日間日替りでログインボーナスをプレゼント！*
`聖晶石 X 1
`_2023-03-30 21:32:07_
--------
