【登录信息】
*cdce5e32ccc4663b4840e7ec4e8a6cf9*
`登陆天数: 40天 / 1490天
等级: 141
石头: 238
呼符: 33
体力: 33308.25666666667 / 140
友情点: 0 / 2204440`
*連続ログイン5日目
※ログインが途切れるか、7日到達すると
1日目から再開されます*
`叡智の業火 X 2
9月交換券(2024) X 1
`*使用期限付コンティニューアイテムプレゼント！*
*開催期間中、初回ログインでコンティニューアイテム「霊脈石×3」をプレゼント！*
`霊脈石 X 3
`_2024-09-01 21:32:18_
--------
*2174d32711b19c31c9b5cedbb8b244e3*
`登陆天数: 40天 / 699天
等级: 58
石头: 349
呼符: 17
体力: 219339.28333333333 / 83
友情点: 0 / 173185`
*連続ログイン5日目
※ログインが途切れるか、7日到達すると
1日目から再開されます*
`叡智の業火 X 2
9月交換券(2024) X 1
`*使用期限付コンティニューアイテムプレゼント！*
*開催期間中、初回ログインでコンティニューアイテム「霊脈石×3」をプレゼント！*
`霊脈石 X 3
`_2024-09-01 21:32:27_
--------
