【登录信息】
*cdce5e32ccc4663b4840e7ec4e8a6cf9*
`登陆天数: 46天 / 1496天
等级: 141
石头: 238
呼符: 33
体力: 35036.263333333336 / 140
友情点: 0 / 2204465`
*連続ログイン4日目
※ログインが途切れるか、7日到達すると
1日目から再開されます*
`聖晶石 X 1
9月交換券(2024) X 1
`*「奏章Ⅲ 新霊長後継戦 アーキタイプ・インセプション」(中編)開幕直前カウントダウンログインボーナス*
*開催期間中、1日1回 6日間日替わりでログインボーナスをプレゼント！*
`QP X 3000000
`_2024-09-07 21:32:20_
--------
*2174d32711b19c31c9b5cedbb8b244e3*
`登陆天数: 46天 / 705天
等级: 58
石头: 349
呼符: 17
体力: 221067.29 / 83
友情点: 0 / 173185`
*連続ログイン4日目
※ログインが途切れるか、7日到達すると
1日目から再開されます*
`聖晶石 X 1
9月交換券(2024) X 1
`*「奏章Ⅲ 新霊長後継戦 アーキタイプ・インセプション」(中編)開幕直前カウントダウンログインボーナス*
*開催期間中、1日1回 6日間日替わりでログインボーナスをプレゼント！*
`QP X 3000000
`_2024-09-07 21:32:29_
--------
