【登录信息】
*cdce5e32ccc4663b4840e7ec4e8a6cf9*
`登陆天数: 56天 / 1506天
等级: 141
石头: 238
呼符: 33
体力: 37916.25666666667 / 140
友情点: 0 / 2204465`
*連続ログイン7日間到達おめでとうございます！
明日は1日目からリスタートされます。*
`獣の足跡 X 1
呼符 X 1
9月交換券(2024) X 1
`*「奏章Ⅲ 新霊長後継戦 アーキタイプ・インセプション」(後編)
開幕直前&攻略応援特別ログインボーナス*
*開催期間中、1日1回 最大8回 ログインボーナスをプレゼント！*
`黄金の果実 X 2
`_2024-09-17 21:32:18_
--------
*2174d32711b19c31c9b5cedbb8b244e3*
`登陆天数: 56天 / 715天
等级: 58
石头: 349
呼符: 17
体力: 223947.28333333333 / 83
友情点: 0 / 173185`
*連続ログイン7日間到達おめでとうございます！
明日は1日目からリスタートされます。*
`獣の足跡 X 1
呼符 X 1
9月交換券(2024) X 1
`*「奏章Ⅲ 新霊長後継戦 アーキタイプ・インセプション」(後編)
開幕直前&攻略応援特別ログインボーナス*
*開催期間中、1日1回 最大8回 ログインボーナスをプレゼント！*
`黄金の果実 X 2
`_2024-09-17 21:32:28_
--------
