【登录信息】
*cdce5e32ccc4663b4840e7ec4e8a6cf9*
`登陆天数: 61天 / 1511天
等级: 141
石头: 238
呼符: 33
体力: 39356.426666666666 / 140
友情点: 0 / 2204465`
*連続ログイン5日目
※ログインが途切れるか、7日到達すると
1日目から再開されます*
`叡智の業火 X 2
9月交換券(2024) X 1
`*「京都国際マンガ・アニメフェア2024」出展記念 初回ログインボーナス*
*開催期間中、初回ログインで「聖晶石×10」をプレゼント！*
`聖晶石 X 10
`_2024-09-22 21:33:09_
--------
*2174d32711b19c31c9b5cedbb8b244e3*
`登陆天数: 61天 / 720天
等级: 58
石头: 349
呼符: 17
体力: 225387.45333333334 / 83
友情点: 0 / 173185`
*連続ログイン5日目
※ログインが途切れるか、7日到達すると
1日目から再開されます*
`叡智の業火 X 2
9月交換券(2024) X 1
`*「京都国際マンガ・アニメフェア2024」出展記念 初回ログインボーナス*
*開催期間中、初回ログインで「聖晶石×10」をプレゼント！*
`聖晶石 X 10
`_2024-09-22 21:33:19_
--------
