【登录信息】
*cdce5e32ccc4663b4840e7ec4e8a6cf9*
`登陆天数: 62天 / 1512天
等级: 141
石头: 238
呼符: 33
体力: 39644.35333333333 / 140
友情点: 0 / 2204465`
*連続ログイン6日目
※ログインが途切れるか、7日到達すると
1日目から再開されます*
`聖晶石 X 2
9月交換券(2024) X 1
`*「奏章Ⅲ 新霊長後継戦 アーキタイプ・インセプション」(後編)
開幕直前&攻略応援特別ログインボーナス*
*開催期間中、1日1回 最大8回 ログインボーナスをプレゼント！*
`獣の足跡 X 1
`_2024-09-23 21:32:47_
--------
*2174d32711b19c31c9b5cedbb8b244e3*
`登陆天数: 62天 / 721天
等级: 58
石头: 349
呼符: 17
体力: 225675.38 / 83
友情点: 0 / 173185`
*連続ログイン6日目
※ログインが途切れるか、7日到達すると
1日目から再開されます*
`聖晶石 X 2
9月交換券(2024) X 1
`*「奏章Ⅲ 新霊長後継戦 アーキタイプ・インセプション」(後編)
開幕直前&攻略応援特別ログインボーナス*
*開催期間中、1日1回 最大8回 ログインボーナスをプレゼント！*
`獣の足跡 X 1
`_2024-09-23 21:32:56_
--------
