【登录信息】
[cdce5e32ccc4663b4840e7ec4e8a6cf9]
`登陆天数: 212天 / 834天
等级: 140
石头: 261
呼符: 14
友情点: 0 / 2009940`
*連続ログイン2日目
※ログインが途切れるか、7日到達すると
1日目から再開されます*
`聖晶石 X 1
8月交換券(2022) X 1
`*「Fate/Grand Order Fes. 2021 ～7th Anniversary～」配信番組連動キャンペーン報酬プレゼント*
*開催期間中、初回ログインで「聖晶石×100」をプレゼント！*
`聖晶石 X 100
`_2022-07-31 19:33:54_
--------
[2174d32711b19c31c9b5cedbb8b244e3]
`登陆天数: 38天 / 46天
等级: 58
石头: 32
呼符: 4
友情点: 0 / 30765`
*連続ログイン3日目
※ログインが途切れるか、7日到達すると
1日目から再開されます*
`叡智の猛火 X 1
8月交換券(2022) X 1
`*「Fate/Grand Order Fes. 2021 ～7th Anniversary～」配信番組連動キャンペーン報酬プレゼント*
*開催期間中、初回ログインで「聖晶石×100」をプレゼント！*
`聖晶石 X 100
`_2022-07-31 19:34:03_
--------
