【登录信息】
[cdce5e32ccc4663b4840e7ec4e8a6cf9]
`登陆天数: 213天 / 835天
等级: 140
石头: 362
呼符: 14
友情点: 0 / 2009950`
*連続ログイン3日目
※ログインが途切れるか、7日到達すると
1日目から再開されます*
`叡智の猛火 X 1
8月交換券(2022) X 1
`*7周年記念特別連続ログインボーナス*
*開催期間中、1日1回 最大7回 連続ログインボーナスをプレゼント！*
`QP X 3000000
フレンドポイント X 100000
`_2022-08-01 19:34:20_
--------
[2174d32711b19c31c9b5cedbb8b244e3]
`登陆天数: 39天 / 47天
等级: 58
石头: 32
呼符: 4
友情点: 0 / 30765`
*連続ログイン4日目
※ログインが途切れるか、7日到達すると
1日目から再開されます*
`聖晶石 X 1
8月交換券(2022) X 1
`*7周年記念特別連続ログインボーナス*
*開催期間中、1日1回 最大7回 連続ログインボーナスをプレゼント！*
`QP X 3000000
フレンドポイント X 100000
`_2022-08-01 19:34:29_
--------
