【登录信息】
[cdce5e32ccc4663b4840e7ec4e8a6cf9]
`登陆天数: 216天 / 838天
等级: 140
石头: 306
呼符: 16
友情点: 0 / 2104300`
*連続ログイン6日目
※ログインが途切れるか、7日到達すると
1日目から再開されます*
`聖晶石 X 2
8月交換券(2022) X 1
`*7周年記念特別連続ログインボーナス*
*開催期間中、1日1回 最大7回 連続ログインボーナスをプレゼント！*
`英霊結晶・太陽のフォウくん X 10
QP X 3000000
`_2022-08-04 19:35:52_
--------
[2174d32711b19c31c9b5cedbb8b244e3]
`登陆天数: 42天 / 50天
等级: 58
石头: 0
呼符: 0
友情点: 0 / 128765`
*連続ログイン7日間到達おめでとうございます！
明日は1日目からリスタートされます。*
`獣の足跡 X 1
呼符 X 1
8月交換券(2022) X 1
`*7周年記念特別連続ログインボーナス*
*開催期間中、1日1回 最大7回 連続ログインボーナスをプレゼント！*
`英霊結晶・太陽のフォウくん X 10
QP X 3000000
`_2022-08-04 19:36:00_
--------
