【登录信息】
[cdce5e32ccc4663b4840e7ec4e8a6cf9]
`登陆天数: 218天 / 840天
等级: 140
石头: 308
呼符: 21
友情点: 0 / 2100375`
*連続ログイン1日目
※ログインが途切れるか、7日到達すると
1日目から再開されます*
`フレンドポイント X 2000
8月交換券(2022) X 1
`*7周年記念特別連続ログインボーナス*
*開催期間中、1日1回 最大7回 連続ログインボーナスをプレゼント！*
`QP X 3000000
呼符 X 10
`_2022-08-06 19:34:11_
--------
[2174d32711b19c31c9b5cedbb8b244e3]
`登陆天数: 44天 / 52天
等级: 58
石头: 0
呼符: 0
友情点: 0 / 128765`
*連続ログイン2日目
※ログインが途切れるか、7日到達すると
1日目から再開されます*
`聖晶石 X 1
8月交換券(2022) X 1
`*7周年記念特別連続ログインボーナス*
*開催期間中、1日1回 最大7回 連続ログインボーナスをプレゼント！*
`QP X 3000000
呼符 X 10
`_2022-08-06 19:34:20_
--------
