【登录信息】
[cdce5e32ccc4663b4840e7ec4e8a6cf9]
`登陆天数: 222天 / 844天
等级: 140
石头: 199
呼符: 22
友情点: 0 / 2073020`
*連続ログイン5日目
※ログインが途切れるか、7日到達すると
1日目から再開されます*
`叡智の猛火 X 2
8月交換券(2022) X 1
`*FGO カルデア放送局 ライト版 ～水着イベント2022～ 放送記念 初回ログインボーナス*
*開催期間中、初回ログインで「聖晶石×14」をプレゼント！*
`聖晶石 X 14
`_2022-08-10 19:34:17_
--------
[2174d32711b19c31c9b5cedbb8b244e3]
`登陆天数: 48天 / 56天
等级: 58
石头: 0
呼符: 0
友情点: 0 / 128765`
*連続ログイン6日目
※ログインが途切れるか、7日到達すると
1日目から再開されます*
`聖晶石 X 2
8月交換券(2022) X 1
`*FGO カルデア放送局 ライト版 ～水着イベント2022～ 放送記念 初回ログインボーナス*
*開催期間中、初回ログインで「聖晶石×14」をプレゼント！*
`聖晶石 X 14
`_2022-08-10 19:34:25_
--------
