【登录信息】
*cdce5e32ccc4663b4840e7ec4e8a6cf9*
`登陆天数: 70天 / 1520天
等级: 141
石头: 238
呼符: 33
体力: 41948.6 / 140
友情点: 0 / 2204840`
*連続ログイン7日間到達おめでとうございます！
明日は1日目からリスタートされます。*
`獣の足跡 X 1
呼符 X 1
10月交換券(2024) X 1
`*使用期限付コンティニューアイテムプレゼント！*
*開催期間中、初回ログインでコンティニューアイテム「霊脈石×3」をプレゼント！*
`霊脈石 X 3
`_2024-10-01 21:34:01_
--------
*2174d32711b19c31c9b5cedbb8b244e3*
`登陆天数: 70天 / 729天
等级: 58
石头: 349
呼符: 17
体力: 227979.62666666668 / 83
友情点: 0 / 173185`
*連続ログイン7日間到達おめでとうございます！
明日は1日目からリスタートされます。*
`獣の足跡 X 1
呼符 X 1
10月交換券(2024) X 1
`*使用期限付コンティニューアイテムプレゼント！*
*開催期間中、初回ログインでコンティニューアイテム「霊脈石×3」をプレゼント！*
`霊脈石 X 3
`_2024-10-01 21:34:11_
--------
