【登录信息】
*cdce5e32ccc4663b4840e7ec4e8a6cf9*
`登陆天数: 74天 / 1524天
等级: 141
石头: 238
呼符: 33
体力: 43100.653333333335 / 140
友情点: 0 / 2204840`
*連続ログイン4日目
※ログインが途切れるか、7日到達すると
1日目から再開されます*
`聖晶石 X 1
10月交換券(2024) X 1
`*3000万DL記念 特別回数ログインボーナス*
*開催期間中、1日1回 最大10回 回数ログインボーナスをプレゼント！*
`叡智の業火 X 30
`_2024-10-05 21:34:17_
--------
*2174d32711b19c31c9b5cedbb8b244e3*
`登陆天数: 74天 / 733天
等级: 58
石头: 349
呼符: 17
体力: 229131.68 / 83
友情点: 0 / 173185`
*連続ログイン4日目
※ログインが途切れるか、7日到達すると
1日目から再開されます*
`聖晶石 X 1
10月交換券(2024) X 1
`*3000万DL記念 特別回数ログインボーナス*
*開催期間中、1日1回 最大10回 回数ログインボーナスをプレゼント！*
`叡智の業火 X 30
`_2024-10-05 21:34:27_
--------
