【登录信息】
*cdce5e32ccc4663b4840e7ec4e8a6cf9*
`登陆天数: 77天 / 1527天
等级: 141
石头: 238
呼符: 33
体力: 43964.56333333333 / 140
友情点: 0 / 2204840`
*連続ログイン7日間到達おめでとうございます！
明日は1日目からリスタートされます。*
`獣の足跡 X 1
呼符 X 1
10月交換券(2024) X 1
`*3000万DL記念 特別回数ログインボーナス*
*開催期間中、1日1回 最大10回 回数ログインボーナスをプレゼント！*
`英霊結晶・星のフォウくん X 30
英霊結晶・太陽のフォウくん X 30
`_2024-10-08 21:33:50_
--------
*2174d32711b19c31c9b5cedbb8b244e3*
`登陆天数: 77天 / 736天
等级: 58
石头: 349
呼符: 17
体力: 229995.59 / 83
友情点: 0 / 173185`
*連続ログイン7日間到達おめでとうございます！
明日は1日目からリスタートされます。*
`獣の足跡 X 1
呼符 X 1
10月交換券(2024) X 1
`*3000万DL記念 特別回数ログインボーナス*
*開催期間中、1日1回 最大10回 回数ログインボーナスをプレゼント！*
`英霊結晶・星のフォウくん X 30
英霊結晶・太陽のフォウくん X 30
`_2024-10-08 21:33:59_
--------
