【登录信息】
*cdce5e32ccc4663b4840e7ec4e8a6cf9*
`登陆天数: 78天 / 1528天
等级: 141
石头: 238
呼符: 33
体力: 44252.42 / 140
友情点: 0 / 2204840`
*連続ログイン1日目
※ログインが途切れるか、7日到達すると
1日目から再開されます*
`フレンドポイント X 2000
10月交換券(2024) X 1
`*「10月開幕予定 期間限定イベント」直前ログインボーナス*
*開催期間中、1日1回 最大7回 ログインボーナスをプレゼント！*
`聖晶石 X 1
霊脈石 X 1
`_2024-10-09 21:33:07_
--------
*2174d32711b19c31c9b5cedbb8b244e3*
`登陆天数: 78天 / 737天
等级: 58
石头: 349
呼符: 17
体力: 230283.44666666666 / 83
友情点: 0 / 173185`
*連続ログイン1日目
※ログインが途切れるか、7日到達すると
1日目から再開されます*
`フレンドポイント X 2000
10月交換券(2024) X 1
`*「10月開幕予定 期間限定イベント」直前ログインボーナス*
*開催期間中、1日1回 最大7回 ログインボーナスをプレゼント！*
`聖晶石 X 1
霊脈石 X 1
`_2024-10-09 21:33:16_
--------
