【登录信息】
*cdce5e32ccc4663b4840e7ec4e8a6cf9*
`登陆天数: 79天 / 1529天
等级: 141
石头: 238
呼符: 33
体力: 44540.52333333333 / 140
友情点: 0 / 2204840`
*連続ログイン2日目
※ログインが途切れるか、7日到達すると
1日目から再開されます*
`聖晶石 X 1
10月交換券(2024) X 1
`*「10月開幕予定 期間限定イベント」直前ログインボーナス*
*開催期間中、1日1回 最大7回 ログインボーナスをプレゼント！*
`黄金の果実 X 1
霊脈石 X 1
`_2024-10-10 21:33:37_
--------
*2174d32711b19c31c9b5cedbb8b244e3*
`登陆天数: 79天 / 738天
等级: 58
石头: 349
呼符: 17
体力: 230571.55 / 83
友情点: 0 / 173185`
*連続ログイン2日目
※ログインが途切れるか、7日到達すると
1日目から再開されます*
`聖晶石 X 1
10月交換券(2024) X 1
`*「10月開幕予定 期間限定イベント」直前ログインボーナス*
*開催期間中、1日1回 最大7回 ログインボーナスをプレゼント！*
`黄金の果実 X 1
霊脈石 X 1
`_2024-10-10 21:33:47_
--------
