【登录信息】
*cdce5e32ccc4663b4840e7ec4e8a6cf9*
`登陆天数: 2天 / 1533天
等级: 141
石头: 238
呼符: 33
体力: 46556.456666666665 / 140
友情点: 50 / 2204890`
*連続ログイン2日目
※ログインが途切れるか、7日到達すると
1日目から再開されます*
`聖晶石 X 1
10月交換券(2024) X 1
`*「10月開幕予定 期間限定イベント」直前ログインボーナス*
*開催期間中、1日1回 最大7回 ログインボーナスをプレゼント！*
`英霊結晶・太陽のフォウくん X 5
霊脈石 X 1
`_2024-10-17 21:33:17_
--------
*2174d32711b19c31c9b5cedbb8b244e3*
`登陆天数: 2天 / 742天
等级: 58
石头: 349
呼符: 17
体力: 232587.48333333334 / 83
友情点: 0 / 173185`
*連続ログイン2日目
※ログインが途切れるか、7日到達すると
1日目から再開されます*
`聖晶石 X 1
10月交換券(2024) X 1
`*「10月開幕予定 期間限定イベント」直前ログインボーナス*
*開催期間中、1日1回 最大7回 ログインボーナスをプレゼント！*
`英霊結晶・太陽のフォウくん X 5
霊脈石 X 1
`_2024-10-17 21:33:27_
--------
