【登录信息】
*cdce5e32ccc4663b4840e7ec4e8a6cf9*
`登陆天数: 11天 / 1542天
等级: 141
石头: 238
呼符: 33
体力: 49148.346666666665 / 140
友情点: 0 / 2204900`
*連続ログイン4日目
※ログインが途切れるか、7日到達すると
1日目から再開されます*
`聖晶石 X 1
10月交換券(2024) X 1
`*妖精双六虫籠遊戯 まだ見ぬ完璧なあなたへ 開幕記念 ログインボーナス*
*開催期間中、1日1回 最大78回 ログインボーナスをプレゼント！*
`黄金の果実 X 1
`_2024-10-26 21:32:45_
--------
*2174d32711b19c31c9b5cedbb8b244e3*
`登陆天数: 11天 / 751天
等级: 58
石头: 349
呼符: 17
体力: 235179.37333333332 / 83
友情点: 0 / 173185`
*連続ログイン4日目
※ログインが途切れるか、7日到達すると
1日目から再開されます*
`聖晶石 X 1
10月交換券(2024) X 1
`*妖精双六虫籠遊戯 まだ見ぬ完璧なあなたへ 開幕記念 ログインボーナス*
*開催期間中、1日1回 最大78回 ログインボーナスをプレゼント！*
`黄金の果実 X 1
`_2024-10-26 21:32:54_
--------
