【登录信息】
[cdce5e32ccc4663b4840e7ec4e8a6cf9]
`登陆天数: 346天 / 968天
等级: 141
石头: 148
呼符: 13
友情点: 0 / 2048350`
*連続ログイン3日目
※ログインが途切れるか、7日到達すると
1日目から再開されます*
`叡智の業火 X 1
12月交換券(2022) X 1
`*「MELTY BLOOD: TYPE LUMINA」牛若丸＆巌窟王参戦記念特別ログインボーナス*
*開催期間中、1日1回 最大3回 ログインボーナスをプレゼント！*
`永劫の復讐鬼 X 1
星見のティーポット X 2
`_2022-12-12 19:34:33_
--------
[2174d32711b19c31c9b5cedbb8b244e3]
`登陆天数: 172天 / 180天
等级: 58
石头: 0
呼符: 0
友情点: 0 / 128765`
*連続ログイン4日目
※ログインが途切れるか、7日到達すると
1日目から再開されます*
`聖晶石 X 1
12月交換券(2022) X 1
`*「MELTY BLOOD: TYPE LUMINA」牛若丸＆巌窟王参戦記念特別ログインボーナス*
*開催期間中、1日1回 最大3回 ログインボーナスをプレゼント！*
`永劫の復讐鬼 X 1
星見のティーポット X 2
`_2022-12-12 19:34:43_
--------
