【登录信息】
*cdce5e32ccc4663b4840e7ec4e8a6cf9*
`登陆天数: 351天 / 973天
等级: 141
石头: 306
呼符: 23
体力: 28538.773333333334 / 140
友情点: 10 / 2070510`
*連続ログイン1日目
※ログインが途切れるか、7日到達すると
1日目から再開されます*
`フレンドポイント X 2000
12月交換券(2022) X 1
`*「Lostbelt No.7」開幕前メインクエストクリア応援特別ログインボーナス*
*開催期間中、1日1回 最大7回 ログインボーナスをプレゼント！*
`聖晶石 X 2
`_2022-12-17 19:33:33_
--------
*2174d32711b19c31c9b5cedbb8b244e3*
`登陆天数: 177天 / 185天
等级: 58
石头: 0
呼符: 0
体力: 39603.53333333333 / 83
友情点: 0 / 128765`
*連続ログイン2日目
※ログインが途切れるか、7日到達すると
1日目から再開されます*
`聖晶石 X 1
12月交換券(2022) X 1
`*「Lostbelt No.7」開幕前メインクエストクリア応援特別ログインボーナス*
*開催期間中、1日1回 最大7回 ログインボーナスをプレゼント！*
`聖晶石 X 2
`_2022-12-17 19:33:42_
--------
