【登录信息】
*cdce5e32ccc4663b4840e7ec4e8a6cf9*
`登陆天数: 352天 / 974天
等级: 141
石头: 308
呼符: 23
体力: 283.4433333333333 / 140
友情点: 10 / 2072545`
*連続ログイン2日目
※ログインが途切れるか、7日到達すると
1日目から再開されます*
`聖晶石 X 1
12月交換券(2022) X 1
`*リリース2700日突破キャンペーン 初回ログインボーナス*
*開催期間中、初回ログインで「聖晶石×10」をプレゼント！*
`聖晶石 X 10
`_2022-12-18 19:33:39_
--------
*2174d32711b19c31c9b5cedbb8b244e3*
`登陆天数: 178天 / 186天
等级: 58
石头: 0
呼符: 0
体力: 39891.55333333334 / 83
友情点: 0 / 128765`
*連続ログイン3日目
※ログインが途切れるか、7日到達すると
1日目から再開されます*
`叡智の業火 X 1
12月交換券(2022) X 1
`*リリース2700日突破キャンペーン 初回ログインボーナス*
*開催期間中、初回ログインで「聖晶石×10」をプレゼント！*
`聖晶石 X 10
`_2022-12-18 19:33:48_
--------
