【登录信息】
*cdce5e32ccc4663b4840e7ec4e8a6cf9*
`登陆天数: 353天 / 975天
等级: 141
石头: 308
呼符: 23
体力: 571.4666666666667 / 140
友情点: 0 / 2072545`
*連続ログイン3日目
※ログインが途切れるか、7日到達すると
1日目から再開されます*
`叡智の業火 X 1
12月交換券(2022) X 1
`*「Lostbelt No.7」開幕直前
カウントダウンログインボーナス*
*開催期間中、1日1回 6日間日替りでログインボーナスをプレゼント！*
`叡智の業火 X 7
`_2022-12-19 19:33:47_
--------
*2174d32711b19c31c9b5cedbb8b244e3*
`登陆天数: 179天 / 187天
等级: 58
石头: 0
呼符: 0
体力: 40179.57666666667 / 83
友情点: 0 / 128765`
*連続ログイン4日目
※ログインが途切れるか、7日到達すると
1日目から再開されます*
`聖晶石 X 1
12月交換券(2022) X 1
`*「Lostbelt No.7」開幕直前
カウントダウンログインボーナス*
*開催期間中、1日1回 6日間日替りでログインボーナスをプレゼント！*
`叡智の業火 X 7
`_2022-12-19 19:33:56_
--------
