【登录信息】
*cdce5e32ccc4663b4840e7ec4e8a6cf9*
`登陆天数: 356天 / 978天
等级: 141
石头: 308
呼符: 23
体力: 1435.4433333333334 / 140
友情点: 0 / 2072895`
*連続ログイン6日目
※ログインが途切れるか、7日到達すると
1日目から再開されます*
`聖晶石 X 2
12月交換券(2022) X 1
`*「Lostbelt No.7」開幕直前
カウントダウンログインボーナス*
*開催期間中、1日1回 6日間日替りでログインボーナスをプレゼント！*
`フレンドポイント X 70000
`_2022-12-22 19:33:40_
--------
*2174d32711b19c31c9b5cedbb8b244e3*
`登陆天数: 182天 / 190天
等级: 58
石头: 0
呼符: 0
体力: 41043.556666666664 / 83
友情点: 0 / 128765`
*連続ログイン7日間到達おめでとうございます！
明日は1日目からリスタートされます。*
`獣の足跡 X 1
呼符 X 1
12月交換券(2022) X 1
`*「Lostbelt No.7」開幕直前
カウントダウンログインボーナス*
*開催期間中、1日1回 6日間日替りでログインボーナスをプレゼント！*
`フレンドポイント X 70000
`_2022-12-22 19:33:49_
--------
