【登录信息】
*cdce5e32ccc4663b4840e7ec4e8a6cf9*
`登陆天数: 358天 / 980天
等级: 141
石头: 308
呼符: 23
体力: 2011.4033333333334 / 140
友情点: 0 / 2072895`
*連続ログイン1日目
※ログインが途切れるか、7日到達すると
1日目から再開されます*
`フレンドポイント X 2000
12月交換券(2022) X 1
`*新所長からのクリスマスプレゼント*
*開催期間中、初回ログインで「聖晶石×10」をプレゼント！*
`聖晶石 X 10
`_2022-12-24 19:33:27_
--------
*2174d32711b19c31c9b5cedbb8b244e3*
`登陆天数: 184天 / 192天
等级: 58
石头: 0
呼符: 0
体力: 41619.51 / 83
友情点: 0 / 128765`
*連続ログイン2日目
※ログインが途切れるか、7日到達すると
1日目から再開されます*
`聖晶石 X 1
12月交換券(2022) X 1
`*新所長からのクリスマスプレゼント*
*開催期間中、初回ログインで「聖晶石×10」をプレゼント！*
`聖晶石 X 10
`_2022-12-24 19:33:36_
--------
