【登录信息】
*cdce5e32ccc4663b4840e7ec4e8a6cf9*
`登陆天数: 362天 / 984天
等级: 141
石头: 308
呼符: 23
体力: 3163.3933333333334 / 140
友情点: 100 / 2072995`
*連続ログイン5日目
※ログインが途切れるか、7日到達すると
1日目から再開されます*
`叡智の業火 X 2
12月交換券(2022) X 1
`*Fate Project 大晦日TVスペシャル2022 放送カウントダウンログインボーナス*
*開催期間中、1日1回 3日間日替りでログインボーナスをプレゼント！*
`黄金の果実 X 1
`_2022-12-28 19:33:25_
--------
*2174d32711b19c31c9b5cedbb8b244e3*
`登陆天数: 188天 / 196天
等级: 58
石头: 0
呼符: 0
体力: 42771.5 / 83
友情点: 0 / 128765`
*連続ログイン6日目
※ログインが途切れるか、7日到達すると
1日目から再開されます*
`聖晶石 X 2
12月交換券(2022) X 1
`*Fate Project 大晦日TVスペシャル2022 放送カウントダウンログインボーナス*
*開催期間中、1日1回 3日間日替りでログインボーナスをプレゼント！*
`黄金の果実 X 1
`_2022-12-28 19:33:33_
--------
