【登录信息】
*cdce5e32ccc4663b4840e7ec4e8a6cf9*
`登陆天数: 364天 / 986天
等级: 141
石头: 308
呼符: 23
体力: 3739.37 / 140
友情点: 0 / 2072995`
*連続ログイン7日間到達おめでとうございます！
明日は1日目からリスタートされます。*
`獣の足跡 X 1
呼符 X 1
12月交換券(2022) X 1
`*Fate Project 大晦日TVスペシャル2022 放送カウントダウンログインボーナス*
*開催期間中、1日1回 3日間日替りでログインボーナスをプレゼント！*
`黄金の果実 X 1
呼符 X 1
`_2022-12-30 19:33:18_
--------
*2174d32711b19c31c9b5cedbb8b244e3*
`登陆天数: 190天 / 198天
等级: 58
石头: 0
呼符: 0
体力: 43347.48 / 83
友情点: 0 / 128765`
*連続ログイン1日目
※ログインが途切れるか、7日到達すると
1日目から再開されます*
`フレンドポイント X 2000
12月交換券(2022) X 1
`*Fate Project 大晦日TVスペシャル2022 放送カウントダウンログインボーナス*
*開催期間中、1日1回 3日間日替りでログインボーナスをプレゼント！*
`黄金の果実 X 1
呼符 X 1
`_2022-12-30 19:33:26_
--------
