【登录信息】
[cdce5e32ccc4663b4840e7ec4e8a6cf9]
`登陆天数: 205天 / 827天
等级: 140
石头: 9
呼符: 0
友情点: 0 / 2003890`
*連続ログイン2日目
※ログインが途切れるか、7日到達すると
1日目から再開されます*
`聖晶石 X 1
7月交換券(2022) X 1
`*7周年カウントダウンキャンペーン
特別ログインボーナス*
*開催期間中、1日1回 最大7回 ログインボーナスをプレゼント！*
`呼符 X 1
`_2022-07-24 19:34:12_
--------
[2174d32711b19c31c9b5cedbb8b244e3]
`登陆天数: 31天 / 39天
等级: 58
石头: 32
呼符: 4
友情点: 0 / 30765`
*連続ログイン3日目
※ログインが途切れるか、7日到達すると
1日目から再開されます*
`叡智の猛火 X 1
7月交換券(2022) X 1
`*7周年カウントダウンキャンペーン
特別ログインボーナス*
*開催期間中、1日1回 最大7回 ログインボーナスをプレゼント！*
`呼符 X 1
`_2022-07-24 19:34:21_
--------
