【登录信息】
*cdce5e32ccc4663b4840e7ec4e8a6cf9*
`登陆天数: 610天 / 1232天
等级: 141
石头: 351
呼符: 26
体力: 7806.046666666667 / 140
友情点: 0 / 2210335`
*連続ログイン1日目
※ログインが途切れるか、7日到達すると
1日目から再開されます*
`フレンドポイント X 2000
9月交換券(2023) X 1
`*ハンティングクエスト 第13弾
特別ログインボーナス*
*開催期間中、1日1回 最大7回ログインボーナスをプレゼント！*
`黄金の果実 X 1
`_2023-09-02 21:32:08_
--------
*2174d32711b19c31c9b5cedbb8b244e3*
`登陆天数: 436天 / 444天
等级: 58
石头: 0
呼符: 0
体力: 114219.25 / 83
友情点: 0 / 131995`
*連続ログイン2日目
※ログインが途切れるか、7日到達すると
1日目から再開されます*
`聖晶石 X 1
9月交換券(2023) X 1
`*ハンティングクエスト 第13弾
特別ログインボーナス*
*開催期間中、1日1回 最大7回ログインボーナスをプレゼント！*
`黄金の果実 X 1
`_2023-09-02 21:32:17_
--------
