【登录信息】
*cdce5e32ccc4663b4840e7ec4e8a6cf9*
`登陆天数: 612天 / 1234天
等级: 141
石头: 351
呼符: 26
体力: 8382.036666666667 / 140
友情点: 40 / 2210395`
*連続ログイン3日目
※ログインが途切れるか、7日到達すると
1日目から再開されます*
`叡智の業火 X 1
9月交換券(2023) X 1
`*ハンティングクエスト 第13弾
特別ログインボーナス*
*開催期間中、1日1回 最大7回ログインボーナスをプレゼント！*
`黄金の果実 X 1
`_2023-09-04 21:32:05_
--------
*2174d32711b19c31c9b5cedbb8b244e3*
`登陆天数: 438天 / 446天
等级: 58
石头: 0
呼符: 0
体力: 114795.24 / 83
友情点: 20 / 132045`
*連続ログイン4日目
※ログインが途切れるか、7日到達すると
1日目から再開されます*
`聖晶石 X 1
9月交換券(2023) X 1
`*ハンティングクエスト 第13弾
特別ログインボーナス*
*開催期間中、1日1回 最大7回ログインボーナスをプレゼント！*
`黄金の果実 X 1
`_2023-09-04 21:32:14_
--------
