【登录信息】
*cdce5e32ccc4663b4840e7ec4e8a6cf9*
`登陆天数: 614天 / 1236天
等级: 141
石头: 351
呼符: 26
体力: 8958.096666666666 / 140
友情点: 0 / 2210405`
*連続ログイン5日目
※ログインが途切れるか、7日到達すると
1日目から再開されます*
`叡智の業火 X 2
9月交換券(2023) X 1
`*ハンティングクエスト 第13弾
特別ログインボーナス*
*開催期間中、1日1回 最大7回ログインボーナスをプレゼント！*
`黄金の果実 X 1
`_2023-09-06 21:32:23_
--------
*2174d32711b19c31c9b5cedbb8b244e3*
`登陆天数: 440天 / 448天
等级: 58
石头: 0
呼符: 0
体力: 115371.30333333333 / 83
友情点: 0 / 132045`
*連続ログイン6日目
※ログインが途切れるか、7日到達すると
1日目から再開されます*
`聖晶石 X 2
9月交換券(2023) X 1
`*ハンティングクエスト 第13弾
特別ログインボーナス*
*開催期間中、1日1回 最大7回ログインボーナスをプレゼント！*
`黄金の果実 X 1
`_2023-09-06 21:32:33_
--------
