【登录信息】
*cdce5e32ccc4663b4840e7ec4e8a6cf9*
`登陆天数: 626天 / 1248天
等级: 141
石头: 351
呼符: 26
体力: 12414.08 / 140
友情点: 30 / 2211110`
*連続ログイン3日目
※ログインが途切れるか、7日到達すると
1日目から再開されます*
`叡智の業火 X 1
9月交換券(2023) X 1
`*日替りログインボーナス*
*開催期間中、1日1回 2週間日替りでログインボーナスをプレゼント！*
`巡霊の葉 X 30
`_2023-09-18 21:32:18_
--------
*2174d32711b19c31c9b5cedbb8b244e3*
`登陆天数: 452天 / 460天
等级: 58
石头: 0
呼符: 0
体力: 118827.28333333334 / 83
友情点: 10 / 132285`
*連続ログイン4日目
※ログインが途切れるか、7日到達すると
1日目から再開されます*
`聖晶石 X 1
9月交換券(2023) X 1
`*日替りログインボーナス*
*開催期間中、1日1回 2週間日替りでログインボーナスをプレゼント！*
`巡霊の葉 X 30
`_2023-09-18 21:32:28_
--------
