【登录信息】
*cdce5e32ccc4663b4840e7ec4e8a6cf9*
`登陆天数: 631天 / 1253天
等级: 141
石头: 351
呼符: 26
体力: 13854.096666666666 / 140
友情点: 90 / 2211260`
*連続ログイン1日目
※ログインが途切れるか、7日到達すると
1日目から再開されます*
`フレンドポイント X 2000
9月交換券(2023) X 1
`*日替りログインボーナス*
*開催期間中、1日1回 2週間日替りでログインボーナスをプレゼント！*
`巡霊の葉 X 30
`_2023-09-23 21:32:23_
--------
*2174d32711b19c31c9b5cedbb8b244e3*
`登陆天数: 457天 / 465天
等级: 58
石头: 0
呼符: 0
体力: 120267.30333333333 / 83
友情点: 50 / 132335`
*連続ログイン2日目
※ログインが途切れるか、7日到達すると
1日目から再開されます*
`聖晶石 X 1
9月交換券(2023) X 1
`*日替りログインボーナス*
*開催期間中、1日1回 2週間日替りでログインボーナスをプレゼント！*
`巡霊の葉 X 30
`_2023-09-23 21:32:33_
--------
