【登录信息】
*cdce5e32ccc4663b4840e7ec4e8a6cf9*
`登陆天数: 632天 / 1254天
等级: 141
石头: 351
呼符: 26
体力: 14142.066666666668 / 140
友情点: 140 / 2211400`
*連続ログイン2日目
※ログインが途切れるか、7日到達すると
1日目から再開されます*
`聖晶石 X 1
9月交換券(2023) X 1
`*日替りログインボーナス*
*開催期間中、1日1回 2週間日替りでログインボーナスをプレゼント！*
`巡霊の葉 X 30
`_2023-09-24 21:32:13_
--------
*2174d32711b19c31c9b5cedbb8b244e3*
`登陆天数: 458天 / 466天
等级: 58
石头: 0
呼符: 0
体力: 120555.26666666666 / 83
友情点: 20 / 132355`
*連続ログイン3日目
※ログインが途切れるか、7日到達すると
1日目から再開されます*
`叡智の業火 X 1
9月交換券(2023) X 1
`*日替りログインボーナス*
*開催期間中、1日1回 2週間日替りでログインボーナスをプレゼント！*
`巡霊の葉 X 30
`_2023-09-24 21:32:23_
--------
