【登录信息】
*cdce5e32ccc4663b4840e7ec4e8a6cf9*
`登陆天数: 634天 / 1256天
等级: 141
石头: 351
呼符: 26
体力: 14718.093333333334 / 140
友情点: 0 / 2211400`
*連続ログイン4日目
※ログインが途切れるか、7日到達すると
1日目から再開されます*
`聖晶石 X 1
9月交換券(2023) X 1
`*日替りログインボーナス*
*開催期間中、1日1回 2週間日替りでログインボーナスをプレゼント！*
`聖晶石 X 3
巡霊の葉 X 50
`_2023-09-26 21:32:22_
--------
*2174d32711b19c31c9b5cedbb8b244e3*
`登陆天数: 460天 / 468天
等级: 58
石头: 0
呼符: 0
体力: 121131.29666666666 / 83
友情点: 10 / 132365`
*連続ログイン5日目
※ログインが途切れるか、7日到達すると
1日目から再開されます*
`叡智の業火 X 2
9月交換券(2023) X 1
`*日替りログインボーナス*
*開催期間中、1日1回 2週間日替りでログインボーナスをプレゼント！*
`聖晶石 X 3
巡霊の葉 X 50
`_2023-09-26 21:32:31_
--------
