【登录信息】
*cdce5e32ccc4663b4840e7ec4e8a6cf9*
`登陆天数: 636天 / 1258天
等级: 141
石头: 351
呼符: 26
体力: 15294.063333333334 / 140
友情点: 20 / 2211430`
*連続ログイン6日目
※ログインが途切れるか、7日到達すると
1日目から再開されます*
`聖晶石 X 2
9月交換券(2023) X 1
`*「Fate/Samurai Remnant」発売記念 特別ログインボーナス*
*開催期間中、初回ログインで「限定概念礼装」をプレゼント！*
`Samurai Remnant X 1
`_2023-09-28 21:32:13_
--------
*2174d32711b19c31c9b5cedbb8b244e3*
`登陆天数: 462天 / 470天
等级: 58
石头: 0
呼符: 0
体力: 121707.26666666666 / 83
友情点: 20 / 132395`
*連続ログイン7日間到達おめでとうございます！
明日は1日目からリスタートされます。*
`獣の足跡 X 1
呼符 X 1
9月交換券(2023) X 1
`*「Fate/Samurai Remnant」発売記念 特別ログインボーナス*
*開催期間中、初回ログインで「限定概念礼装」をプレゼント！*
`Samurai Remnant X 1
`_2023-09-28 21:32:22_
--------
