【登录信息】
*cdce5e32ccc4663b4840e7ec4e8a6cf9*
`登陆天数: 1天 / 1397天
等级: 141
石头: 351
呼符: 26
体力: 61374.21666666667 / 140
友情点: 0 / 2222790`
*連続ログイン1日目
※ログインが途切れるか、7日到達すると
1日目から再開されます*
`フレンドポイント X 2000
3月交換券(2024) X 1
`*「奏章Ⅱ」開幕直前ログインボーナス*
*開催期間中、1日1回 最大7回 ログインボーナスをプレゼント！*
`QP X 3000000
黄金の果実 X 2
`_2024-03-06 21:32:59_
--------
*2174d32711b19c31c9b5cedbb8b244e3*
`登陆天数: 1天 / 609天
等级: 58
石头: 349
呼符: 17
体力: 167787.41666666666 / 83
友情点: 0 / 170405`
*連続ログイン1日目
※ログインが途切れるか、7日到達すると
1日目から再開されます*
`フレンドポイント X 2000
3月交換券(2024) X 1
`*「奏章Ⅱ」開幕直前ログインボーナス*
*開催期間中、1日1回 最大7回 ログインボーナスをプレゼント！*
`QP X 3000000
黄金の果実 X 2
`_2024-03-06 21:33:08_
--------
