【登录信息】
*cdce5e32ccc4663b4840e7ec4e8a6cf9*
`登陆天数: 2天 / 1398天
等级: 141
石头: 351
呼符: 26
体力: 61662.03 / 140
友情点: 30 / 2222820`
*連続ログイン2日目
※ログインが途切れるか、7日到達すると
1日目から再開されます*
`聖晶石 X 1
3月交換券(2024) X 1
`*「奏章Ⅱ」開幕直前ログインボーナス*
*開催期間中、1日1回 最大7回 ログインボーナスをプレゼント！*
`英霊結晶・星のフォウくん X 2
黄金の果実 X 1
`_2024-03-07 21:32:03_
--------
*2174d32711b19c31c9b5cedbb8b244e3*
`登陆天数: 2天 / 610天
等级: 58
石头: 349
呼符: 17
体力: 168075.23333333334 / 83
友情点: 20 / 170425`
*連続ログイン2日目
※ログインが途切れるか、7日到達すると
1日目から再開されます*
`聖晶石 X 1
3月交換券(2024) X 1
`*「奏章Ⅱ」開幕直前ログインボーナス*
*開催期間中、1日1回 最大7回 ログインボーナスをプレゼント！*
`英霊結晶・星のフォウくん X 2
黄金の果実 X 1
`_2024-03-07 21:32:13_
--------
