【登录信息】
*cdce5e32ccc4663b4840e7ec4e8a6cf9*
`登陆天数: 3天 / 1399天
等级: 141
石头: 351
呼符: 26
体力: 61950.066666666666 / 140
友情点: 40 / 2222860`
*連続ログイン3日目
※ログインが途切れるか、7日到達すると
1日目から再開されます*
`叡智の業火 X 1
3月交換券(2024) X 1
`*「奏章Ⅱ」開幕直前ログインボーナス*
*開催期間中、1日1回 最大7回 ログインボーナスをプレゼント！*
`英霊結晶・太陽のフォウくん X 2
黄金の果実 X 1
`_2024-03-08 21:32:14_
--------
*2174d32711b19c31c9b5cedbb8b244e3*
`登陆天数: 3天 / 611天
等级: 58
石头: 349
呼符: 17
体力: 168363.27 / 83
友情点: 10 / 170435`
*連続ログイン3日目
※ログインが途切れるか、7日到達すると
1日目から再開されます*
`叡智の業火 X 1
3月交換券(2024) X 1
`*「奏章Ⅱ」開幕直前ログインボーナス*
*開催期間中、1日1回 最大7回 ログインボーナスをプレゼント！*
`英霊結晶・太陽のフォウくん X 2
黄金の果実 X 1
`_2024-03-08 21:32:23_
--------
