【登录信息】
*cdce5e32ccc4663b4840e7ec4e8a6cf9*
`登陆天数: 6天 / 1402天
等级: 141
石头: 351
呼符: 26
体力: 62814.31333333333 / 140
友情点: 80 / 2223150`
*連続ログイン6日目
※ログインが途切れるか、7日到達すると
1日目から再開されます*
`聖晶石 X 2
3月交換券(2024) X 1
`*「奏章Ⅱ」開幕直前ログインボーナス*
*開催期間中、1日1回 最大7回 ログインボーナスをプレゼント！*
`英霊結晶・太陽のフォウくん X 3
黄金の果実 X 1
`_2024-03-11 21:33:28_
--------
*2174d32711b19c31c9b5cedbb8b244e3*
`登陆天数: 6天 / 614天
等级: 58
石头: 349
呼符: 17
体力: 169227.52 / 83
友情点: 80 / 170715`
*連続ログイン6日目
※ログインが途切れるか、7日到達すると
1日目から再開されます*
`聖晶石 X 2
3月交換券(2024) X 1
`*「奏章Ⅱ」開幕直前ログインボーナス*
*開催期間中、1日1回 最大7回 ログインボーナスをプレゼント！*
`英霊結晶・太陽のフォウくん X 3
黄金の果実 X 1
`_2024-03-11 21:33:38_
--------
