【登录信息】
*cdce5e32ccc4663b4840e7ec4e8a6cf9*
`登陆天数: 7天 / 1403天
等级: 141
石头: 351
呼符: 26
体力: 63102.08666666667 / 140
友情点: 70 / 2223220`
*連続ログイン7日間到達おめでとうございます！
明日は1日目からリスタートされます。*
`獣の足跡 X 1
呼符 X 1
3月交換券(2024) X 1
`*「奏章Ⅱ」開幕直前ログインボーナス*
*開催期間中、1日1回 最大7回 ログインボーナスをプレゼント！*
`マナプリズム X 100
黄金の果実 X 3
`_2024-03-12 21:32:20_
--------
*2174d32711b19c31c9b5cedbb8b244e3*
`登陆天数: 7天 / 615天
等级: 58
石头: 349
呼符: 17
体力: 169515.29 / 83
友情点: 130 / 170885`
*連続ログイン7日間到達おめでとうございます！
明日は1日目からリスタートされます。*
`獣の足跡 X 1
呼符 X 1
3月交換券(2024) X 1
`*「奏章Ⅱ」開幕直前ログインボーナス*
*開催期間中、1日1回 最大7回 ログインボーナスをプレゼント！*
`マナプリズム X 100
黄金の果実 X 3
`_2024-03-12 21:32:30_
--------
