【登录信息】
*cdce5e32ccc4663b4840e7ec4e8a6cf9*
`登陆天数: 8天 / 1404天
等级: 141
石头: 351
呼符: 26
体力: 63390.113333333335 / 140
友情点: 210 / 2223430`
*連続ログイン1日目
※ログインが途切れるか、7日到達すると
1日目から再開されます*
`フレンドポイント X 2000
3月交換券(2024) X 1
`*CBC2024 シャルルマーニュのモンジョワ・騎士道！開幕記念 ログインボーナス*
*開催期間中、1日1回 最大21回 ログインボーナスをプレゼント！*
`黄金の果実 X 1
`_2024-03-13 21:32:27_
--------
*2174d32711b19c31c9b5cedbb8b244e3*
`登陆天数: 8天 / 616天
等级: 58
石头: 349
呼符: 17
体力: 169803.31666666668 / 83
友情点: 60 / 170945`
*連続ログイン1日目
※ログインが途切れるか、7日到達すると
1日目から再開されます*
`フレンドポイント X 2000
3月交換券(2024) X 1
`*CBC2024 シャルルマーニュのモンジョワ・騎士道！開幕記念 ログインボーナス*
*開催期間中、1日1回 最大21回 ログインボーナスをプレゼント！*
`黄金の果実 X 1
`_2024-03-13 21:32:37_
--------
