【登录信息】
*cdce5e32ccc4663b4840e7ec4e8a6cf9*
`登陆天数: 11天 / 1407天
等级: 141
石头: 351
呼符: 26
体力: 64254.0 / 140
友情点: 110 / 2224920`
*連続ログイン4日目
※ログインが途切れるか、7日到達すると
1日目から再開されます*
`聖晶石 X 1
3月交換券(2024) X 1
`*「奏章Ⅱ」開幕直前特別回数ログインボーナス*
*開催期間中、1日1回 最大5回 回数ログインボーナスをプレゼント！*
`英霊結晶・星のフォウくん X 5
英霊結晶・太陽のフォウくん X 5
`_2024-03-16 21:31:54_
--------
*2174d32711b19c31c9b5cedbb8b244e3*
`登陆天数: 11天 / 619天
等级: 58
石头: 349
呼符: 17
体力: 170667.20333333334 / 83
友情点: 150 / 171405`
*連続ログイン4日目
※ログインが途切れるか、7日到達すると
1日目から再開されます*
`聖晶石 X 1
3月交換券(2024) X 1
`*「奏章Ⅱ」開幕直前特別回数ログインボーナス*
*開催期間中、1日1回 最大5回 回数ログインボーナスをプレゼント！*
`英霊結晶・星のフォウくん X 5
英霊結晶・太陽のフォウくん X 5
`_2024-03-16 21:32:03_
--------
