【登录信息】
*cdce5e32ccc4663b4840e7ec4e8a6cf9*
`登陆天数: 12天 / 1408天
等级: 141
石头: 351
呼符: 26
体力: 64542.07 / 140
友情点: 110 / 2225030`
*連続ログイン5日目
※ログインが途切れるか、7日到達すると
1日目から再開されます*
`叡智の業火 X 2
3月交換券(2024) X 1
`*「奏章Ⅱ」開幕直前特別回数ログインボーナス*
*開催期間中、1日1回 最大5回 回数ログインボーナスをプレゼント！*
`聖晶石 X 1
黄金の果実 X 3
`_2024-03-17 21:32:16_
--------
*2174d32711b19c31c9b5cedbb8b244e3*
`登陆天数: 12天 / 620天
等级: 58
石头: 349
呼符: 17
体力: 170955.27333333335 / 83
友情点: 100 / 171505`
*連続ログイン5日目
※ログインが途切れるか、7日到達すると
1日目から再開されます*
`叡智の業火 X 2
3月交換券(2024) X 1
`*「奏章Ⅱ」開幕直前特別回数ログインボーナス*
*開催期間中、1日1回 最大5回 回数ログインボーナスをプレゼント！*
`聖晶石 X 1
黄金の果実 X 3
`_2024-03-17 21:32:25_
--------
