【登录信息】
*cdce5e32ccc4663b4840e7ec4e8a6cf9*
`登陆天数: 13天 / 1409天
等级: 141
石头: 351
呼符: 26
体力: 64830.09 / 140
友情点: 95 / 2225125`
*連続ログイン6日目
※ログインが途切れるか、7日到達すると
1日目から再開されます*
`聖晶石 X 2
3月交換券(2024) X 1
`*「奏章Ⅱ」開幕直前特別回数ログインボーナス*
*開催期間中、1日1回 最大5回 回数ログインボーナスをプレゼント！*
`獣の足跡 X 1
`_2024-03-18 21:32:21_
--------
*2174d32711b19c31c9b5cedbb8b244e3*
`登陆天数: 13天 / 621天
等级: 58
石头: 349
呼符: 17
体力: 171243.29333333333 / 83
友情点: 60 / 171565`
*連続ログイン6日目
※ログインが途切れるか、7日到達すると
1日目から再開されます*
`聖晶石 X 2
3月交換券(2024) X 1
`*「奏章Ⅱ」開幕直前特別回数ログインボーナス*
*開催期間中、1日1回 最大5回 回数ログインボーナスをプレゼント！*
`獣の足跡 X 1
`_2024-03-18 21:32:30_
--------
