【登录信息】
*cdce5e32ccc4663b4840e7ec4e8a6cf9*
`登陆天数: 14天 / 1410天
等级: 141
石头: 351
呼符: 26
体力: 65118.043333333335 / 140
友情点: 100 / 2225225`
*連続ログイン7日間到達おめでとうございます！
明日は1日目からリスタートされます。*
`獣の足跡 X 1
呼符 X 1
3月交換券(2024) X 1
`*「奏章Ⅱ」開幕直前特別回数ログインボーナス*
*開催期間中、1日1回 最大5回 回数ログインボーナスをプレゼント！*
`聖晶石 X 3
`_2024-03-19 21:32:07_
--------
*2174d32711b19c31c9b5cedbb8b244e3*
`登陆天数: 14天 / 622天
等级: 58
石头: 349
呼符: 17
体力: 171531.24666666667 / 83
友情点: 110 / 171685`
*連続ログイン7日間到達おめでとうございます！
明日は1日目からリスタートされます。*
`獣の足跡 X 1
呼符 X 1
3月交換券(2024) X 1
`*「奏章Ⅱ」開幕直前特別回数ログインボーナス*
*開催期間中、1日1回 最大5回 回数ログインボーナスをプレゼント！*
`聖晶石 X 3
`_2024-03-19 21:32:16_
--------
