【登录信息】
*cdce5e32ccc4663b4840e7ec4e8a6cf9*
`登陆天数: 16天 / 1412天
等级: 141
石头: 351
呼符: 26
体力: 65694.02 / 140
友情点: 80 / 2225385`
*連続ログイン2日目
※ログインが途切れるか、7日到達すると
1日目から再開されます*
`聖晶石 X 1
3月交換券(2024) X 1
`*CBC2024 シャルルマーニュのモンジョワ・騎士道！開幕記念 ログインボーナス*
*開催期間中、1日1回 最大21回 ログインボーナスをプレゼント！*
`白銀の果実 X 1
`_2024-03-21 21:32:00_
--------
*2174d32711b19c31c9b5cedbb8b244e3*
`登陆天数: 16天 / 624天
等级: 58
石头: 349
呼符: 17
体力: 172107.22333333333 / 83
友情点: 90 / 171875`
*連続ログイン2日目
※ログインが途切れるか、7日到達すると
1日目から再開されます*
`聖晶石 X 1
3月交換券(2024) X 1
`*CBC2024 シャルルマーニュのモンジョワ・騎士道！開幕記念 ログインボーナス*
*開催期間中、1日1回 最大21回 ログインボーナスをプレゼント！*
`白銀の果実 X 1
`_2024-03-21 21:32:09_
--------
