【登录信息】
*cdce5e32ccc4663b4840e7ec4e8a6cf9*
`登陆天数: 17天 / 1413天
等级: 141
石头: 351
呼符: 26
体力: 65982.07666666666 / 140
友情点: 50 / 2225435`
*連続ログイン3日目
※ログインが途切れるか、7日到達すると
1日目から再開されます*
`叡智の業火 X 1
3月交換券(2024) X 1
`*CBC2024 シャルルマーニュのモンジョワ・騎士道！開幕記念 ログインボーナス*
*開催期間中、1日1回 最大21回 ログインボーナスをプレゼント！*
`白銀の果実 X 1
`_2024-03-22 21:32:17_
--------
*2174d32711b19c31c9b5cedbb8b244e3*
`登陆天数: 17天 / 625天
等级: 58
石头: 349
呼符: 17
体力: 172395.28 / 83
友情点: 10 / 171885`
*連続ログイン3日目
※ログインが途切れるか、7日到達すると
1日目から再開されます*
`叡智の業火 X 1
3月交換券(2024) X 1
`*CBC2024 シャルルマーニュのモンジョワ・騎士道！開幕記念 ログインボーナス*
*開催期間中、1日1回 最大21回 ログインボーナスをプレゼント！*
`白銀の果実 X 1
`_2024-03-22 21:32:26_
--------
