【登录信息】
*cdce5e32ccc4663b4840e7ec4e8a6cf9*
`登陆天数: 18天 / 1414天
等级: 141
石头: 351
呼符: 26
体力: 66270.03666666667 / 140
友情点: 110 / 2225545`
*連続ログイン4日目
※ログインが途切れるか、7日到達すると
1日目から再開されます*
`聖晶石 X 1
3月交換券(2024) X 1
`*CBC2024 シャルルマーニュのモンジョワ・騎士道！開幕記念 ログインボーナス*
*開催期間中、1日1回 最大21回 ログインボーナスをプレゼント！*
`白銀の果実 X 1
`_2024-03-23 21:32:04_
--------
*2174d32711b19c31c9b5cedbb8b244e3*
`登陆天数: 18天 / 626天
等级: 58
石头: 349
呼符: 17
体力: 172683.24 / 83
友情点: 80 / 171965`
*連続ログイン4日目
※ログインが途切れるか、7日到達すると
1日目から再開されます*
`聖晶石 X 1
3月交換券(2024) X 1
`*CBC2024 シャルルマーニュのモンジョワ・騎士道！開幕記念 ログインボーナス*
*開催期間中、1日1回 最大21回 ログインボーナスをプレゼント！*
`白銀の果実 X 1
`_2024-03-23 21:32:14_
--------
