【登录信息】
*cdce5e32ccc4663b4840e7ec4e8a6cf9*
`登陆天数: 19天 / 1415天
等级: 141
石头: 351
呼符: 26
体力: 66558.06333333334 / 140
友情点: 80 / 2225625`
*連続ログイン5日目
※ログインが途切れるか、7日到達すると
1日目から再開されます*
`叡智の業火 X 2
3月交換券(2024) X 1
`*「AnimeJapan 2024」出展記念 初回ログインボーナス*
*開催期間中、初回ログインで「聖晶石×10」をプレゼント！*
`聖晶石 X 10
`_2024-03-24 21:32:13_
--------
*2174d32711b19c31c9b5cedbb8b244e3*
`登陆天数: 19天 / 627天
等级: 58
石头: 349
呼符: 17
体力: 172971.26333333334 / 83
友情点: 50 / 172015`
*連続ログイン5日目
※ログインが途切れるか、7日到達すると
1日目から再開されます*
`叡智の業火 X 2
3月交換券(2024) X 1
`*「AnimeJapan 2024」出展記念 初回ログインボーナス*
*開催期間中、初回ログインで「聖晶石×10」をプレゼント！*
`聖晶石 X 10
`_2024-03-24 21:32:22_
--------
