【登录信息】
*cdce5e32ccc4663b4840e7ec4e8a6cf9*
`登陆天数: 20天 / 1416天
等级: 141
石头: 351
呼符: 26
体力: 66846.04333333333 / 140
友情点: 65 / 2225690`
*連続ログイン6日目
※ログインが途切れるか、7日到達すると
1日目から再開されます*
`聖晶石 X 2
3月交換券(2024) X 1
`*CBC2024 シャルルマーニュのモンジョワ・騎士道！開幕記念 ログインボーナス*
*開催期間中、1日1回 最大21回 ログインボーナスをプレゼント！*
`白銀の果実 X 1
`_2024-03-25 21:32:07_
--------
*2174d32711b19c31c9b5cedbb8b244e3*
`登陆天数: 20天 / 628天
等级: 58
石头: 349
呼符: 17
体力: 173259.24666666667 / 83
友情点: 10 / 172025`
*連続ログイン6日目
※ログインが途切れるか、7日到達すると
1日目から再開されます*
`聖晶石 X 2
3月交換券(2024) X 1
`*CBC2024 シャルルマーニュのモンジョワ・騎士道！開幕記念 ログインボーナス*
*開催期間中、1日1回 最大21回 ログインボーナスをプレゼント！*
`白銀の果実 X 1
`_2024-03-25 21:32:17_
--------
