【登录信息】
*cdce5e32ccc4663b4840e7ec4e8a6cf9*
`登陆天数: 24天 / 1420天
等级: 141
石头: 351
呼符: 26
体力: 67998.08666666667 / 140
友情点: 60 / 2225805`
*連続ログイン3日目
※ログインが途切れるか、7日到達すると
1日目から再開されます*
`叡智の業火 X 1
3月交換券(2024) X 1
`*Fate/Grand Order 春の新米マスター応援キャンペーン2024！
開催記念 初回ログインボーナス*
*開催期間中、初回ログインで「呼符×1」をプレゼント！*
`呼符 X 1
`_2024-03-29 21:32:20_
--------
*2174d32711b19c31c9b5cedbb8b244e3*
`登陆天数: 24天 / 632天
等级: 58
石头: 349
呼符: 17
体力: 174411.29 / 83
友情点: 60 / 172185`
*連続ログイン3日目
※ログインが途切れるか、7日到達すると
1日目から再開されます*
`叡智の業火 X 1
3月交換券(2024) X 1
`*Fate/Grand Order 春の新米マスター応援キャンペーン2024！
開催記念 初回ログインボーナス*
*開催期間中、初回ログインで「呼符×1」をプレゼント！*
`呼符 X 1
`_2024-03-29 21:32:29_
--------
