【登录信息】
*cdce5e32ccc4663b4840e7ec4e8a6cf9*
`登陆天数: 25天 / 1421天
等级: 141
石头: 351
呼符: 26
体力: 68286.15333333334 / 140
友情点: 220 / 2226025`
*連続ログイン4日目
※ログインが途切れるか、7日到達すると
1日目から再開されます*
`聖晶石 X 1
3月交換券(2024) X 1
`*Fate/Grand Order 春の新米マスター応援キャンペーン2024！
特別ログインボーナス*
*開催期間中、1日1回 最大7回 回数ログインボーナスをプレゼント！*
`聖晶石 X 1
`_2024-03-30 21:32:40_
--------
*2174d32711b19c31c9b5cedbb8b244e3*
`登陆天数: 25天 / 633天
等级: 58
石头: 349
呼符: 17
体力: 174699.35666666666 / 83
友情点: 60 / 172245`
*連続ログイン4日目
※ログインが途切れるか、7日到達すると
1日目から再開されます*
`聖晶石 X 1
3月交換券(2024) X 1
`*Fate/Grand Order 春の新米マスター応援キャンペーン2024！
特別ログインボーナス*
*開催期間中、1日1回 最大7回 回数ログインボーナスをプレゼント！*
`聖晶石 X 1
`_2024-03-30 21:32:49_
--------
